#
# There is insufficient memory for the Java Runtime Environment to continue.
# Native memory allocation (mmap) failed to map 169869312 bytes for G1 virtual space
# Possible reasons:
#   The system is out of physical RAM or swap space
#   The process is running with CompressedOops enabled, and the Java Heap may be blocking the growth of the native heap
# Possible solutions:
#   Reduce memory load on the system
#   Increase physical memory or swap space
#   Check if swap backing store is full
#   Decrease Java heap size (-Xmx/-Xms)
#   Decrease number of Java threads
#   Decrease Java thread stack sizes (-Xss)
#   Set larger code cache with -XX:ReservedCodeCacheSize=
#   JVM is running with Unscaled Compressed Oops mode in which the Java heap is
#     placed in the first 4GB address space. The Java Heap base address is the
#     maximum limit for the native heap growth. Please use -XX:HeapBaseMinAddress
#     to set the Java Heap base and to place the Java Heap above 4GB virtual address.
# This output file may be truncated or incomplete.
#
#  Out of Memory Error (os_windows.cpp:3530), pid=20800, tid=20884
#
# JRE version: Java(TM) SE Runtime Environment (18.0.2.1+1) (build 18.0.2.1+1-1)
# Java VM: Java HotSpot(TM) 64-Bit Server VM (18.0.2.1+1-1, mixed mode, sharing, tiered, compressed oops, compressed class ptrs, g1 gc, windows-amd64)
# No core dump will be written. Minidumps are not enabled by default on client versions of Windows
#

---------------  S U M M A R Y ------------

Command Line: -Dfile.encoding=UTF-8 --module-path=C:\Users\Amit\eclipse-workspace\TravelManagementSystem\bin;E:\Tushar Jain\Study Material\Ducat\JAVA\Software\mysql-connector-java-8.0.26.jar;E:\Tushar Jain\Study Material\Ducat\JAVA\Software\New folder\swingx-all-1.6.4.jar\swingx-all-1.6.4.jar -XX:+ShowCodeDetailsInExceptionMessages -Djdk.module.main=TravelManagementSysten TravelManagementSysten/Travel.Management.System.splash

Host: Intel(R) Core(TM) i3-5005U CPU @ 2.00GHz, 4 cores, 7G,  Windows 10 , 64 bit Build 19041 (10.0.19041.3636)
Time: Sun Feb  4 23:02:35 2024 India Standard Time elapsed time: 76.757257 seconds (0d 0h 1m 16s)

---------------  T H R E A D  ---------------

Current thread (0x000002012fd13420):  VMThread "VM Thread" [stack: 0x000000b3ae400000,0x000000b3ae500000] [id=20884]

Stack: [0x000000b3ae400000,0x000000b3ae500000]
Native frames: (J=compiled Java code, j=interpreted, Vv=VM code, C=native code)
V  [jvm.dll+0x6993aa]
V  [jvm.dll+0x7f46dd]
V  [jvm.dll+0x7f5fee]
V  [jvm.dll+0x7f66a3]
V  [jvm.dll+0x25cf1f]
V  [jvm.dll+0x6962f9]
V  [jvm.dll+0x68ae2a]
V  [jvm.dll+0x32255b]
V  [jvm.dll+0x329f36]
V  [jvm.dll+0x37eade]
V  [jvm.dll+0x37ed0f]
V  [jvm.dll+0x2fa2da]
V  [jvm.dll+0x2fa387]
V  [jvm.dll+0x33e8c2]
V  [jvm.dll+0x33ce64]
V  [jvm.dll+0x2f9ab0]
V  [jvm.dll+0x33c75d]
V  [jvm.dll+0x7fb48b]
V  [jvm.dll+0x7fc224]
V  [jvm.dll+0x7fc75c]
V  [jvm.dll+0x7fcbb4]
V  [jvm.dll+0x7fcc77]
V  [jvm.dll+0x7a120a]
V  [jvm.dll+0x698255]
C  [ucrtbase.dll+0x21bb2]
C  [KERNEL32.DLL+0x17344]
C  [ntdll.dll+0x526b1]

VM_Operation (0x000000b3adcfdff0): G1TryInitiateConcMark, mode: safepoint, requested by thread 0x00000201529b8ed0


---------------  P R O C E S S  ---------------

Threads class SMR info:
_java_thread_list=0x0000020152a28fe0, length=20, elements={
0x000002014d5b4a50, 0x000002014d5b6260, 0x000002014d5cd7d0, 0x000002014d5cf830,
0x000002014d5d1f50, 0x000002014d5d0270, 0x000002014d5d92c0, 0x000002014d5da490,
0x000002014d65a5e0, 0x000002014d5d3760, 0x000002014d5d3c30, 0x000002014d5d1a80,
0x000002014d5d3290, 0x000002014d5d0c10, 0x000002014d5d10e0, 0x000002014d5d2dc0,
0x000002014d5d15b0, 0x000002014d5d2420, 0x00000201529bb080, 0x00000201529b8ed0
}

Java Threads: ( => current thread )
  0x000002014d5b4a50 JavaThread "Reference Handler" daemon [_thread_blocked, id=20888, stack(0x000000b3ae500000,0x000000b3ae600000)]
  0x000002014d5b6260 JavaThread "Finalizer" daemon [_thread_blocked, id=20892, stack(0x000000b3ae600000,0x000000b3ae700000)]
  0x000002014d5cd7d0 JavaThread "Signal Dispatcher" daemon [_thread_blocked, id=20896, stack(0x000000b3ae700000,0x000000b3ae800000)]
  0x000002014d5cf830 JavaThread "Attach Listener" daemon [_thread_blocked, id=20900, stack(0x000000b3ae800000,0x000000b3ae900000)]
  0x000002014d5d1f50 JavaThread "Service Thread" daemon [_thread_blocked, id=20904, stack(0x000000b3ae900000,0x000000b3aea00000)]
  0x000002014d5d0270 JavaThread "Monitor Deflation Thread" daemon [_thread_blocked, id=20908, stack(0x000000b3aea00000,0x000000b3aeb00000)]
  0x000002014d5d92c0 JavaThread "C2 CompilerThread0" daemon [_thread_blocked, id=20912, stack(0x000000b3aeb00000,0x000000b3aec00000)]
  0x000002014d5da490 JavaThread "C1 CompilerThread0" daemon [_thread_blocked, id=20916, stack(0x000000b3aec00000,0x000000b3aed00000)]
  0x000002014d65a5e0 JavaThread "Sweeper thread" daemon [_thread_blocked, id=20920, stack(0x000000b3aed00000,0x000000b3aee00000)]
  0x000002014d5d3760 JavaThread "Common-Cleaner" daemon [_thread_blocked, id=20936, stack(0x000000b3aee00000,0x000000b3aef00000)]
  0x000002014d5d3c30 JavaThread "Notification Thread" daemon [_thread_blocked, id=20940, stack(0x000000b3aef00000,0x000000b3af000000)]
  0x000002014d5d1a80 JavaThread "Java2D Disposer" daemon [_thread_blocked, id=20948, stack(0x000000b3af100000,0x000000b3af200000)]
  0x000002014d5d3290 JavaThread "AWT-Shutdown" [_thread_blocked, id=20952, stack(0x000000b3af200000,0x000000b3af300000)]
  0x000002014d5d0c10 JavaThread "AWT-Windows" daemon [_thread_blocked, id=20956, stack(0x000000b3af300000,0x000000b3af400000)]
  0x000002014d5d10e0 JavaThread "AWT-EventQueue-0" [_thread_blocked, id=20980, stack(0x000000b3af900000,0x000000b3afa00000)]
  0x000002014d5d2dc0 JavaThread "DestroyJavaVM" [_thread_blocked, id=20848, stack(0x000000b3ade00000,0x000000b3adf00000)]
  0x000002014d5d15b0 JavaThread "TimerQueue" daemon [_thread_blocked, id=20988, stack(0x000000b3afa00000,0x000000b3afb00000)]
  0x000002014d5d2420 JavaThread "mysql-cj-abandoned-connection-cleanup" daemon [_thread_blocked, id=21012, stack(0x000000b3af400000,0x000000b3af500000)]
  0x00000201529bb080 JavaThread "Image Fetcher 0" daemon [_thread_blocked, id=21144, stack(0x000000b3adb00000,0x000000b3adc00000)]
  0x00000201529b8ed0 JavaThread "Image Fetcher 1" daemon [_thread_blocked, id=21148, stack(0x000000b3adc00000,0x000000b3add00000)]

Other Threads:
=>0x000002012fd13420 VMThread "VM Thread" [stack: 0x000000b3ae400000,0x000000b3ae500000] [id=20884]
  0x00000201518cc960 WatcherThread "VM Periodic Task Thread" [stack: 0x000000b3af000000,0x000000b3af100000] [id=20944]
  0x000002012fcfa080 WorkerThread "GC Thread#0" [stack: 0x000000b3adf00000,0x000000b3ae000000] [id=20852]
  0x0000020151bd6590 WorkerThread "GC Thread#1" [stack: 0x000000b3af500000,0x000000b3af600000] [id=20964]
  0x0000020151bd6d70 WorkerThread "GC Thread#2" [stack: 0x000000b3af600000,0x000000b3af700000] [id=20968]
  0x0000020151bd7010 WorkerThread "GC Thread#3" [stack: 0x000000b3af700000,0x000000b3af800000] [id=20972]
  0x000002012fd0c430 ConcurrentGCThread "G1 Main Marker" [stack: 0x000000b3ae000000,0x000000b3ae100000] [id=20856]
  0x000002012fd0d4d0 WorkerThread "G1 Conc#0" [stack: 0x000000b3ae100000,0x000000b3ae200000] [id=20860]
  0x000002012fd4b980 ConcurrentGCThread "G1 Refine#0" [stack: 0x000000b3ae200000,0x000000b3ae300000] [id=20876]
  0x000002012fd4c1a0 ConcurrentGCThread "G1 Service" [stack: 0x000000b3ae300000,0x000000b3ae400000] [id=20880]

Threads with active compile tasks:

VM state: at safepoint (normal execution)

VM Mutex/Monitor currently owned by a thread:  ([mutex/lock_event])
[0x000002012fc9a6a0] Threads_lock - owner thread: 0x000002012fd13420
[0x000002012fc99ad0] Heap_lock - owner thread: 0x00000201529b8ed0

Heap address: 0x0000000081200000, size: 2030 MB, Compressed Oops mode: 32-bit

CDS archive(s) mapped at: [0x0000000800000000-0x0000000800ba0000-0x0000000800ba0000), size 12189696, SharedBaseAddress: 0x0000000800000000, ArchiveRelocationMode: 0.
Compressed class space mapped at: 0x0000000800c00000-0x0000000840c00000, reserved size: 1073741824
Narrow klass base: 0x0000000800000000, Narrow klass shift: 0, Narrow klass range: 0x100000000

GC Precious Log:
 CardTable entry size: 512
 Card Set container configuration: InlinePtr #cards 5 size 8 Array Of Cards #cards 12 size 40 Howl #buckets 4 coarsen threshold 1843 Howl Bitmap #cards 512 size 80 coarsen threshold 460 Card regions per heap region 1 cards per card region 2048
 CPUs: 4 total, 4 available
 Memory: 8112M
 Large Page Support: Disabled
 NUMA Support: Disabled
 Compressed Oops: Enabled (32-bit)
 Heap Region Size: 1M
 Heap Min Capacity: 8M
 Heap Initial Capacity: 128M
 Heap Max Capacity: 2030M
 Pre-touch: Disabled
 Parallel Workers: 4
 Concurrent Workers: 1
 Concurrent Refinement Workers: 4
 Periodic GC: Disabled

Heap:
 garbage-first heap   total 209920K, used 118114K [0x0000000081200000, 0x0000000100000000)
  region size 1024K, 1 young (1024K), 1 survivors (1024K)
 Metaspace       used 19787K, committed 20032K, reserved 1114112K
  class space    used 2174K, committed 2304K, reserved 1048576K

Heap Regions: E=young(eden), S=young(survivor), O=old, HS=humongous(starts), HC=humongous(continues), CS=collection set, F=free, OA=open archive, CA=closed archive, TAMS=top-at-mark-start (previous, next)
|   0|0x0000000081200000, 0x0000000081300000, 0x0000000081300000|100%|HS|  |TAMS 0x0000000081300000, 0x0000000081300000| Complete 
|   1|0x0000000081300000, 0x0000000081400000, 0x0000000081400000|100%|HC|  |TAMS 0x0000000081400000, 0x0000000081400000| Complete 
|   2|0x0000000081400000, 0x0000000081500000, 0x0000000081500000|100%|HC|  |TAMS 0x0000000081500000, 0x0000000081500000| Complete 
|   3|0x0000000081500000, 0x0000000081600000, 0x0000000081600000|100%|HS|  |TAMS 0x0000000081600000, 0x0000000081600000| Complete 
|   4|0x0000000081600000, 0x0000000081700000, 0x0000000081700000|100%|HC|  |TAMS 0x0000000081700000, 0x0000000081700000| Complete 
|   5|0x0000000081700000, 0x0000000081800000, 0x0000000081800000|100%|HC|  |TAMS 0x0000000081800000, 0x0000000081800000| Complete 
|   6|0x0000000081800000, 0x0000000081900000, 0x0000000081900000|100%| O|  |TAMS 0x0000000081900000, 0x0000000081900000| Untracked 
|   7|0x0000000081900000, 0x0000000081a00000, 0x0000000081a00000|100%|HS|  |TAMS 0x0000000081a00000, 0x0000000081a00000| Complete 
|   8|0x0000000081a00000, 0x0000000081b00000, 0x0000000081b00000|100%|HC|  |TAMS 0x0000000081b00000, 0x0000000081b00000| Complete 
|   9|0x0000000081b00000, 0x0000000081c00000, 0x0000000081c00000|100%|HS|  |TAMS 0x0000000081c00000, 0x0000000081c00000| Complete 
|  10|0x0000000081c00000, 0x0000000081d00000, 0x0000000081d00000|100%|HC|  |TAMS 0x0000000081d00000, 0x0000000081d00000| Complete 
|  11|0x0000000081d00000, 0x0000000081e00000, 0x0000000081e00000|100%|HS|  |TAMS 0x0000000081e00000, 0x0000000081e00000| Complete 
|  12|0x0000000081e00000, 0x0000000081f00000, 0x0000000081f00000|100%|HC|  |TAMS 0x0000000081f00000, 0x0000000081f00000| Complete 
|  13|0x0000000081f00000, 0x0000000082000000, 0x0000000082000000|100%|HS|  |TAMS 0x0000000082000000, 0x0000000082000000| Complete 
|  14|0x0000000082000000, 0x0000000082100000, 0x0000000082100000|100%|HC|  |TAMS 0x0000000082100000, 0x0000000082100000| Complete 
|  15|0x0000000082100000, 0x0000000082200000, 0x0000000082200000|100%|HS|  |TAMS 0x0000000082200000, 0x0000000082200000| Complete 
|  16|0x0000000082200000, 0x0000000082300000, 0x0000000082300000|100%|HC|  |TAMS 0x0000000082300000, 0x0000000082300000| Complete 
|  17|0x0000000082300000, 0x0000000082400000, 0x0000000082400000|100%|HS|  |TAMS 0x0000000082400000, 0x0000000082400000| Complete 
|  18|0x0000000082400000, 0x0000000082500000, 0x0000000082500000|100%|HS|  |TAMS 0x0000000082500000, 0x0000000082500000| Complete 
|  19|0x0000000082500000, 0x0000000082600000, 0x0000000082600000|100%|HS|  |TAMS 0x0000000082600000, 0x0000000082600000| Complete 
|  20|0x0000000082600000, 0x0000000082700000, 0x0000000082700000|100%|HC|  |TAMS 0x0000000082700000, 0x0000000082700000| Complete 
|  21|0x0000000082700000, 0x0000000082800000, 0x0000000082800000|100%|HS|  |TAMS 0x0000000082800000, 0x0000000082800000| Complete 
|  22|0x0000000082800000, 0x0000000082900000, 0x0000000082900000|100%|HC|  |TAMS 0x0000000082900000, 0x0000000082900000| Complete 
|  23|0x0000000082900000, 0x0000000082a00000, 0x0000000082a00000|100%|HC|  |TAMS 0x0000000082a00000, 0x0000000082a00000| Complete 
|  24|0x0000000082a00000, 0x0000000082b00000, 0x0000000082b00000|100%|HC|  |TAMS 0x0000000082b00000, 0x0000000082b00000| Complete 
|  25|0x0000000082b00000, 0x0000000082c00000, 0x0000000082c00000|100%|HC|  |TAMS 0x0000000082c00000, 0x0000000082c00000| Complete 
|  26|0x0000000082c00000, 0x0000000082d00000, 0x0000000082d00000|100%|HC|  |TAMS 0x0000000082d00000, 0x0000000082d00000| Complete 
|  27|0x0000000082d00000, 0x0000000082e00000, 0x0000000082e00000|100%|HC|  |TAMS 0x0000000082e00000, 0x0000000082e00000| Complete 
|  28|0x0000000082e00000, 0x0000000082f00000, 0x0000000082f00000|100%|HS|  |TAMS 0x0000000082f00000, 0x0000000082f00000| Complete 
|  29|0x0000000082f00000, 0x0000000083000000, 0x0000000083000000|100%|HC|  |TAMS 0x0000000083000000, 0x0000000083000000| Complete 
|  30|0x0000000083000000, 0x0000000083100000, 0x0000000083100000|100%|HC|  |TAMS 0x0000000083100000, 0x0000000083100000| Complete 
|  31|0x0000000083100000, 0x0000000083200000, 0x0000000083200000|100%|HC|  |TAMS 0x0000000083200000, 0x0000000083200000| Complete 
|  32|0x0000000083200000, 0x0000000083300000, 0x0000000083300000|100%|HC|  |TAMS 0x0000000083300000, 0x0000000083300000| Complete 
|  33|0x0000000083300000, 0x0000000083400000, 0x0000000083400000|100%|HC|  |TAMS 0x0000000083400000, 0x0000000083400000| Complete 
|  34|0x0000000083400000, 0x0000000083500000, 0x0000000083500000|100%|HC|  |TAMS 0x0000000083500000, 0x0000000083500000| Complete 
|  35|0x0000000083500000, 0x0000000083600000, 0x0000000083600000|100%|HS|  |TAMS 0x0000000083600000, 0x0000000083600000| Complete 
|  36|0x0000000083600000, 0x0000000083700000, 0x0000000083700000|100%|HC|  |TAMS 0x0000000083700000, 0x0000000083700000| Complete 
|  37|0x0000000083700000, 0x0000000083800000, 0x0000000083800000|100%|HC|  |TAMS 0x0000000083800000, 0x0000000083800000| Complete 
|  38|0x0000000083800000, 0x0000000083900000, 0x0000000083900000|100%|HC|  |TAMS 0x0000000083900000, 0x0000000083900000| Complete 
|  39|0x0000000083900000, 0x0000000083a00000, 0x0000000083a00000|100%|HS|  |TAMS 0x0000000083a00000, 0x0000000083a00000| Complete 
|  40|0x0000000083a00000, 0x0000000083b00000, 0x0000000083b00000|100%|HS|  |TAMS 0x0000000083b00000, 0x0000000083b00000| Complete 
|  41|0x0000000083b00000, 0x0000000083c00000, 0x0000000083c00000|100%|HS|  |TAMS 0x0000000083c00000, 0x0000000083c00000| Complete 
|  42|0x0000000083c00000, 0x0000000083d00000, 0x0000000083d00000|100%|HS|  |TAMS 0x0000000083d00000, 0x0000000083d00000| Complete 
|  43|0x0000000083d00000, 0x0000000083e00000, 0x0000000083e00000|100%|HS|  |TAMS 0x0000000083e00000, 0x0000000083e00000| Complete 
|  44|0x0000000083e00000, 0x0000000083f00000, 0x0000000083f00000|100%|HS|  |TAMS 0x0000000083f00000, 0x0000000083f00000| Complete 
|  45|0x0000000083f00000, 0x0000000084000000, 0x0000000084000000|100%|HC|  |TAMS 0x0000000084000000, 0x0000000084000000| Complete 
|  46|0x0000000084000000, 0x0000000084100000, 0x0000000084100000|100%|HS|  |TAMS 0x0000000084100000, 0x0000000084100000| Complete 
|  47|0x0000000084100000, 0x0000000084200000, 0x0000000084200000|100%|HC|  |TAMS 0x0000000084200000, 0x0000000084200000| Complete 
|  48|0x0000000084200000, 0x0000000084300000, 0x0000000084300000|100%|HS|  |TAMS 0x0000000084300000, 0x0000000084300000| Complete 
|  49|0x0000000084300000, 0x0000000084400000, 0x0000000084400000|100%|HC|  |TAMS 0x0000000084400000, 0x0000000084400000| Complete 
|  50|0x0000000084400000, 0x0000000084500000, 0x0000000084500000|100%|HS|  |TAMS 0x0000000084500000, 0x0000000084500000| Complete 
|  51|0x0000000084500000, 0x0000000084600000, 0x0000000084600000|100%|HC|  |TAMS 0x0000000084600000, 0x0000000084600000| Complete 
|  52|0x0000000084600000, 0x0000000084700000, 0x0000000084700000|100%| O|  |TAMS 0x0000000084700000, 0x0000000084700000| Untracked 
|  53|0x0000000084700000, 0x0000000084800000, 0x0000000084800000|100%|HS|  |TAMS 0x0000000084800000, 0x0000000084800000| Complete 
|  54|0x0000000084800000, 0x0000000084900000, 0x0000000084900000|100%| O|  |TAMS 0x0000000084900000, 0x0000000084900000| Untracked 
|  55|0x0000000084900000, 0x0000000084a00000, 0x0000000084a00000|100%| O|  |TAMS 0x0000000084a00000, 0x0000000084a00000| Untracked 
|  56|0x0000000084a00000, 0x0000000084b00000, 0x0000000084b00000|100%| O|  |TAMS 0x0000000084b00000, 0x0000000084b00000| Untracked 
|  57|0x0000000084b00000, 0x0000000084c00000, 0x0000000084c00000|100%| O|  |TAMS 0x0000000084c00000, 0x0000000084c00000| Untracked 
|  58|0x0000000084c00000, 0x0000000084d00000, 0x0000000084d00000|100%|HS|  |TAMS 0x0000000084d00000, 0x0000000084d00000| Complete 
|  59|0x0000000084d00000, 0x0000000084e00000, 0x0000000084e00000|100%|HC|  |TAMS 0x0000000084e00000, 0x0000000084e00000| Complete 
|  60|0x0000000084e00000, 0x0000000084f00000, 0x0000000084f00000|100%|HS|  |TAMS 0x0000000084f00000, 0x0000000084f00000| Complete 
|  61|0x0000000084f00000, 0x0000000085000000, 0x0000000085000000|100%|HC|  |TAMS 0x0000000085000000, 0x0000000085000000| Complete 
|  62|0x0000000085000000, 0x0000000085100000, 0x0000000085100000|100%|HS|  |TAMS 0x0000000085100000, 0x0000000085100000| Complete 
|  63|0x0000000085100000, 0x0000000085200000, 0x0000000085200000|100%|HC|  |TAMS 0x0000000085200000, 0x0000000085200000| Complete 
|  64|0x0000000085200000, 0x0000000085300000, 0x0000000085300000|100%|HS|  |TAMS 0x0000000085300000, 0x0000000085300000| Complete 
|  65|0x0000000085300000, 0x0000000085400000, 0x0000000085400000|100%|HC|  |TAMS 0x0000000085400000, 0x0000000085400000| Complete 
|  66|0x0000000085400000, 0x0000000085500000, 0x0000000085500000|100%|HS|  |TAMS 0x0000000085500000, 0x0000000085500000| Complete 
|  67|0x0000000085500000, 0x0000000085600000, 0x0000000085600000|100%| O|  |TAMS 0x0000000085600000, 0x0000000085600000| Untracked 
|  68|0x0000000085600000, 0x0000000085700000, 0x0000000085700000|100%| O|  |TAMS 0x0000000085700000, 0x0000000085700000| Untracked 
|  69|0x0000000085700000, 0x0000000085800000, 0x0000000085800000|100%| O|  |TAMS 0x0000000085800000, 0x0000000085800000| Untracked 
|  70|0x0000000085800000, 0x0000000085900000, 0x0000000085900000|100%| O|  |TAMS 0x0000000085900000, 0x0000000085900000| Untracked 
|  71|0x0000000085900000, 0x00000000859c0200, 0x0000000085a00000| 75%| O|  |TAMS 0x00000000859bde00, 0x00000000859be800| Untracked 
|  72|0x0000000085a00000, 0x0000000085b00000, 0x0000000085b00000|100%|HS|  |TAMS 0x0000000085b00000, 0x0000000085b00000| Complete 
|  73|0x0000000085b00000, 0x0000000085c00000, 0x0000000085c00000|100%|HC|  |TAMS 0x0000000085c00000, 0x0000000085c00000| Complete 
|  74|0x0000000085c00000, 0x0000000085d00000, 0x0000000085d00000|100%|HS|  |TAMS 0x0000000085d00000, 0x0000000085d00000| Complete 
|  75|0x0000000085d00000, 0x0000000085e00000, 0x0000000085e00000|100%|HC|  |TAMS 0x0000000085e00000, 0x0000000085e00000| Complete 
|  76|0x0000000085e00000, 0x0000000085f00000, 0x0000000085f00000|100%|HS|  |TAMS 0x0000000085f00000, 0x0000000085f00000| Complete 
|  77|0x0000000085f00000, 0x0000000086000000, 0x0000000086000000|100%|HC|  |TAMS 0x0000000086000000, 0x0000000086000000| Complete 
|  78|0x0000000086000000, 0x0000000086100000, 0x0000000086100000|100%|HS|  |TAMS 0x0000000086100000, 0x0000000086100000| Complete 
|  79|0x0000000086100000, 0x0000000086200000, 0x0000000086200000|100%|HC|  |TAMS 0x0000000086200000, 0x0000000086200000| Complete 
|  80|0x0000000086200000, 0x0000000086300000, 0x0000000086300000|100%|HS|  |TAMS 0x0000000086300000, 0x0000000086300000| Complete 
|  81|0x0000000086300000, 0x0000000086400000, 0x0000000086400000|100%|HC|  |TAMS 0x0000000086400000, 0x0000000086400000| Complete 
|  82|0x0000000086400000, 0x0000000086500000, 0x0000000086500000|100%|HS|  |TAMS 0x0000000086500000, 0x0000000086500000| Complete 
|  83|0x0000000086500000, 0x0000000086600000, 0x0000000086600000|100%|HC|  |TAMS 0x0000000086600000, 0x0000000086600000| Complete 
|  84|0x0000000086600000, 0x0000000086700000, 0x0000000086700000|100%|HS|  |TAMS 0x0000000086700000, 0x0000000086700000| Complete 
|  85|0x0000000086700000, 0x0000000086800000, 0x0000000086800000|100%|HS|  |TAMS 0x0000000086800000, 0x0000000086800000| Complete 
|  86|0x0000000086800000, 0x0000000086900000, 0x0000000086900000|100%|HC|  |TAMS 0x0000000086900000, 0x0000000086900000| Complete 
|  87|0x0000000086900000, 0x0000000086a00000, 0x0000000086a00000|100%|HS|  |TAMS 0x0000000086a00000, 0x0000000086a00000| Complete 
|  88|0x0000000086a00000, 0x0000000086b00000, 0x0000000086b00000|100%|HC|  |TAMS 0x0000000086b00000, 0x0000000086b00000| Complete 
|  89|0x0000000086b00000, 0x0000000086c00000, 0x0000000086c00000|100%|HS|  |TAMS 0x0000000086c00000, 0x0000000086c00000| Complete 
|  90|0x0000000086c00000, 0x0000000086d00000, 0x0000000086d00000|100%|HC|  |TAMS 0x0000000086d00000, 0x0000000086d00000| Complete 
|  91|0x0000000086d00000, 0x0000000086e00000, 0x0000000086e00000|100%|HS|  |TAMS 0x0000000086e00000, 0x0000000086e00000| Complete 
|  92|0x0000000086e00000, 0x0000000086f00000, 0x0000000086f00000|100%|HC|  |TAMS 0x0000000086f00000, 0x0000000086f00000| Complete 
|  93|0x0000000086f00000, 0x0000000087000000, 0x0000000087000000|100%|HS|  |TAMS 0x0000000087000000, 0x0000000087000000| Complete 
|  94|0x0000000087000000, 0x0000000087100000, 0x0000000087100000|100%|HC|  |TAMS 0x0000000087100000, 0x0000000087100000| Complete 
|  95|0x0000000087100000, 0x0000000087200000, 0x0000000087200000|100%|HS|  |TAMS 0x0000000087200000, 0x0000000087200000| Complete 
|  96|0x0000000087200000, 0x0000000087300000, 0x0000000087300000|100%|HC|  |TAMS 0x0000000087300000, 0x0000000087300000| Complete 
|  97|0x0000000087300000, 0x0000000087400000, 0x0000000087400000|100%|HS|  |TAMS 0x0000000087400000, 0x0000000087400000| Complete 
|  98|0x0000000087400000, 0x0000000087500000, 0x0000000087500000|100%|HC|  |TAMS 0x0000000087500000, 0x0000000087500000| Complete 
|  99|0x0000000087500000, 0x0000000087600000, 0x0000000087600000|100%|HS|  |TAMS 0x0000000087600000, 0x0000000087600000| Complete 
| 100|0x0000000087600000, 0x0000000087700000, 0x0000000087700000|100%|HC|  |TAMS 0x0000000087700000, 0x0000000087700000| Complete 
| 101|0x0000000087700000, 0x0000000087800000, 0x0000000087800000|100%|HS|  |TAMS 0x0000000087800000, 0x0000000087800000| Complete 
| 102|0x0000000087800000, 0x0000000087900000, 0x0000000087900000|100%|HC|  |TAMS 0x0000000087900000, 0x0000000087900000| Complete 
| 103|0x0000000087900000, 0x0000000087a00000, 0x0000000087a00000|100%|HS|  |TAMS 0x0000000087a00000, 0x0000000087a00000| Complete 
| 104|0x0000000087a00000, 0x0000000087b00000, 0x0000000087b00000|100%|HC|  |TAMS 0x0000000087b00000, 0x0000000087b00000| Complete 
| 105|0x0000000087b00000, 0x0000000087c00000, 0x0000000087c00000|100%|HS|  |TAMS 0x0000000087c00000, 0x0000000087c00000| Complete 
| 106|0x0000000087c00000, 0x0000000087d00000, 0x0000000087d00000|100%|HC|  |TAMS 0x0000000087d00000, 0x0000000087d00000| Complete 
| 107|0x0000000087d00000, 0x0000000087e00000, 0x0000000087e00000|100%|HS|  |TAMS 0x0000000087e00000, 0x0000000087e00000| Complete 
| 108|0x0000000087e00000, 0x0000000087f00000, 0x0000000087f00000|100%|HC|  |TAMS 0x0000000087f00000, 0x0000000087f00000| Complete 
| 109|0x0000000087f00000, 0x0000000088000000, 0x0000000088000000|100%|HS|  |TAMS 0x0000000088000000, 0x0000000088000000| Complete 
| 110|0x0000000088000000, 0x0000000088100000, 0x0000000088100000|100%|HC|  |TAMS 0x0000000088100000, 0x0000000088100000| Complete 
| 111|0x0000000088100000, 0x0000000088200000, 0x0000000088200000|100%|HS|  |TAMS 0x0000000088200000, 0x0000000088200000| Complete 
| 112|0x0000000088200000, 0x0000000088300000, 0x0000000088300000|100%|HC|  |TAMS 0x0000000088300000, 0x0000000088300000| Complete 
| 113|0x0000000088300000, 0x0000000088400000, 0x0000000088400000|100%|HS|  |TAMS 0x0000000088300000, 0x0000000088400000| Complete 
| 114|0x0000000088400000, 0x0000000088500000, 0x0000000088500000|100%|HC|  |TAMS 0x0000000088400000, 0x0000000088500000| Complete 
| 115|0x0000000088500000, 0x0000000088500000, 0x0000000088600000|  0%| F|  |TAMS 0x0000000088500000, 0x0000000088500000| Untracked 
| 116|0x0000000088600000, 0x0000000088600000, 0x0000000088700000|  0%| F|  |TAMS 0x0000000088600000, 0x0000000088600000| Untracked 
| 117|0x0000000088700000, 0x0000000088700000, 0x0000000088800000|  0%| F|  |TAMS 0x0000000088700000, 0x0000000088700000| Untracked 
| 118|0x0000000088800000, 0x0000000088800000, 0x0000000088900000|  0%| F|  |TAMS 0x0000000088800000, 0x0000000088800000| Untracked 
| 119|0x0000000088900000, 0x0000000088900000, 0x0000000088a00000|  0%| F|  |TAMS 0x0000000088900000, 0x0000000088900000| Untracked 
| 120|0x0000000088a00000, 0x0000000088a00000, 0x0000000088b00000|  0%| F|  |TAMS 0x0000000088a00000, 0x0000000088a00000| Untracked 
| 121|0x0000000088b00000, 0x0000000088b00000, 0x0000000088c00000|  0%| F|  |TAMS 0x0000000088b00000, 0x0000000088b00000| Untracked 
| 122|0x0000000088c00000, 0x0000000088c00000, 0x0000000088d00000|  0%| F|  |TAMS 0x0000000088c00000, 0x0000000088c00000| Untracked 
| 123|0x0000000088d00000, 0x0000000088d00000, 0x0000000088e00000|  0%| F|  |TAMS 0x0000000088d00000, 0x0000000088d00000| Untracked 
| 124|0x0000000088e00000, 0x0000000088e00000, 0x0000000088f00000|  0%| F|  |TAMS 0x0000000088e00000, 0x0000000088e00000| Untracked 
| 125|0x0000000088f00000, 0x0000000088f00000, 0x0000000089000000|  0%| F|  |TAMS 0x0000000088f00000, 0x0000000088f00000| Untracked 
| 126|0x0000000089000000, 0x0000000089000000, 0x0000000089100000|  0%| F|  |TAMS 0x0000000089000000, 0x0000000089000000| Untracked 
| 127|0x0000000089100000, 0x0000000089100000, 0x0000000089200000|  0%| F|  |TAMS 0x0000000089100000, 0x0000000089100000| Untracked 
| 128|0x0000000089200000, 0x0000000089200000, 0x0000000089300000|  0%| F|  |TAMS 0x0000000089200000, 0x0000000089200000| Untracked 
| 129|0x0000000089300000, 0x0000000089300000, 0x0000000089400000|  0%| F|  |TAMS 0x0000000089300000, 0x0000000089300000| Untracked 
| 130|0x0000000089400000, 0x0000000089400000, 0x0000000089500000|  0%| F|  |TAMS 0x0000000089400000, 0x0000000089400000| Untracked 
| 131|0x0000000089500000, 0x0000000089500000, 0x0000000089600000|  0%| F|  |TAMS 0x0000000089500000, 0x0000000089500000| Untracked 
| 132|0x0000000089600000, 0x0000000089600000, 0x0000000089700000|  0%| F|  |TAMS 0x0000000089600000, 0x0000000089600000| Untracked 
| 133|0x0000000089700000, 0x0000000089700000, 0x0000000089800000|  0%| F|  |TAMS 0x0000000089700000, 0x0000000089700000| Untracked 
| 134|0x0000000089800000, 0x0000000089800000, 0x0000000089900000|  0%| F|  |TAMS 0x0000000089800000, 0x0000000089800000| Untracked 
| 135|0x0000000089900000, 0x0000000089900000, 0x0000000089a00000|  0%| F|  |TAMS 0x0000000089900000, 0x0000000089900000| Untracked 
| 136|0x0000000089a00000, 0x0000000089a00000, 0x0000000089b00000|  0%| F|  |TAMS 0x0000000089a00000, 0x0000000089a00000| Untracked 
| 137|0x0000000089b00000, 0x0000000089b00000, 0x0000000089c00000|  0%| F|  |TAMS 0x0000000089b00000, 0x0000000089b00000| Untracked 
| 138|0x0000000089c00000, 0x0000000089c00000, 0x0000000089d00000|  0%| F|  |TAMS 0x0000000089c00000, 0x0000000089c00000| Untracked 
| 139|0x0000000089d00000, 0x0000000089d00000, 0x0000000089e00000|  0%| F|  |TAMS 0x0000000089d00000, 0x0000000089d00000| Untracked 
| 140|0x0000000089e00000, 0x0000000089e00000, 0x0000000089f00000|  0%| F|  |TAMS 0x0000000089e00000, 0x0000000089e00000| Untracked 
| 141|0x0000000089f00000, 0x0000000089f00000, 0x000000008a000000|  0%| F|  |TAMS 0x0000000089f00000, 0x0000000089f00000| Untracked 
| 142|0x000000008a000000, 0x000000008a000000, 0x000000008a100000|  0%| F|  |TAMS 0x000000008a000000, 0x000000008a000000| Untracked 
| 143|0x000000008a100000, 0x000000008a100000, 0x000000008a200000|  0%| F|  |TAMS 0x000000008a100000, 0x000000008a100000| Untracked 
| 144|0x000000008a200000, 0x000000008a200000, 0x000000008a300000|  0%| F|  |TAMS 0x000000008a200000, 0x000000008a200000| Untracked 
| 145|0x000000008a300000, 0x000000008a300000, 0x000000008a400000|  0%| F|  |TAMS 0x000000008a300000, 0x000000008a300000| Untracked 
| 146|0x000000008a400000, 0x000000008a400000, 0x000000008a500000|  0%| F|  |TAMS 0x000000008a400000, 0x000000008a400000| Untracked 
| 147|0x000000008a500000, 0x000000008a500000, 0x000000008a600000|  0%| F|  |TAMS 0x000000008a500000, 0x000000008a500000| Untracked 
| 148|0x000000008a600000, 0x000000008a600000, 0x000000008a700000|  0%| F|  |TAMS 0x000000008a600000, 0x000000008a600000| Untracked 
| 149|0x000000008a700000, 0x000000008a700000, 0x000000008a800000|  0%| F|  |TAMS 0x000000008a700000, 0x000000008a700000| Untracked 
| 150|0x000000008a800000, 0x000000008a800000, 0x000000008a900000|  0%| F|  |TAMS 0x000000008a800000, 0x000000008a800000| Untracked 
| 151|0x000000008a900000, 0x000000008a900000, 0x000000008aa00000|  0%| F|  |TAMS 0x000000008a900000, 0x000000008a900000| Untracked 
| 152|0x000000008aa00000, 0x000000008aa00000, 0x000000008ab00000|  0%| F|  |TAMS 0x000000008aa00000, 0x000000008aa00000| Untracked 
| 153|0x000000008ab00000, 0x000000008ab00000, 0x000000008ac00000|  0%| F|  |TAMS 0x000000008ab00000, 0x000000008ab00000| Untracked 
| 154|0x000000008ac00000, 0x000000008ac00000, 0x000000008ad00000|  0%| F|  |TAMS 0x000000008ac00000, 0x000000008ac00000| Untracked 
| 155|0x000000008ad00000, 0x000000008ad00000, 0x000000008ae00000|  0%| F|  |TAMS 0x000000008ad00000, 0x000000008ad00000| Untracked 
| 156|0x000000008ae00000, 0x000000008ae00000, 0x000000008af00000|  0%| F|  |TAMS 0x000000008ae00000, 0x000000008ae00000| Untracked 
| 157|0x000000008af00000, 0x000000008af00000, 0x000000008b000000|  0%| F|  |TAMS 0x000000008af00000, 0x000000008af00000| Untracked 
| 158|0x000000008b000000, 0x000000008b000000, 0x000000008b100000|  0%| F|  |TAMS 0x000000008b000000, 0x000000008b000000| Untracked 
| 159|0x000000008b100000, 0x000000008b100000, 0x000000008b200000|  0%| F|  |TAMS 0x000000008b100000, 0x000000008b100000| Untracked 
| 160|0x000000008b200000, 0x000000008b200000, 0x000000008b300000|  0%| F|  |TAMS 0x000000008b200000, 0x000000008b200000| Untracked 
| 161|0x000000008b300000, 0x000000008b300000, 0x000000008b400000|  0%| F|  |TAMS 0x000000008b300000, 0x000000008b300000| Untracked 
| 162|0x000000008b400000, 0x000000008b400000, 0x000000008b500000|  0%| F|  |TAMS 0x000000008b400000, 0x000000008b400000| Untracked 
| 163|0x000000008b500000, 0x000000008b500000, 0x000000008b600000|  0%| F|  |TAMS 0x000000008b500000, 0x000000008b500000| Untracked 
| 164|0x000000008b600000, 0x000000008b600000, 0x000000008b700000|  0%| F|  |TAMS 0x000000008b600000, 0x000000008b600000| Untracked 
| 165|0x000000008b700000, 0x000000008b700000, 0x000000008b800000|  0%| F|  |TAMS 0x000000008b700000, 0x000000008b700000| Untracked 
| 166|0x000000008b800000, 0x000000008b800000, 0x000000008b900000|  0%| F|  |TAMS 0x000000008b800000, 0x000000008b800000| Untracked 
| 167|0x000000008b900000, 0x000000008b900000, 0x000000008ba00000|  0%| F|  |TAMS 0x000000008b900000, 0x000000008b900000| Untracked 
| 168|0x000000008ba00000, 0x000000008ba00000, 0x000000008bb00000|  0%| F|  |TAMS 0x000000008ba00000, 0x000000008ba00000| Untracked 
| 169|0x000000008bb00000, 0x000000008bb00000, 0x000000008bc00000|  0%| F|  |TAMS 0x000000008bb00000, 0x000000008bb00000| Untracked 
| 170|0x000000008bc00000, 0x000000008bc00000, 0x000000008bd00000|  0%| F|  |TAMS 0x000000008bc00000, 0x000000008bc00000| Untracked 
| 171|0x000000008bd00000, 0x000000008bd00000, 0x000000008be00000|  0%| F|  |TAMS 0x000000008bd00000, 0x000000008bd00000| Untracked 
| 172|0x000000008be00000, 0x000000008be00000, 0x000000008bf00000|  0%| F|  |TAMS 0x000000008be00000, 0x000000008be00000| Untracked 
| 173|0x000000008bf00000, 0x000000008bf00000, 0x000000008c000000|  0%| F|  |TAMS 0x000000008bf00000, 0x000000008bf00000| Untracked 
| 174|0x000000008c000000, 0x000000008c000000, 0x000000008c100000|  0%| F|  |TAMS 0x000000008c000000, 0x000000008c000000| Untracked 
| 175|0x000000008c100000, 0x000000008c100000, 0x000000008c200000|  0%| F|  |TAMS 0x000000008c100000, 0x000000008c100000| Untracked 
| 176|0x000000008c200000, 0x000000008c200000, 0x000000008c300000|  0%| F|  |TAMS 0x000000008c200000, 0x000000008c200000| Untracked 
| 177|0x000000008c300000, 0x000000008c300000, 0x000000008c400000|  0%| F|  |TAMS 0x000000008c300000, 0x000000008c300000| Untracked 
| 178|0x000000008c400000, 0x000000008c400000, 0x000000008c500000|  0%| F|  |TAMS 0x000000008c400000, 0x000000008c400000| Untracked 
| 179|0x000000008c500000, 0x000000008c500000, 0x000000008c600000|  0%| F|  |TAMS 0x000000008c500000, 0x000000008c500000| Untracked 
| 180|0x000000008c600000, 0x000000008c600000, 0x000000008c700000|  0%| F|  |TAMS 0x000000008c600000, 0x000000008c600000| Untracked 
| 181|0x000000008c700000, 0x000000008c700000, 0x000000008c800000|  0%| F|  |TAMS 0x000000008c700000, 0x000000008c700000| Untracked 
| 182|0x000000008c800000, 0x000000008c800000, 0x000000008c900000|  0%| F|  |TAMS 0x000000008c800000, 0x000000008c800000| Untracked 
| 183|0x000000008c900000, 0x000000008c900000, 0x000000008ca00000|  0%| F|  |TAMS 0x000000008c900000, 0x000000008c900000| Untracked 
| 184|0x000000008ca00000, 0x000000008ca00000, 0x000000008cb00000|  0%| F|  |TAMS 0x000000008ca00000, 0x000000008ca00000| Untracked 
| 185|0x000000008cb00000, 0x000000008cb00000, 0x000000008cc00000|  0%| F|  |TAMS 0x000000008cb00000, 0x000000008cb00000| Untracked 
| 186|0x000000008cc00000, 0x000000008cc00000, 0x000000008cd00000|  0%| F|  |TAMS 0x000000008cc00000, 0x000000008cc00000| Untracked 
| 187|0x000000008cd00000, 0x000000008cd00000, 0x000000008ce00000|  0%| F|  |TAMS 0x000000008cd00000, 0x000000008cd00000| Untracked 
| 188|0x000000008ce00000, 0x000000008ce00000, 0x000000008cf00000|  0%| F|  |TAMS 0x000000008ce00000, 0x000000008ce00000| Untracked 
| 189|0x000000008cf00000, 0x000000008cf00000, 0x000000008d000000|  0%| F|  |TAMS 0x000000008cf00000, 0x000000008cf00000| Untracked 
| 190|0x000000008d000000, 0x000000008d000000, 0x000000008d100000|  0%| F|  |TAMS 0x000000008d000000, 0x000000008d000000| Untracked 
| 191|0x000000008d100000, 0x000000008d100000, 0x000000008d200000|  0%| F|  |TAMS 0x000000008d100000, 0x000000008d100000| Untracked 
| 192|0x000000008d200000, 0x000000008d200000, 0x000000008d300000|  0%| F|  |TAMS 0x000000008d200000, 0x000000008d200000| Untracked 
| 193|0x000000008d300000, 0x000000008d300000, 0x000000008d400000|  0%| F|  |TAMS 0x000000008d300000, 0x000000008d300000| Untracked 
| 194|0x000000008d400000, 0x000000008d400000, 0x000000008d500000|  0%| F|  |TAMS 0x000000008d400000, 0x000000008d400000| Untracked 
| 195|0x000000008d500000, 0x000000008d500000, 0x000000008d600000|  0%| F|  |TAMS 0x000000008d500000, 0x000000008d500000| Untracked 
| 196|0x000000008d600000, 0x000000008d600000, 0x000000008d700000|  0%| F|  |TAMS 0x000000008d600000, 0x000000008d600000| Untracked 
| 197|0x000000008d700000, 0x000000008d700000, 0x000000008d800000|  0%| F|  |TAMS 0x000000008d700000, 0x000000008d700000| Untracked 
| 198|0x000000008d800000, 0x000000008d800000, 0x000000008d900000|  0%| F|  |TAMS 0x000000008d800000, 0x000000008d800000| Untracked 
| 199|0x000000008d900000, 0x000000008d900000, 0x000000008da00000|  0%| F|  |TAMS 0x000000008d900000, 0x000000008d900000| Untracked 
| 200|0x000000008da00000, 0x000000008da98688, 0x000000008db00000| 59%| S|CS|TAMS 0x000000008da00000, 0x000000008da00000| Complete 
| 201|0x000000008db00000, 0x000000008db00000, 0x000000008dc00000|  0%| F|  |TAMS 0x000000008db00000, 0x000000008db00000| Untracked 
| 202|0x000000008dc00000, 0x000000008dc00000, 0x000000008dd00000|  0%| F|  |TAMS 0x000000008dc00000, 0x000000008dc00000| Untracked 
| 203|0x000000008dd00000, 0x000000008dd00000, 0x000000008de00000|  0%| F|  |TAMS 0x000000008dd00000, 0x000000008dd00000| Untracked 
| 204|0x000000008de00000, 0x000000008de00000, 0x000000008df00000|  0%| F|  |TAMS 0x000000008de00000, 0x000000008de00000| Untracked 

Card table byte_map: [0x00000201469d0000,0x0000020146dd0000] _byte_map_base: 0x00000201465c7000

Marking Bits (Prev, Next): (CMBitMap*) 0x000002012fcfb5e0, (CMBitMap*) 0x000002012fcfb5a0
 Prev Bits: [0x0000020149190000, 0x000002014b148000)
 Next Bits: [0x00000201471d0000, 0x0000020149188000)

Polling page: 0x000002012dbd0000

Metaspace:

Usage:
  Non-class:     17.20 MB used.
      Class:      2.12 MB used.
       Both:     19.32 MB used.

Virtual space:
  Non-class space:       64.00 MB reserved,      17.31 MB ( 27%) committed,  1 nodes.
      Class space:        1.00 GB reserved,       2.25 MB ( <1%) committed,  1 nodes.
             Both:        1.06 GB reserved,      19.56 MB (  2%) committed. 

Chunk freelists:
   Non-Class:  2.38 MB
       Class:  1.70 MB
        Both:  4.08 MB

MaxMetaspaceSize: unlimited
CompressedClassSpaceSize: 1.00 GB
Initial GC threshold: 21.00 MB
Current GC threshold: 32.62 MB
CDS: on
MetaspaceReclaimPolicy: balanced
 - commit_granule_bytes: 65536.
 - commit_granule_words: 8192.
 - virtual_space_node_default_size: 8388608.
 - enlarge_chunks_in_place: 1.
 - new_chunks_are_fully_committed: 0.
 - uncommit_free_chunks: 1.
 - use_allocation_guard: 0.


Internal statistics:

num_allocs_failed_limit: 0.
num_arena_births: 172.
num_arena_deaths: 0.
num_vsnodes_births: 2.
num_vsnodes_deaths: 0.
num_space_committed: 313.
num_space_uncommitted: 0.
num_chunks_returned_to_freelist: 0.
num_chunks_taken_from_freelist: 396.
num_chunk_merges: 0.
num_chunk_splits: 237.
num_chunks_enlarged: 124.
num_inconsistent_stats: 0.

CodeHeap 'non-profiled nmethods': size=120000Kb used=1511Kb max_used=1511Kb free=118488Kb
 bounds [0x000002013f0a0000, 0x000002013f310000, 0x00000201465d0000]
CodeHeap 'profiled nmethods': size=120000Kb used=7415Kb max_used=7415Kb free=112584Kb
 bounds [0x0000020137b70000, 0x00000201382b0000, 0x000002013f0a0000]
CodeHeap 'non-nmethods': size=5760Kb used=1387Kb max_used=1426Kb free=4372Kb
 bounds [0x00000201375d0000, 0x0000020137840000, 0x0000020137b70000]
 total_blobs=4285 nmethods=3566 adapters=629
 compilation: enabled
              stopped_count=0, restarted_count=0
 full_count=0

Compilation events (20 events):
Event: 76.422 Thread 0x000002014d5da490 3573       1       java.util.Calendar::isLenient (5 bytes)
Event: 76.422 Thread 0x000002014d5da490 nmethod 3573 0x000002013f217c90 code [0x000002013f217e20, 0x000002013f217ef8]
Event: 76.440 Thread 0x000002014d5da490 3574       3       java.util.GregorianCalendar::computeFields (85 bytes)
Event: 76.441 Thread 0x000002014d5da490 nmethod 3574 0x00000201382a8290 code [0x00000201382a8480, 0x00000201382a8858]
Event: 76.441 Thread 0x000002014d5da490 3575       3       java.util.Calendar::setTimeInMillis (84 bytes)
Event: 76.441 Thread 0x000002014d5da490 nmethod 3575 0x00000201382a8990 code [0x00000201382a8b60, 0x00000201382a9088]
Event: 76.491 Thread 0x000002014d5d92c0 3576       4       java.io.BufferedInputStream::fill (203 bytes)
Event: 76.515 Thread 0x000002014d5d92c0 nmethod 3576 0x000002013f217f90 code [0x000002013f218180, 0x000002013f219128]
Event: 76.536 Thread 0x000002014d5d92c0 3577       4       java.io.WinNTFileSystem::isSlash (18 bytes)
Event: 76.536 Thread 0x000002014d5d92c0 nmethod 3577 0x000002013f219b90 code [0x000002013f219d00, 0x000002013f219d98]
Event: 76.537 Thread 0x000002014d5da490 3578   !   3       java.text.SimpleDateFormat::zeroPaddingNumber (270 bytes)
Event: 76.540 Thread 0x000002014d5da490 nmethod 3578 0x00000201382a9190 code [0x00000201382a9540, 0x00000201382ab0d8]
Event: 76.540 Thread 0x000002014d5da490 3579       3       java.lang.Math::min (46 bytes)
Event: 76.540 Thread 0x000002014d5da490 nmethod 3579 0x00000201382abe10 code [0x00000201382abfc0, 0x00000201382ac318]
Event: 76.588 Thread 0x000002014d5da490 3580       3       java.awt.Container::createHierarchyEvents (75 bytes)
Event: 76.589 Thread 0x000002014d5da490 nmethod 3580 0x00000201382ac390 code [0x00000201382ac5c0, 0x00000201382acd58]
Event: 76.589 Thread 0x000002014d5da490 3581       3       sun.net.www.MessageHeader::grow (92 bytes)
Event: 76.590 Thread 0x000002014d5da490 nmethod 3581 0x00000201382ad010 code [0x00000201382ad1e0, 0x00000201382ad778]
Event: 76.629 Thread 0x000002014d5da490 3582       3       sun.awt.image.ToolkitImage::getSource (22 bytes)
Event: 76.629 Thread 0x000002014d5da490 nmethod 3582 0x00000201382ad890 code [0x00000201382ada40, 0x00000201382adc68]

GC Heap History (20 events):
Event: 76.136 GC heap after
{Heap after GC invocations=22 (full 0):
 garbage-first heap   total 209920K, used 93593K [0x0000000081200000, 0x0000000100000000)
  region size 1024K, 1 young (1024K), 1 survivors (1024K)
 Metaspace       used 19755K, committed 19968K, reserved 1114112K
  class space    used 2174K, committed 2304K, reserved 1048576K
}
Event: 76.151 GC heap before
{Heap before GC invocations=22 (full 0):
 garbage-first heap   total 209920K, used 97689K [0x0000000081200000, 0x0000000100000000)
  region size 1024K, 4 young (4096K), 1 survivors (1024K)
 Metaspace       used 19756K, committed 19968K, reserved 1114112K
  class space    used 2174K, committed 2304K, reserved 1048576K
}
Event: 76.153 GC heap after
{Heap after GC invocations=23 (full 0):
 garbage-first heap   total 209920K, used 97461K [0x0000000081200000, 0x0000000100000000)
  region size 1024K, 3 young (3072K), 3 survivors (3072K)
 Metaspace       used 19756K, committed 19968K, reserved 1114112K
  class space    used 2174K, committed 2304K, reserved 1048576K
}
Event: 76.204 GC heap before
{Heap before GC invocations=24 (full 0):
 garbage-first heap   total 209920K, used 101557K [0x0000000081200000, 0x0000000100000000)
  region size 1024K, 6 young (6144K), 3 survivors (3072K)
 Metaspace       used 19756K, committed 19968K, reserved 1114112K
  class space    used 2174K, committed 2304K, reserved 1048576K
}
Event: 76.206 GC heap after
{Heap after GC invocations=25 (full 0):
 garbage-first heap   total 209920K, used 97591K [0x0000000081200000, 0x0000000100000000)
  region size 1024K, 1 young (1024K), 1 survivors (1024K)
 Metaspace       used 19756K, committed 19968K, reserved 1114112K
  class space    used 2174K, committed 2304K, reserved 1048576K
}
Event: 76.284 GC heap before
{Heap before GC invocations=26 (full 0):
 garbage-first heap   total 209920K, used 101687K [0x0000000081200000, 0x0000000100000000)
  region size 1024K, 4 young (4096K), 1 survivors (1024K)
 Metaspace       used 19757K, committed 19968K, reserved 1114112K
  class space    used 2174K, committed 2304K, reserved 1048576K
}
Event: 76.285 GC heap after
{Heap after GC invocations=27 (full 0):
 garbage-first heap   total 209920K, used 99644K [0x0000000081200000, 0x0000000100000000)
  region size 1024K, 1 young (1024K), 1 survivors (1024K)
 Metaspace       used 19757K, committed 19968K, reserved 1114112K
  class space    used 2174K, committed 2304K, reserved 1048576K
}
Event: 76.341 GC heap before
{Heap before GC invocations=28 (full 0):
 garbage-first heap   total 209920K, used 107836K [0x0000000081200000, 0x0000000100000000)
  region size 1024K, 6 young (6144K), 1 survivors (1024K)
 Metaspace       used 19757K, committed 19968K, reserved 1114112K
  class space    used 2174K, committed 2304K, reserved 1048576K
}
Event: 76.343 GC heap after
{Heap after GC invocations=29 (full 0):
 garbage-first heap   total 209920K, used 105612K [0x0000000081200000, 0x0000000100000000)
  region size 1024K, 3 young (3072K), 3 survivors (3072K)
 Metaspace       used 19757K, committed 19968K, reserved 1114112K
  class space    used 2174K, committed 2304K, reserved 1048576K
}
Event: 76.375 GC heap before
{Heap before GC invocations=30 (full 0):
 garbage-first heap   total 209920K, used 109708K [0x0000000081200000, 0x0000000100000000)
  region size 1024K, 6 young (6144K), 3 survivors (3072K)
 Metaspace       used 19765K, committed 19968K, reserved 1114112K
  class space    used 2174K, committed 2304K, reserved 1048576K
}
Event: 76.376 GC heap after
{Heap after GC invocations=31 (full 0):
 garbage-first heap   total 209920K, used 105791K [0x0000000081200000, 0x0000000100000000)
  region size 1024K, 1 young (1024K), 1 survivors (1024K)
 Metaspace       used 19765K, committed 19968K, reserved 1114112K
  class space    used 2174K, committed 2304K, reserved 1048576K
}
Event: 76.422 GC heap before
{Heap before GC invocations=32 (full 0):
 garbage-first heap   total 209920K, used 112959K [0x0000000081200000, 0x0000000100000000)
  region size 1024K, 5 young (5120K), 1 survivors (1024K)
 Metaspace       used 19781K, committed 20032K, reserved 1114112K
  class space    used 2174K, committed 2304K, reserved 1048576K
}
Event: 76.424 GC heap after
{Heap after GC invocations=33 (full 0):
 garbage-first heap   total 209920K, used 109906K [0x0000000081200000, 0x0000000100000000)
  region size 1024K, 1 young (1024K), 1 survivors (1024K)
 Metaspace       used 19781K, committed 20032K, reserved 1114112K
  class space    used 2174K, committed 2304K, reserved 1048576K
}
Event: 76.499 GC heap before
{Heap before GC invocations=34 (full 0):
 garbage-first heap   total 209920K, used 114002K [0x0000000081200000, 0x0000000100000000)
  region size 1024K, 4 young (4096K), 1 survivors (1024K)
 Metaspace       used 19783K, committed 20032K, reserved 1114112K
  class space    used 2174K, committed 2304K, reserved 1048576K
}
Event: 76.501 GC heap after
{Heap after GC invocations=35 (full 0):
 garbage-first heap   total 209920K, used 113842K [0x0000000081200000, 0x0000000100000000)
  region size 1024K, 3 young (3072K), 3 survivors (3072K)
 Metaspace       used 19783K, committed 20032K, reserved 1114112K
  class space    used 2174K, committed 2304K, reserved 1048576K
}
Event: 76.546 GC heap before
{Heap before GC invocations=36 (full 0):
 garbage-first heap   total 209920K, used 118962K [0x0000000081200000, 0x0000000100000000)
  region size 1024K, 7 young (7168K), 3 survivors (3072K)
 Metaspace       used 19785K, committed 20032K, reserved 1114112K
  class space    used 2174K, committed 2304K, reserved 1048576K
}
Event: 76.548 GC heap after
{Heap after GC invocations=37 (full 0):
 garbage-first heap   total 209920K, used 114002K [0x0000000081200000, 0x0000000100000000)
  region size 1024K, 1 young (1024K), 1 survivors (1024K)
 Metaspace       used 19785K, committed 20032K, reserved 1114112K
  class space    used 2174K, committed 2304K, reserved 1048576K
}
Event: 76.598 GC heap before
{Heap before GC invocations=38 (full 0):
 garbage-first heap   total 209920K, used 118098K [0x0000000081200000, 0x0000000100000000)
  region size 1024K, 4 young (4096K), 1 survivors (1024K)
 Metaspace       used 19786K, committed 20032K, reserved 1114112K
  class space    used 2174K, committed 2304K, reserved 1048576K
}
Event: 76.599 GC heap after
{Heap after GC invocations=39 (full 0):
 garbage-first heap   total 209920K, used 116049K [0x0000000081200000, 0x0000000100000000)
  region size 1024K, 1 young (1024K), 1 survivors (1024K)
 Metaspace       used 19786K, committed 20032K, reserved 1114112K
  class space    used 2174K, committed 2304K, reserved 1048576K
}
Event: 76.631 GC heap before
{Heap before GC invocations=40 (full 0):
 garbage-first heap   total 209920K, used 120145K [0x0000000081200000, 0x0000000100000000)
  region size 1024K, 4 young (4096K), 1 survivors (1024K)
 Metaspace       used 19787K, committed 20032K, reserved 1114112K
  class space    used 2174K, committed 2304K, reserved 1048576K
}

Deoptimization events (20 events):
Event: 69.780 Thread 0x000002014d5d10e0 DEOPT PACKING pc=0x000002013801c8ad sp=0x000000b3af9fd1a0
Event: 69.780 Thread 0x000002014d5d10e0 DEOPT UNPACKING pc=0x0000020137622b43 sp=0x000000b3af9fc628 mode 0
Event: 69.785 Thread 0x000002014d5d10e0 DEOPT PACKING pc=0x000002013801c8ad sp=0x000000b3af9fcd00
Event: 69.785 Thread 0x000002014d5d10e0 DEOPT UNPACKING pc=0x0000020137622b43 sp=0x000000b3af9fc188 mode 0
Event: 69.891 Thread 0x00000201529bb080 Uncommon trap: trap_request=0xffffffbe fr.pc=0x000002013f1d874c relative=0x000000000000510c
Event: 69.891 Thread 0x00000201529bb080 Uncommon trap: reason=profile_predicate action=maybe_recompile pc=0x000002013f1d874c method=sun.awt.image.PNGImageDecoder.produceImage()V @ 966 c2
Event: 69.891 Thread 0x00000201529bb080 DEOPT PACKING pc=0x000002013f1d874c sp=0x000000b3adbff0d0
Event: 69.891 Thread 0x00000201529bb080 DEOPT UNPACKING pc=0x00000201376223a3 sp=0x000000b3adbff040 mode 2
Event: 69.910 Thread 0x00000201529bb080 Uncommon trap: trap_request=0xffffffbe fr.pc=0x000002013f1d874c relative=0x000000000000510c
Event: 69.910 Thread 0x00000201529bb080 Uncommon trap: reason=profile_predicate action=maybe_recompile pc=0x000002013f1d874c method=sun.awt.image.PNGImageDecoder.produceImage()V @ 966 c2
Event: 69.910 Thread 0x00000201529bb080 DEOPT PACKING pc=0x000002013f1d874c sp=0x000000b3adbff0d0
Event: 69.910 Thread 0x00000201529bb080 DEOPT UNPACKING pc=0x00000201376223a3 sp=0x000000b3adbff040 mode 2
Event: 70.072 Thread 0x000002014d5d10e0 Uncommon trap: trap_request=0xffffffde fr.pc=0x000002013f196d5c relative=0x000000000000453c
Event: 70.072 Thread 0x000002014d5d10e0 Uncommon trap: reason=class_check action=maybe_recompile pc=0x000002013f196d5c method=java.awt.EventQueue.coalesceEvent(Ljava/awt/AWTEvent;I)Z @ 61 c2
Event: 70.072 Thread 0x000002014d5d10e0 DEOPT PACKING pc=0x000002013f196d5c sp=0x000000b3af9fef20
Event: 70.072 Thread 0x000002014d5d10e0 DEOPT UNPACKING pc=0x00000201376223a3 sp=0x000000b3af9fed60 mode 2
Event: 71.472 Thread 0x000002014d5d10e0 Uncommon trap: trap_request=0xffffffde fr.pc=0x000002013f196d5c relative=0x000000000000453c
Event: 71.472 Thread 0x000002014d5d10e0 Uncommon trap: reason=class_check action=maybe_recompile pc=0x000002013f196d5c method=java.awt.EventQueue.coalesceEvent(Ljava/awt/AWTEvent;I)Z @ 61 c2
Event: 71.473 Thread 0x000002014d5d10e0 DEOPT PACKING pc=0x000002013f196d5c sp=0x000000b3af9fdfa0
Event: 71.473 Thread 0x000002014d5d10e0 DEOPT UNPACKING pc=0x00000201376223a3 sp=0x000000b3af9fdde0 mode 2

Classes loaded (20 events):
Event: 33.605 Loading class sun/nio/cs/Surrogate$Parser
Event: 33.605 Loading class sun/nio/cs/Surrogate$Parser done
Event: 33.606 Loading class sun/nio/cs/Surrogate
Event: 33.606 Loading class sun/nio/cs/Surrogate done
Event: 33.664 Loading class sun/awt/windows/WChoicePeer$1
Event: 33.664 Loading class java/awt/event/WindowAdapter
Event: 33.665 Loading class java/awt/event/WindowAdapter done
Event: 33.665 Loading class sun/awt/windows/WChoicePeer$1 done
Event: 33.718 Loading class javax/swing/SwingHeavyWeight
Event: 33.718 Loading class javax/swing/SwingHeavyWeight done
Event: 33.744 Loading class java/awt/Event
Event: 33.744 Loading class java/awt/Event done
Event: 41.854 Loading class sun/security/ssl/Alert
Event: 41.870 Loading class sun/security/ssl/Alert done
Event: 41.871 Loading class sun/security/ssl/Alert$AlertConsumer
Event: 41.871 Loading class sun/security/ssl/Alert$AlertConsumer done
Event: 41.871 Loading class sun/security/ssl/Alert$Level
Event: 41.871 Loading class sun/security/ssl/Alert$Level done
Event: 56.373 Loading class java/security/DomainCombiner
Event: 56.388 Loading class java/security/DomainCombiner done

Classes unloaded (0 events):
No events

Classes redefined (0 events):
No events

Internal exceptions (20 events):
Event: 0.786 Thread 0x000002012fc9b010 Exception <a 'java/lang/ClassNotFoundException'{0x0000000088bbd1a8}: com/sun/swing/internal/plaf/metal/resources/spi/metalProvider> (0x0000000088bbd1a8) 
thrown [s\open\src\hotspot\share\classfile\systemDictionary.cpp, line 255]
Event: 0.788 Thread 0x000002012fc9b010 Exception <a 'java/lang/ClassNotFoundException'{0x0000000088bc11e0}: com/sun/swing/internal/plaf/basic/resources/spi/basicProvider> (0x0000000088bc11e0) 
thrown [s\open\src\hotspot\share\classfile\systemDictionary.cpp, line 255]
Event: 0.797 Thread 0x000002012fc9b010 Implicit null exception at 0x000002013f0c9f58 to 0x000002013f0c9fee
Event: 0.802 Thread 0x000002012fc9b010 Exception <a 'java/lang/NoSuchMethodError'{0x0000000088be1918}: 'int java.lang.invoke.Invokers$Holder.invokeExact_MT(java.lang.Object, java.lang.Object)'> (0x0000000088be1918) 
thrown [s\open\src\hotspot\share\interpreter\linkResolver.cpp, line 759]
Event: 0.889 Thread 0x000002014d5d28f0 Exception <a 'java/lang/NoSuchMethodError'{0x000000008897aed8}: 'java.lang.Object java.lang.invoke.DirectMethodHandle$Holder.newInvokeSpecial(java.lang.Object, java.lang.Object, java.lang.Object, int, int, int, int, int)'> (0x000000008897aed8) 
thrown [s\open\src\hotspot\share\interpreter\linkResolver.cpp, line 759]
Event: 1.060 Thread 0x000002012fc9b010 Exception <a 'java/lang/NoSuchMethodError'{0x00000000890ca420}: 'void java.lang.invoke.DirectMethodHandle$Holder.invokeStaticInit(java.lang.Object)'> (0x00000000890ca420) 
thrown [s\open\src\hotspot\share\interpreter\linkResolver.cpp, line 759]
Event: 1.139 Thread 0x000002012fc9b010 Exception <a 'sun/nio/fs/WindowsException'{0x0000000088f734a0}> (0x0000000088f734a0) 
thrown [s\open\src\hotspot\share\prims\jni.cpp, line 516]
Event: 4.228 Thread 0x000002014d5d28f0 Implicit null exception at 0x000002013f0da68a to 0x000002013f0dadf4
Event: 14.751 Thread 0x000002014d5d10e0 Exception <a 'sun/nio/fs/WindowsException'{0x00000000883271c0}> (0x00000000883271c0) 
thrown [s\open\src\hotspot\share\prims\jni.cpp, line 516]
Event: 14.804 Thread 0x000002014d5d10e0 Exception <a 'java/lang/NoSuchMethodError'{0x0000000088294bc0}: 'void java.lang.invoke.DirectMethodHandle$Holder.invokeStatic(java.lang.Object, java.lang.Object, java.lang.Object)'> (0x0000000088294bc0) 
thrown [s\open\src\hotspot\share\interpreter\linkResolver.cpp, line 759]
Event: 14.806 Thread 0x000002014d5d10e0 Exception <a 'java/lang/NoSuchMethodError'{0x000000008829ecd8}: 'java.lang.Object java.lang.invoke.DirectMethodHandle$Holder.invokeVirtual(java.lang.Object, java.lang.Object, java.lang.Object)'> (0x000000008829ecd8) 
thrown [s\open\src\hotspot\share\interpreter\linkResolver.cpp, line 759]
Event: 14.917 Thread 0x000002014d5d10e0 Exception <a 'sun/nio/fs/WindowsException'{0x0000000087fff1f0}> (0x0000000087fff1f0) 
thrown [s\open\src\hotspot\share\prims\jni.cpp, line 516]
Event: 14.932 Thread 0x000002014d5d10e0 Exception <a 'java/lang/ClassNotFoundException'{0x0000000087e09c60}: jdk/net/ExtendedSocketOptions> (0x0000000087e09c60) 
thrown [s\open\src\hotspot\share\classfile\systemDictionary.cpp, line 255]
Event: 14.933 Thread 0x000002014d5d10e0 Exception <a 'java/lang/NoSuchMethodError'{0x0000000087e0b928}: 'void java.lang.invoke.DirectMethodHandle$Holder.invokeStatic(java.lang.Object, java.lang.Object)'> (0x0000000087e0b928) 
thrown [s\open\src\hotspot\share\interpreter\linkResolver.cpp, line 759]
Event: 15.020 Thread 0x000002014d5d10e0 Exception <a 'java/lang/NoSuchMethodError'{0x0000000087de1d08}: 'void java.lang.invoke.DirectMethodHandle$Holder.invokeStaticInit(java.lang.Object, java.lang.Object)'> (0x0000000087de1d08) 
thrown [s\open\src\hotspot\share\interpreter\linkResolver.cpp, line 759]
Event: 15.098 Thread 0x000002014d5d10e0 Exception <a 'sun/nio/fs/WindowsException'{0x0000000087b5fe70}> (0x0000000087b5fe70) 
thrown [s\open\src\hotspot\share\prims\jni.cpp, line 516]
Event: 15.105 Thread 0x000002014d5d10e0 Exception <a 'sun/nio/fs/WindowsException'{0x0000000087b744e8}> (0x0000000087b744e8) 
thrown [s\open\src\hotspot\share\prims\jni.cpp, line 516]
Event: 15.205 Thread 0x000002014d5d10e0 Exception <a 'java/lang/NoSuchMethodError'{0x0000000087aa5d38}: 'java.lang.Object java.lang.invoke.DirectMethodHandle$Holder.invokeStaticInit(java.lang.Object, int, int, int, int)'> (0x0000000087aa5d38) 
thrown [s\open\src\hotspot\share\interpreter\linkResolver.cpp, line 759]
Event: 15.285 Thread 0x000002014d5d10e0 Exception <a 'java/lang/NoSuchMethodError'{0x0000000087ac8c78}: 'java.lang.Object java.lang.invoke.DirectMethodHandle$Holder.invokeStaticInit(java.lang.Object, java.lang.Object, int, int, int, int)'> (0x0000000087ac8c78) 
thrown [s\open\src\hotspot\share\interpreter\linkResolver.cpp, line 759]
Event: 19.649 Thread 0x00000201529ba6e0 Implicit null exception at 0x000002013f15a732 to 0x000002013f15aa78

VM Operations (20 events):
Event: 76.457 Executing VM operation: G1Concurrent done
Event: 76.499 Executing VM operation: G1TryInitiateConcMark
Event: 76.501 Executing VM operation: G1TryInitiateConcMark done
Event: 76.526 Executing VM operation: G1Concurrent
Event: 76.529 Executing VM operation: G1Concurrent done
Event: 76.538 Executing VM operation: G1Concurrent
Event: 76.539 Executing VM operation: G1Concurrent done
Event: 76.546 Executing VM operation: G1TryInitiateConcMark
Event: 76.548 Executing VM operation: G1TryInitiateConcMark done
Event: 76.579 Executing VM operation: G1Concurrent
Event: 76.581 Executing VM operation: G1Concurrent done
Event: 76.591 Executing VM operation: G1Concurrent
Event: 76.591 Executing VM operation: G1Concurrent done
Event: 76.598 Executing VM operation: G1TryInitiateConcMark
Event: 76.599 Executing VM operation: G1TryInitiateConcMark done
Event: 76.618 Executing VM operation: G1Concurrent
Event: 76.621 Executing VM operation: G1Concurrent done
Event: 76.630 Executing VM operation: G1Concurrent
Event: 76.630 Executing VM operation: G1Concurrent done
Event: 76.631 Executing VM operation: G1TryInitiateConcMark

Events (20 events):
Event: 2.741 Thread 0x000002014d5d2dc0 Thread added: 0x000002014d5d2dc0
Event: 4.327 Thread 0x000002014d5d15b0 Thread added: 0x000002014d5d15b0
Event: 4.419 Thread 0x000002014d5d0740 Thread exited: 0x000002014d5d0740
Event: 9.248 Thread 0x000002014d5d28f0 Thread exited: 0x000002014d5d28f0
Event: 14.743 Thread 0x000002014d5d2420 Thread added: 0x000002014d5d2420
Event: 15.346 Loaded shared library C:\Program Files\Java\jdk-18.0.2.1\bin\sunmscapi.dll
Event: 16.019 Thread 0x00000201529bba20 Thread added: 0x00000201529bba20
Event: 17.634 Thread 0x00000201529bf3e0 Thread added: 0x00000201529bf3e0
Event: 17.669 Thread 0x00000201529ba6e0 Thread added: 0x00000201529ba6e0
Event: 18.168 Thread 0x00000201529bba20 Thread exited: 0x00000201529bba20
Event: 38.508 Thread 0x00000201529bf3e0 Thread exited: 0x00000201529bf3e0
Event: 38.508 Thread 0x00000201529ba6e0 Thread exited: 0x00000201529ba6e0
Event: 41.817 Thread 0x00000201529babb0 Thread added: 0x00000201529babb0
Event: 46.884 Thread 0x00000201529bb080 Thread added: 0x00000201529bb080
Event: 47.833 Thread 0x00000201529bdbd0 Thread added: 0x00000201529bdbd0
Event: 52.809 Thread 0x00000201529bb080 Thread exited: 0x00000201529bb080
Event: 52.841 Thread 0x00000201529babb0 Thread exited: 0x00000201529babb0
Event: 56.936 Thread 0x00000201529bdbd0 Thread exited: 0x00000201529bdbd0
Event: 69.845 Thread 0x00000201529bb080 Thread added: 0x00000201529bb080
Event: 69.908 Thread 0x00000201529b8ed0 Thread added: 0x00000201529b8ed0


Dynamic libraries:
0x00007ff6d4830000 - 0x00007ff6d4840000 	C:\Program Files\Java\jdk-18.0.2.1\bin\javaw.exe
0x00007fff5d070000 - 0x00007fff5d268000 	C:\WINDOWS\SYSTEM32\ntdll.dll
0x00007fff5cae0000 - 0x00007fff5cb9d000 	C:\WINDOWS\System32\KERNEL32.DLL
0x00007fff5a7e0000 - 0x00007fff5aad6000 	C:\WINDOWS\System32\KERNELBASE.dll
0x00007fff5af20000 - 0x00007fff5b020000 	C:\WINDOWS\System32\ucrtbase.dll
0x00007fff14210000 - 0x00007fff14228000 	C:\Program Files\Java\jdk-18.0.2.1\bin\jli.dll
0x00007fff5c2a0000 - 0x00007fff5c353000 	C:\WINDOWS\System32\ADVAPI32.dll
0x00007fff5c360000 - 0x00007fff5c3fe000 	C:\WINDOWS\System32\msvcrt.dll
0x00007fff5c070000 - 0x00007fff5c10f000 	C:\WINDOWS\System32\sechost.dll
0x00007fff174f0000 - 0x00007fff1750a000 	C:\Program Files\Java\jdk-18.0.2.1\bin\VCRUNTIME140.dll
0x00007fff5c9b0000 - 0x00007fff5cad6000 	C:\WINDOWS\System32\RPCRT4.dll
0x00007fff5a740000 - 0x00007fff5a767000 	C:\WINDOWS\System32\bcrypt.dll
0x00007fff5bc80000 - 0x00007fff5be1e000 	C:\WINDOWS\System32\USER32.dll
0x00007fff5aef0000 - 0x00007fff5af12000 	C:\WINDOWS\System32\win32u.dll
0x00007fff5ccc0000 - 0x00007fff5ccec000 	C:\WINDOWS\System32\GDI32.dll
0x00007fff4f240000 - 0x00007fff4f4da000 	C:\WINDOWS\WinSxS\amd64_microsoft.windows.common-controls_6595b64144ccf1df_6.0.19041.3636_none_60b6a03d71f818d5\COMCTL32.dll
0x00007fff5ab70000 - 0x00007fff5ac8a000 	C:\WINDOWS\System32\gdi32full.dll
0x00007fff5b020000 - 0x00007fff5b0bd000 	C:\WINDOWS\System32\msvcp_win.dll
0x00007fff4acf0000 - 0x00007fff4acfa000 	C:\WINDOWS\SYSTEM32\VERSION.dll
0x00007fff5c040000 - 0x00007fff5c070000 	C:\WINDOWS\System32\IMM32.DLL
0x00007fff561e0000 - 0x00007fff561ec000 	C:\Program Files\Java\jdk-18.0.2.1\bin\vcruntime140_1.dll
0x00007fff13b30000 - 0x00007fff13bbd000 	C:\Program Files\Java\jdk-18.0.2.1\bin\msvcp140.dll
0x00007ffefddd0000 - 0x00007ffefe9e1000 	C:\Program Files\Java\jdk-18.0.2.1\bin\server\jvm.dll
0x00007fff5c110000 - 0x00007fff5c118000 	C:\WINDOWS\System32\PSAPI.DLL
0x00007fff56090000 - 0x00007fff56099000 	C:\WINDOWS\SYSTEM32\WSOCK32.dll
0x00007fff5c230000 - 0x00007fff5c29b000 	C:\WINDOWS\System32\WS2_32.dll
0x00007fff55820000 - 0x00007fff55847000 	C:\WINDOWS\SYSTEM32\WINMM.dll
0x00007fff585f0000 - 0x00007fff58602000 	C:\WINDOWS\SYSTEM32\kernel.appcore.dll
0x00007fff52c00000 - 0x00007fff52c0a000 	C:\Program Files\Java\jdk-18.0.2.1\bin\jimage.dll
0x00007fff497b0000 - 0x00007fff49994000 	C:\WINDOWS\SYSTEM32\DBGHELP.DLL
0x00007fff49770000 - 0x00007fff497a4000 	C:\WINDOWS\SYSTEM32\dbgcore.DLL
0x00007fff5aae0000 - 0x00007fff5ab62000 	C:\WINDOWS\System32\bcryptPrimitives.dll
0x00007fff13ff0000 - 0x00007fff14015000 	C:\Program Files\Java\jdk-18.0.2.1\bin\java.dll
0x00007fff13a50000 - 0x00007fff13b26000 	C:\Program Files\Java\jdk-18.0.2.1\bin\jsvml.dll
0x00007fff5b0c0000 - 0x00007fff5b805000 	C:\WINDOWS\System32\SHELL32.dll
0x00007fff587f0000 - 0x00007fff58f8b000 	C:\WINDOWS\SYSTEM32\windows.storage.dll
0x00007fff5c640000 - 0x00007fff5c994000 	C:\WINDOWS\System32\combase.dll
0x00007fff5a100000 - 0x00007fff5a12d000 	C:\WINDOWS\SYSTEM32\Wldp.dll
0x00007fff5c120000 - 0x00007fff5c1cd000 	C:\WINDOWS\System32\SHCORE.dll
0x00007fff5c1d0000 - 0x00007fff5c225000 	C:\WINDOWS\System32\shlwapi.dll
0x00007fff5a670000 - 0x00007fff5a695000 	C:\WINDOWS\SYSTEM32\profapi.dll
0x00007fff141f0000 - 0x00007fff14203000 	C:\Program Files\Java\jdk-18.0.2.1\bin\net.dll
0x00007fff4dbe0000 - 0x00007fff4dcea000 	C:\WINDOWS\SYSTEM32\WINHTTP.dll
0x00007fff59e60000 - 0x00007fff59eca000 	C:\WINDOWS\system32\mswsock.dll
0x00007fff13fd0000 - 0x00007fff13fe6000 	C:\Program Files\Java\jdk-18.0.2.1\bin\nio.dll
0x00007fff13fb0000 - 0x00007fff13fc8000 	C:\Program Files\Java\jdk-18.0.2.1\bin\zip.dll
0x00007fff12350000 - 0x00007fff124df000 	C:\Program Files\Java\jdk-18.0.2.1\bin\awt.dll
0x00007fff5bee0000 - 0x00007fff5bfad000 	C:\WINDOWS\System32\OLEAUT32.dll
0x00007fff58020000 - 0x00007fff580b0000 	C:\WINDOWS\SYSTEM32\apphelp.dll
0x00007fff58300000 - 0x00007fff5832f000 	C:\WINDOWS\system32\DWMAPI.DLL
0x00007fff58220000 - 0x00007fff582be000 	C:\WINDOWS\system32\uxtheme.dll
0x00007fff402a0000 - 0x00007fff403c5000 	C:\WINDOWS\system32\opengl32.dll
0x00007fff42190000 - 0x00007fff421bc000 	C:\WINDOWS\SYSTEM32\GLU32.dll
0x00007fff5cba0000 - 0x00007fff5ccb4000 	C:\WINDOWS\System32\MSCTF.dll
0x00007fff5cd50000 - 0x00007fff5ce7b000 	C:\WINDOWS\System32\ole32.dll
0x00007fff4f870000 - 0x00007fff4f89d000 	C:\Program Files\Java\jdk-18.0.2.1\bin\javajpeg.dll
0x00007fff4d3c0000 - 0x00007fff4d446000 	C:\Program Files\Java\jdk-18.0.2.1\bin\freetype.dll
0x00007fff122a0000 - 0x00007fff12348000 	C:\Program Files\Java\jdk-18.0.2.1\bin\fontmanager.dll
0x00007fff50cc0000 - 0x00007fff50db9000 	C:\WINDOWS\SYSTEM32\textinputframework.dll
0x00007fff57660000 - 0x00007fff579bb000 	C:\WINDOWS\System32\CoreUIComponents.dll
0x00007fff57d40000 - 0x00007fff57e32000 	C:\WINDOWS\System32\CoreMessaging.dll
0x00007fff598b0000 - 0x00007fff598e3000 	C:\WINDOWS\SYSTEM32\ntmarta.dll
0x00007fff568f0000 - 0x00007fff56a45000 	C:\WINDOWS\SYSTEM32\wintypes.dll
0x00007fff5c4b0000 - 0x00007fff5c559000 	C:\WINDOWS\System32\clbcatq.dll
0x00007fff55090000 - 0x00007fff55244000 	C:\WINDOWS\SYSTEM32\WindowsCodecs.dll
0x00007fff40640000 - 0x00007fff4067e000 	C:\WINDOWS\system32\dataexchange.dll
0x00007fff565a0000 - 0x00007fff56803000 	C:\WINDOWS\system32\d3d11.dll
0x00007fff57470000 - 0x00007fff57653000 	C:\WINDOWS\system32\dcomp.dll
0x00007fff58ff0000 - 0x00007fff590e3000 	C:\WINDOWS\system32\dxgi.dll
0x00007fff54dd0000 - 0x00007fff54fd3000 	C:\WINDOWS\system32\twinapi.appcore.dll
0x00007fff59b90000 - 0x00007fff59c5a000 	C:\WINDOWS\SYSTEM32\DNSAPI.dll
0x00007fff59b50000 - 0x00007fff59b8b000 	C:\WINDOWS\SYSTEM32\IPHLPAPI.DLL
0x00007fff5c420000 - 0x00007fff5c428000 	C:\WINDOWS\System32\NSI.dll
0x00007fff4b550000 - 0x00007fff4b55a000 	C:\Windows\System32\rasadhlp.dll
0x00007fff4bd50000 - 0x00007fff4bdd0000 	C:\WINDOWS\System32\fwpuclnt.dll
0x00007fff5a050000 - 0x00007fff5a068000 	C:\WINDOWS\SYSTEM32\CRYPTSP.dll
0x00007fff59790000 - 0x00007fff597c4000 	C:\WINDOWS\system32\rsaenh.dll
0x00007fff5a630000 - 0x00007fff5a65e000 	C:\WINDOWS\SYSTEM32\USERENV.dll
0x00007fff5a070000 - 0x00007fff5a07c000 	C:\WINDOWS\SYSTEM32\CRYPTBASE.dll
0x00007fff4de70000 - 0x00007fff4de87000 	C:\WINDOWS\SYSTEM32\dhcpcsvc6.DLL
0x00007fff4fe80000 - 0x00007fff4fe9d000 	C:\WINDOWS\SYSTEM32\dhcpcsvc.DLL
0x00007fff51480000 - 0x00007fff5148e000 	C:\Program Files\Java\jdk-18.0.2.1\bin\sunmscapi.dll
0x00007fff5ad40000 - 0x00007fff5ae9d000 	C:\WINDOWS\System32\CRYPT32.dll
0x00007fff5a170000 - 0x00007fff5a198000 	C:\WINDOWS\SYSTEM32\ncrypt.dll
0x00007fff5a130000 - 0x00007fff5a16b000 	C:\WINDOWS\SYSTEM32\NTASN1.dll

dbghelp: loaded successfully - version: 4.0.5 - missing functions: none
symbol engine: initialized successfully - sym options: 0x614 - pdb path: .;C:\Program Files\Java\jdk-18.0.2.1\bin;C:\WINDOWS\SYSTEM32;C:\WINDOWS\WinSxS\amd64_microsoft.windows.common-controls_6595b64144ccf1df_6.0.19041.3636_none_60b6a03d71f818d5;C:\Program Files\Java\jdk-18.0.2.1\bin\server

VM Arguments:
jvm_args: -Dfile.encoding=UTF-8 --module-path=C:\Users\Amit\eclipse-workspace\TravelManagementSystem\bin;E:\Tushar Jain\Study Material\Ducat\JAVA\Software\mysql-connector-java-8.0.26.jar;E:\Tushar Jain\Study Material\Ducat\JAVA\Software\New folder\swingx-all-1.6.4.jar\swingx-all-1.6.4.jar -XX:+ShowCodeDetailsInExceptionMessages -Djdk.module.main=TravelManagementSysten 
java_command: TravelManagementSysten/Travel.Management.System.splash
java_class_path (initial): <not set>
Launcher Type: SUN_STANDARD

[Global flags]
     intx CICompilerCount                          = 3                                         {product} {ergonomic}
     uint ConcGCThreads                            = 1                                         {product} {ergonomic}
     uint G1ConcRefinementThreads                  = 4                                         {product} {ergonomic}
   size_t G1HeapRegionSize                         = 1048576                                   {product} {ergonomic}
    uintx GCDrainStackTargetSize                   = 64                                        {product} {ergonomic}
   size_t InitialHeapSize                          = 134217728                                 {product} {ergonomic}
   size_t MarkStackSize                            = 4194304                                   {product} {ergonomic}
   size_t MaxHeapSize                              = 2128609280                                {product} {ergonomic}
   size_t MaxNewSize                               = 1277165568                                {product} {ergonomic}
   size_t MinHeapDeltaBytes                        = 1048576                                   {product} {ergonomic}
   size_t MinHeapSize                              = 8388608                                   {product} {ergonomic}
    uintx NonNMethodCodeHeapSize                   = 5832780                                {pd product} {ergonomic}
    uintx NonProfiledCodeHeapSize                  = 122912730                              {pd product} {ergonomic}
    uintx ProfiledCodeHeapSize                     = 122912730                              {pd product} {ergonomic}
    uintx ReservedCodeCacheSize                    = 251658240                              {pd product} {ergonomic}
     bool SegmentedCodeCache                       = true                                      {product} {ergonomic}
     bool ShowCodeDetailsInExceptionMessages       = true                                   {manageable} {command line}
   size_t SoftMaxHeapSize                          = 2128609280                             {manageable} {ergonomic}
     bool UseCompressedClassPointers               = true                           {product lp64_product} {ergonomic}
     bool UseCompressedOops                        = true                           {product lp64_product} {ergonomic}
     bool UseG1GC                                  = true                                      {product} {ergonomic}
     bool UseLargePagesIndividualAllocation        = false                                  {pd product} {ergonomic}

Logging:
Log output configuration:
 #0: stdout all=warning uptime,level,tags foldmultilines=false
 #1: stderr all=off uptime,level,tags foldmultilines=false

Environment Variables:
PATH=C:\Program Files\Common Files\Oracle\Java\javapath;C:\WINDOWS\system32;C:\WINDOWS;C:\WINDOWS\System32\Wbem;C:\WINDOWS\System32\WindowsPowerShell\v1.0\;C:\WINDOWS\System32\OpenSSH\;C:\Program Files\Java\jdk-18.0.2.1\bin;C:\Users\Amit\AppData\Local\Microsoft\WindowsApps;C:\Program Files\JetBrains\IntelliJ IDEA Community Edition 2022.2.3\bin;;C:\Program Files\CodeBlocks\MinGW\bin;;C:\Users\Amit\AppData\Local\Programs\Microsoft VS Code\bin
USERNAME=Amit
OS=Windows_NT
PROCESSOR_IDENTIFIER=Intel64 Family 6 Model 61 Stepping 4, GenuineIntel



---------------  S Y S T E M  ---------------

OS:
 Windows 10 , 64 bit Build 19041 (10.0.19041.3636)
OS uptime: 3 days 5:00 hours

CPU: total 4 (initial active 4) (2 cores per cpu, 2 threads per core) family 6 model 61 stepping 4 microcode 0x2d, cx8, cmov, fxsr, ht, mmx, 3dnowpref, sse, sse2, sse3, ssse3, sse4.1, sse4.2, popcnt, lzcnt, tsc, tscinvbit, avx, avx2, aes, erms, clmul, bmi1, bmi2, adx, fma, vzeroupper, clflush

Memory: 4k page, system-wide physical 8112M (244M free)
TotalPageFile size 27301M (AvailPageFile size 81M)
current process WorkingSet (physical memory assigned to process): 234M, peak: 244M
current process commit charge ("private bytes"): 320M, peak: 482M

vm_info: Java HotSpot(TM) 64-Bit Server VM (18.0.2.1+1-1) for windows-amd64 JRE (18.0.2.1+1-1), built on Aug 16 2022 01:46:33 by "mach5one" with MS VC++ 16.8 / 16.9 (VS2019)

END.
