#
# There is insufficient memory for the Java Runtime Environment to continue.
# Native memory allocation (mmap) failed to map 134217728 bytes for G1 virtual space
# Possible reasons:
#   The system is out of physical RAM or swap space
#   The process is running with CompressedOops enabled, and the Java Heap may be blocking the growth of the native heap
# Possible solutions:
#   Reduce memory load on the system
#   Increase physical memory or swap space
#   Check if swap backing store is full
#   Decrease Java heap size (-Xmx/-Xms)
#   Decrease number of Java threads
#   Decrease Java thread stack sizes (-Xss)
#   Set larger code cache with -XX:ReservedCodeCacheSize=
#   JVM is running with Unscaled Compressed Oops mode in which the Java heap is
#     placed in the first 4GB address space. The Java Heap base address is the
#     maximum limit for the native heap growth. Please use -XX:HeapBaseMinAddress
#     to set the Java Heap base and to place the Java Heap above 4GB virtual address.
# This output file may be truncated or incomplete.
#
#  Out of Memory Error (os_windows.cpp:3530), pid=2992, tid=19940
#
# JRE version:  (18.0.2.1+1) (build )
# Java VM: Java HotSpot(TM) 64-Bit Server VM (18.0.2.1+1-1, mixed mode, sharing, tiered, compressed oops, compressed class ptrs, g1 gc, windows-amd64)
# No core dump will be written. Minidumps are not enabled by default on client versions of Windows
#

---------------  S U M M A R Y ------------

Command Line: -Dfile.encoding=UTF-8 --module-path=C:\Users\Amit\eclipse-workspace\TravelManagementSystem\bin;E:\Tushar Jain\Study Material\Ducat\JAVA\Software\mysql-connector-java-8.0.26.jar;E:\Tushar Jain\Study Material\Ducat\JAVA\Software\New folder\swingx-all-1.6.4.jar\swingx-all-1.6.4.jar -XX:+ShowCodeDetailsInExceptionMessages -Djdk.module.main=TravelManagementSysten TravelManagementSysten/Travel.Management.System.Dashboard

Host: Intel(R) Core(TM) i3-5005U CPU @ 2.00GHz, 4 cores, 7G,  Windows 10 , 64 bit Build 19041 (10.0.19041.3636)
Time: Tue Jan  9 21:20:59 2024 India Standard Time elapsed time: 0.021147 seconds (0d 0h 0m 0s)

---------------  T H R E A D  ---------------

Current thread (0x00000293fb8d2800):  JavaThread "Unknown thread" [_thread_in_vm, id=19940, stack(0x000000bb23f00000,0x000000bb24000000)]

Stack: [0x000000bb23f00000,0x000000bb24000000]
Native frames: (J=compiled Java code, j=interpreted, Vv=VM code, C=native code)
V  [jvm.dll+0x6993aa]
V  [jvm.dll+0x7f46dd]
V  [jvm.dll+0x7f5fee]
V  [jvm.dll+0x7f66a3]
V  [jvm.dll+0x25cf1f]
V  [jvm.dll+0x6962f9]
V  [jvm.dll+0x68ae2a]
V  [jvm.dll+0x32255b]
V  [jvm.dll+0x329f36]
V  [jvm.dll+0x37eade]
V  [jvm.dll+0x37ed0f]
V  [jvm.dll+0x2fa2da]
V  [jvm.dll+0x2fb33d]
V  [jvm.dll+0x7c3310]
V  [jvm.dll+0x38be61]
V  [jvm.dll+0x7a2023]
V  [jvm.dll+0x40dc3f]
V  [jvm.dll+0x40f611]
C  [jli.dll+0x526b]
C  [ucrtbase.dll+0x21bb2]
C  [KERNEL32.DLL+0x17344]
C  [ntdll.dll+0x526b1]


---------------  P R O C E S S  ---------------

Threads class SMR info:
_java_thread_list=0x00007ff84d54e550, length=0, elements={
}

Java Threads: ( => current thread )

Other Threads:
  0x00000293fb930870 WorkerThread "GC Thread#0" [stack: 0x000000bb24000000,0x000000bb24100000] [id=24020]
  0x00000293fb942d10 ConcurrentGCThread "G1 Main Marker" [stack: 0x000000bb24100000,0x000000bb24200000] [id=24064]
  0x00000293fb943710 WorkerThread "G1 Conc#0" [stack: 0x000000bb24200000,0x000000bb24300000] [id=10820]

[error occurred during error reporting (printing all threads), id 0xc0000005, EXCEPTION_ACCESS_VIOLATION (0xc0000005) at pc=0x00007ff84cd7a877]

VM state: not at safepoint (not fully initialized)

VM Mutex/Monitor currently owned by a thread:  ([mutex/lock_event])
[0x00000293fb8ceb10] Heap_lock - owner thread: 0x00000293fb8d2800

Heap address: 0x0000000081200000, size: 2030 MB, Compressed Oops mode: 32-bit

CDS archive(s) mapped at: [0x0000000000000000-0x0000000000000000-0x0000000000000000), size 0, SharedBaseAddress: 0x0000000800000000, ArchiveRelocationMode: 0.
Narrow klass base: 0x0000000000000000, Narrow klass shift: 0, Narrow klass range: 0x0

GC Precious Log:
 CardTable entry size: 512
 Card Set container configuration: InlinePtr #cards 5 size 8 Array Of Cards #cards 12 size 40 Howl #buckets 4 coarsen threshold 1843 Howl Bitmap #cards 512 size 80 coarsen threshold 460 Card regions per heap region 1 cards per card region 2048

Heap:
 garbage-first heap   total 0K, used 0K [0x0000000081200000, 0x0000000100000000)
  region size 1024K, 0 young (0K), 0 survivors (0K)

[error occurred during error reporting (printing heap information), id 0xc0000005, EXCEPTION_ACCESS_VIOLATION (0xc0000005) at pc=0x00007ff84d161839]

GC Heap History (0 events):
No events

Deoptimization events (0 events):
No events

Classes loaded (0 events):
No events

Classes unloaded (0 events):
No events

Classes redefined (0 events):
No events

Internal exceptions (0 events):
No events

VM Operations (0 events):
No events

Events (1 events):
Event: 0.013 Loaded shared library C:\Program Files\Java\jdk-18.0.2.1\bin\java.dll


Dynamic libraries:
0x00007ff7ce6a0000 - 0x00007ff7ce6b0000 	C:\Program Files\Java\jdk-18.0.2.1\bin\javaw.exe
0x00007ff89cc50000 - 0x00007ff89ce48000 	C:\WINDOWS\SYSTEM32\ntdll.dll
0x00007ff89b840000 - 0x00007ff89b8fd000 	C:\WINDOWS\System32\KERNEL32.DLL
0x00007ff89a890000 - 0x00007ff89ab86000 	C:\WINDOWS\System32\KERNELBASE.dll
0x00007ff89a720000 - 0x00007ff89a820000 	C:\WINDOWS\System32\ucrtbase.dll
0x00007ff8974e0000 - 0x00007ff8974fa000 	C:\Program Files\Java\jdk-18.0.2.1\bin\VCRUNTIME140.dll
0x00007ff895f20000 - 0x00007ff895f38000 	C:\Program Files\Java\jdk-18.0.2.1\bin\jli.dll
0x00007ff89b910000 - 0x00007ff89b9bf000 	C:\WINDOWS\System32\ADVAPI32.dll
0x00007ff89c6f0000 - 0x00007ff89c78e000 	C:\WINDOWS\System32\msvcrt.dll
0x00007ff89b450000 - 0x00007ff89b4ec000 	C:\WINDOWS\System32\sechost.dll
0x00007ff89b4f0000 - 0x00007ff89b616000 	C:\WINDOWS\System32\RPCRT4.dll
0x00007ff89b6a0000 - 0x00007ff89b83e000 	C:\WINDOWS\System32\USER32.dll
0x00007ff89a450000 - 0x00007ff89a472000 	C:\WINDOWS\System32\win32u.dll
0x00007ff89c5b0000 - 0x00007ff89c5dc000 	C:\WINDOWS\System32\GDI32.dll
0x00007ff89ab90000 - 0x00007ff89acaa000 	C:\WINDOWS\System32\gdi32full.dll
0x00007ff89a360000 - 0x00007ff89a3fd000 	C:\WINDOWS\System32\msvcp_win.dll
0x00007ff88cc80000 - 0x00007ff88cf1a000 	C:\WINDOWS\WinSxS\amd64_microsoft.windows.common-controls_6595b64144ccf1df_6.0.19041.3636_none_60b6a03d71f818d5\COMCTL32.dll
0x00007ff88adc0000 - 0x00007ff88adca000 	C:\WINDOWS\SYSTEM32\VERSION.dll
0x00007ff89c110000 - 0x00007ff89c140000 	C:\WINDOWS\System32\IMM32.DLL
0x00007ff893870000 - 0x00007ff89387c000 	C:\Program Files\Java\jdk-18.0.2.1\bin\vcruntime140_1.dll
0x00007ff88c420000 - 0x00007ff88c4ad000 	C:\Program Files\Java\jdk-18.0.2.1\bin\msvcp140.dll
0x00007ff84ca70000 - 0x00007ff84d681000 	C:\Program Files\Java\jdk-18.0.2.1\bin\server\jvm.dll
0x00007ff89afc0000 - 0x00007ff89afc8000 	C:\WINDOWS\System32\PSAPI.DLL
0x00007ff893860000 - 0x00007ff893869000 	C:\WINDOWS\SYSTEM32\WSOCK32.dll
0x00007ff89c790000 - 0x00007ff89c7fb000 	C:\WINDOWS\System32\WS2_32.dll
0x00007ff8973d0000 - 0x00007ff8973f7000 	C:\WINDOWS\SYSTEM32\WINMM.dll
0x00007ff8981f0000 - 0x00007ff898202000 	C:\WINDOWS\SYSTEM32\kernel.appcore.dll
0x00007ff893160000 - 0x00007ff89316a000 	C:\Program Files\Java\jdk-18.0.2.1\bin\jimage.dll
0x00007ff888e10000 - 0x00007ff888ff4000 	C:\WINDOWS\SYSTEM32\DBGHELP.DLL
0x00007ff8888d0000 - 0x00007ff888904000 	C:\WINDOWS\SYSTEM32\dbgcore.DLL
0x00007ff89a530000 - 0x00007ff89a5b2000 	C:\WINDOWS\System32\bcryptPrimitives.dll
0x00007ff88d790000 - 0x00007ff88d7b5000 	C:\Program Files\Java\jdk-18.0.2.1\bin\java.dll

dbghelp: loaded successfully - version: 4.0.5 - missing functions: none
symbol engine: initialized successfully - sym options: 0x614 - pdb path: .;C:\Program Files\Java\jdk-18.0.2.1\bin;C:\WINDOWS\SYSTEM32;C:\WINDOWS\WinSxS\amd64_microsoft.windows.common-controls_6595b64144ccf1df_6.0.19041.3636_none_60b6a03d71f818d5;C:\Program Files\Java\jdk-18.0.2.1\bin\server

VM Arguments:
jvm_args: -Dfile.encoding=UTF-8 --module-path=C:\Users\Amit\eclipse-workspace\TravelManagementSystem\bin;E:\Tushar Jain\Study Material\Ducat\JAVA\Software\mysql-connector-java-8.0.26.jar;E:\Tushar Jain\Study Material\Ducat\JAVA\Software\New folder\swingx-all-1.6.4.jar\swingx-all-1.6.4.jar -XX:+ShowCodeDetailsInExceptionMessages -Djdk.module.main=TravelManagementSysten 
java_command: TravelManagementSysten/Travel.Management.System.Dashboard
java_class_path (initial): <not set>
Launcher Type: SUN_STANDARD

[Global flags]
     intx CICompilerCount                          = 3                                         {product} {ergonomic}
     uint ConcGCThreads                            = 1                                         {product} {ergonomic}
     uint G1ConcRefinementThreads                  = 4                                         {product} {ergonomic}
   size_t G1HeapRegionSize                         = 1048576                                   {product} {ergonomic}
    uintx GCDrainStackTargetSize                   = 64                                        {product} {ergonomic}
   size_t InitialHeapSize                          = 134217728                                 {product} {ergonomic}
   size_t MarkStackSize                            = 4194304                                   {product} {ergonomic}
   size_t MaxHeapSize                              = 2128609280                                {product} {ergonomic}
   size_t MinHeapDeltaBytes                        = 1048576                                   {product} {ergonomic}
   size_t MinHeapSize                              = 8388608                                   {product} {ergonomic}
    uintx NonNMethodCodeHeapSize                   = 5832780                                {pd product} {ergonomic}
    uintx NonProfiledCodeHeapSize                  = 122912730                              {pd product} {ergonomic}
    uintx ProfiledCodeHeapSize                     = 122912730                              {pd product} {ergonomic}
    uintx ReservedCodeCacheSize                    = 251658240                              {pd product} {ergonomic}
     bool SegmentedCodeCache                       = true                                      {product} {ergonomic}
     bool ShowCodeDetailsInExceptionMessages       = true                                   {manageable} {command line}
   size_t SoftMaxHeapSize                          = 2128609280                             {manageable} {ergonomic}
     bool UseCompressedClassPointers               = true                           {product lp64_product} {ergonomic}
     bool UseCompressedOops                        = true                           {product lp64_product} {ergonomic}
     bool UseG1GC                                  = true                                      {product} {ergonomic}
     bool UseLargePagesIndividualAllocation        = false                                  {pd product} {ergonomic}

Logging:
Log output configuration:
 #0: stdout all=warning uptime,level,tags foldmultilines=false
 #1: stderr all=off uptime,level,tags foldmultilines=false

Environment Variables:
PATH=C:\Program Files\Common Files\Oracle\Java\javapath;C:\WINDOWS\system32;C:\WINDOWS;C:\WINDOWS\System32\Wbem;C:\WINDOWS\System32\WindowsPowerShell\v1.0\;C:\WINDOWS\System32\OpenSSH\;C:\Program Files\Java\jdk-18.0.2.1\bin;C:\Users\Amit\AppData\Local\Microsoft\WindowsApps;C:\Program Files\JetBrains\IntelliJ IDEA Community Edition 2022.2.3\bin;;C:\Program Files\CodeBlocks\MinGW\bin;;C:\Users\Amit\AppData\Local\Programs\Microsoft VS Code\bin
USERNAME=Amit
OS=Windows_NT
PROCESSOR_IDENTIFIER=Intel64 Family 6 Model 61 Stepping 4, GenuineIntel



---------------  S Y S T E M  ---------------

OS:
 Windows 10 , 64 bit Build 19041 (10.0.19041.3636)
OS uptime: 20 days 4:58 hours

CPU: total 4 (initial active 4) (2 cores per cpu, 2 threads per core) family 6 model 61 stepping 4 microcode 0x2d, cx8, cmov, fxsr, ht, mmx, 3dnowpref, sse, sse2, sse3, ssse3, sse4.1, sse4.2, popcnt, lzcnt, tsc, tscinvbit, avx, avx2, aes, erms, clmul, bmi1, bmi2, adx, fma, vzeroupper, clflush

Memory: 4k page, system-wide physical 8112M (434M free)
TotalPageFile size 27273M (AvailPageFile size 103M)
current process WorkingSet (physical memory assigned to process): 10M, peak: 10M
current process commit charge ("private bytes"): 52M, peak: 180M

vm_info: Java HotSpot(TM) 64-Bit Server VM (18.0.2.1+1-1) for windows-amd64 JRE (18.0.2.1+1-1), built on Aug 16 2022 01:46:33 by "mach5one" with MS VC++ 16.8 / 16.9 (VS2019)

END.
