#
# There is insufficient memory for the Java Runtime Environment to continue.
# Native memory allocation (malloc) failed to allocate 32744 bytes for Chunk::new
# Possible reasons:
#   The system is out of physical RAM or swap space
#   The process is running with CompressedOops enabled, and the Java Heap may be blocking the growth of the native heap
# Possible solutions:
#   Reduce memory load on the system
#   Increase physical memory or swap space
#   Check if swap backing store is full
#   Decrease Java heap size (-Xmx/-Xms)
#   Decrease number of Java threads
#   Decrease Java thread stack sizes (-Xss)
#   Set larger code cache with -XX:ReservedCodeCacheSize=
#   JVM is running with Unscaled Compressed Oops mode in which the Java heap is
#     placed in the first 4GB address space. The Java Heap base address is the
#     maximum limit for the native heap growth. Please use -XX:HeapBaseMinAddress
#     to set the Java Heap base and to place the Java Heap above 4GB virtual address.
# This output file may be truncated or incomplete.
#
#  Out of Memory Error (arena.cpp:184), pid=6376, tid=8620
#
# JRE version: Java(TM) SE Runtime Environment (18.0.2.1+1) (build 18.0.2.1+1-1)
# Java VM: Java HotSpot(TM) 64-Bit Server VM (18.0.2.1+1-1, mixed mode, sharing, tiered, compressed oops, compressed class ptrs, g1 gc, windows-amd64)
# No core dump will be written. Minidumps are not enabled by default on client versions of Windows
#

---------------  S U M M A R Y ------------

Command Line: -Dfile.encoding=UTF-8 --module-path=C:\Users\Amit\eclipse-workspace\TravelManagementSystem\bin;E:\Tushar Jain\Study Material\Ducat\JAVA\Software\mysql-connector-java-8.0.26.jar;E:\Tushar Jain\Study Material\Ducat\JAVA\Software\New folder\swingx-all-1.6.4.jar\swingx-all-1.6.4.jar -XX:+ShowCodeDetailsInExceptionMessages -Djdk.module.main=TravelManagementSysten TravelManagementSysten/Travel.Management.System.splash

Host: Intel(R) Core(TM) i3-5005U CPU @ 2.00GHz, 4 cores, 7G,  Windows 10 , 64 bit Build 19041 (10.0.19041.3636)
Time: Sun Feb  4 23:12:53 2024 India Standard Time elapsed time: 0.304287 seconds (0d 0h 0m 0s)

---------------  T H R E A D  ---------------

Current thread (0x0000026de8030ec0):  JavaThread "C1 CompilerThread0" daemon [_thread_in_native, id=8620, stack(0x000000e76c100000,0x000000e76c200000)]


Current CompileTask:
C1:    304  336       3       sun.invoke.util.VerifyAccess::isTypeVisible (118 bytes)

Stack: [0x000000e76c100000,0x000000e76c200000]
Native frames: (J=compiled Java code, j=interpreted, Vv=VM code, C=native code)
V  [jvm.dll+0x6993aa]
V  [jvm.dll+0x7f46dd]
V  [jvm.dll+0x7f5fee]
V  [jvm.dll+0x7f66a3]
V  [jvm.dll+0x25cf1f]
V  [jvm.dll+0xb8c2f]
V  [jvm.dll+0xb8fa5]
V  [jvm.dll+0xb8d4b]
V  [jvm.dll+0x6ee46c]
V  [jvm.dll+0x2189d6]
V  [jvm.dll+0x16cb60]
V  [jvm.dll+0x164d91]
V  [jvm.dll+0x165097]
V  [jvm.dll+0x164ece]
V  [jvm.dll+0x148dd9]
V  [jvm.dll+0x14893b]
V  [jvm.dll+0x148b26]
V  [jvm.dll+0x147f9a]
V  [jvm.dll+0x149c81]
V  [jvm.dll+0x23ee0a]
V  [jvm.dll+0x23d0f5]
V  [jvm.dll+0x7a6dd1]
V  [jvm.dll+0x7a120a]
V  [jvm.dll+0x698255]
C  [ucrtbase.dll+0x21bb2]
C  [KERNEL32.DLL+0x17344]
C  [ntdll.dll+0x526b1]


---------------  P R O C E S S  ---------------

Threads class SMR info:
_java_thread_list=0x0000026dec645880, length=13, elements={
0x0000026dc857a630, 0x0000026de7ff7710, 0x0000026de7ff8500, 0x0000026de800c6f0,
0x0000026de800dfb0, 0x0000026de800e860, 0x0000026de800f110, 0x0000026de800fcf0,
0x0000026de8030ec0, 0x0000026de8096da0, 0x0000026dec459560, 0x0000026dec5532e0,
0x0000026dec6a2e00
}

Java Threads: ( => current thread )
  0x0000026dc857a630 JavaThread "main" [_thread_in_vm, id=19924, stack(0x000000e76b300000,0x000000e76b400000)]
  0x0000026de7ff7710 JavaThread "Reference Handler" daemon [_thread_blocked, id=20924, stack(0x000000e76ba00000,0x000000e76bb00000)]
  0x0000026de7ff8500 JavaThread "Finalizer" daemon [_thread_blocked, id=21440, stack(0x000000e76bb00000,0x000000e76bc00000)]
  0x0000026de800c6f0 JavaThread "Signal Dispatcher" daemon [_thread_blocked, id=19092, stack(0x000000e76bc00000,0x000000e76bd00000)]
  0x0000026de800dfb0 JavaThread "Attach Listener" daemon [_thread_blocked, id=19076, stack(0x000000e76bd00000,0x000000e76be00000)]
  0x0000026de800e860 JavaThread "Service Thread" daemon [_thread_blocked, id=5352, stack(0x000000e76be00000,0x000000e76bf00000)]
  0x0000026de800f110 JavaThread "Monitor Deflation Thread" daemon [_thread_blocked, id=336, stack(0x000000e76bf00000,0x000000e76c000000)]
  0x0000026de800fcf0 JavaThread "C2 CompilerThread0" daemon [_thread_in_native, id=15628, stack(0x000000e76c000000,0x000000e76c100000)]
=>0x0000026de8030ec0 JavaThread "C1 CompilerThread0" daemon [_thread_in_native, id=8620, stack(0x000000e76c100000,0x000000e76c200000)]
  0x0000026de8096da0 JavaThread "Sweeper thread" daemon [_thread_blocked, id=20936, stack(0x000000e76c200000,0x000000e76c300000)]
  0x0000026dec459560 JavaThread "Common-Cleaner" daemon [_thread_blocked, id=6388, stack(0x000000e76c300000,0x000000e76c400000)]
  0x0000026dec5532e0 JavaThread "C2 CompilerThread1" daemon [_thread_in_native, id=21244, stack(0x000000e76c400000,0x000000e76c500000)]
  0x0000026dec6a2e00 JavaThread "Notification Thread" daemon [_thread_blocked, id=21336, stack(0x000000e76c500000,0x000000e76c600000)]

Other Threads:
  0x0000026dca754e10 VMThread "VM Thread" [stack: 0x000000e76b900000,0x000000e76ba00000] [id=20764]
  0x0000026dec476fb0 WatcherThread "VM Periodic Task Thread" [stack: 0x000000e76c600000,0x000000e76c700000] [id=20740]
  0x0000026dca737f70 WorkerThread "GC Thread#0" [stack: 0x000000e76b400000,0x000000e76b500000] [id=4232]
  0x0000026dca74a320 ConcurrentGCThread "G1 Main Marker" [stack: 0x000000e76b500000,0x000000e76b600000] [id=1500]
  0x0000026dca74ac20 WorkerThread "G1 Conc#0" [stack: 0x000000e76b600000,0x000000e76b700000] [id=20980]
  0x0000026dca78d060 ConcurrentGCThread "G1 Refine#0" [stack: 0x000000e76b700000,0x000000e76b800000] [id=14148]
  0x0000026dca78d880 ConcurrentGCThread "G1 Service" [stack: 0x000000e76b800000,0x000000e76b900000] [id=20756]

Threads with active compile tasks:
C2 CompilerThread0      379  325       4       java.util.ImmutableCollections$SetN::probe (56 bytes)
C1 CompilerThread0      380  336       3       sun.invoke.util.VerifyAccess::isTypeVisible (118 bytes)
C2 CompilerThread1      380  323       4       jdk.internal.module.Checks::isJavaIdentifier (76 bytes)

VM state: not at safepoint (normal execution)

VM Mutex/Monitor currently owned by a thread:  ([mutex/lock_event])
[0x0000026dc848bab0] Metaspace_lock - owner thread: 0x0000026dc857a630

Heap address: 0x0000000081200000, size: 2030 MB, Compressed Oops mode: 32-bit

CDS archive(s) mapped at: [0x0000000800000000-0x0000000800ba0000-0x0000000800ba0000), size 12189696, SharedBaseAddress: 0x0000000800000000, ArchiveRelocationMode: 0.
Compressed class space mapped at: 0x0000000800c00000-0x0000000840c00000, reserved size: 1073741824
Narrow klass base: 0x0000000800000000, Narrow klass shift: 0, Narrow klass range: 0x100000000

GC Precious Log:
 CardTable entry size: 512
 Card Set container configuration: InlinePtr #cards 5 size 8 Array Of Cards #cards 12 size 40 Howl #buckets 4 coarsen threshold 1843 Howl Bitmap #cards 512 size 80 coarsen threshold 460 Card regions per heap region 1 cards per card region 2048
 CPUs: 4 total, 4 available
 Memory: 8112M
 Large Page Support: Disabled
 NUMA Support: Disabled
 Compressed Oops: Enabled (32-bit)
 Heap Region Size: 1M
 Heap Min Capacity: 8M
 Heap Initial Capacity: 128M
 Heap Max Capacity: 2030M
 Pre-touch: Disabled
 Parallel Workers: 4
 Concurrent Workers: 1
 Concurrent Refinement Workers: 4
 Periodic GC: Disabled

Heap:
 garbage-first heap   total 131072K, used 4096K [0x0000000081200000, 0x0000000100000000)
  region size 1024K, 5 young (5120K), 0 survivors (0K)
 Metaspace       used 845K, committed 960K, reserved 1114112K
  class space    used 65K, committed 128K, reserved 1048576K

Heap Regions: E=young(eden), S=young(survivor), O=old, HS=humongous(starts), HC=humongous(continues), CS=collection set, F=free, OA=open archive, CA=closed archive, TAMS=top-at-mark-start (previous, next)
|   0|0x0000000081200000, 0x0000000081200000, 0x0000000081300000|  0%| F|  |TAMS 0x0000000081200000, 0x0000000081200000| Untracked 
|   1|0x0000000081300000, 0x0000000081300000, 0x0000000081400000|  0%| F|  |TAMS 0x0000000081300000, 0x0000000081300000| Untracked 
|   2|0x0000000081400000, 0x0000000081400000, 0x0000000081500000|  0%| F|  |TAMS 0x0000000081400000, 0x0000000081400000| Untracked 
|   3|0x0000000081500000, 0x0000000081500000, 0x0000000081600000|  0%| F|  |TAMS 0x0000000081500000, 0x0000000081500000| Untracked 
|   4|0x0000000081600000, 0x0000000081600000, 0x0000000081700000|  0%| F|  |TAMS 0x0000000081600000, 0x0000000081600000| Untracked 
|   5|0x0000000081700000, 0x0000000081700000, 0x0000000081800000|  0%| F|  |TAMS 0x0000000081700000, 0x0000000081700000| Untracked 
|   6|0x0000000081800000, 0x0000000081800000, 0x0000000081900000|  0%| F|  |TAMS 0x0000000081800000, 0x0000000081800000| Untracked 
|   7|0x0000000081900000, 0x0000000081900000, 0x0000000081a00000|  0%| F|  |TAMS 0x0000000081900000, 0x0000000081900000| Untracked 
|   8|0x0000000081a00000, 0x0000000081a00000, 0x0000000081b00000|  0%| F|  |TAMS 0x0000000081a00000, 0x0000000081a00000| Untracked 
|   9|0x0000000081b00000, 0x0000000081b00000, 0x0000000081c00000|  0%| F|  |TAMS 0x0000000081b00000, 0x0000000081b00000| Untracked 
|  10|0x0000000081c00000, 0x0000000081c00000, 0x0000000081d00000|  0%| F|  |TAMS 0x0000000081c00000, 0x0000000081c00000| Untracked 
|  11|0x0000000081d00000, 0x0000000081d00000, 0x0000000081e00000|  0%| F|  |TAMS 0x0000000081d00000, 0x0000000081d00000| Untracked 
|  12|0x0000000081e00000, 0x0000000081e00000, 0x0000000081f00000|  0%| F|  |TAMS 0x0000000081e00000, 0x0000000081e00000| Untracked 
|  13|0x0000000081f00000, 0x0000000081f00000, 0x0000000082000000|  0%| F|  |TAMS 0x0000000081f00000, 0x0000000081f00000| Untracked 
|  14|0x0000000082000000, 0x0000000082000000, 0x0000000082100000|  0%| F|  |TAMS 0x0000000082000000, 0x0000000082000000| Untracked 
|  15|0x0000000082100000, 0x0000000082100000, 0x0000000082200000|  0%| F|  |TAMS 0x0000000082100000, 0x0000000082100000| Untracked 
|  16|0x0000000082200000, 0x0000000082200000, 0x0000000082300000|  0%| F|  |TAMS 0x0000000082200000, 0x0000000082200000| Untracked 
|  17|0x0000000082300000, 0x0000000082300000, 0x0000000082400000|  0%| F|  |TAMS 0x0000000082300000, 0x0000000082300000| Untracked 
|  18|0x0000000082400000, 0x0000000082400000, 0x0000000082500000|  0%| F|  |TAMS 0x0000000082400000, 0x0000000082400000| Untracked 
|  19|0x0000000082500000, 0x0000000082500000, 0x0000000082600000|  0%| F|  |TAMS 0x0000000082500000, 0x0000000082500000| Untracked 
|  20|0x0000000082600000, 0x0000000082600000, 0x0000000082700000|  0%| F|  |TAMS 0x0000000082600000, 0x0000000082600000| Untracked 
|  21|0x0000000082700000, 0x0000000082700000, 0x0000000082800000|  0%| F|  |TAMS 0x0000000082700000, 0x0000000082700000| Untracked 
|  22|0x0000000082800000, 0x0000000082800000, 0x0000000082900000|  0%| F|  |TAMS 0x0000000082800000, 0x0000000082800000| Untracked 
|  23|0x0000000082900000, 0x0000000082900000, 0x0000000082a00000|  0%| F|  |TAMS 0x0000000082900000, 0x0000000082900000| Untracked 
|  24|0x0000000082a00000, 0x0000000082a00000, 0x0000000082b00000|  0%| F|  |TAMS 0x0000000082a00000, 0x0000000082a00000| Untracked 
|  25|0x0000000082b00000, 0x0000000082b00000, 0x0000000082c00000|  0%| F|  |TAMS 0x0000000082b00000, 0x0000000082b00000| Untracked 
|  26|0x0000000082c00000, 0x0000000082c00000, 0x0000000082d00000|  0%| F|  |TAMS 0x0000000082c00000, 0x0000000082c00000| Untracked 
|  27|0x0000000082d00000, 0x0000000082d00000, 0x0000000082e00000|  0%| F|  |TAMS 0x0000000082d00000, 0x0000000082d00000| Untracked 
|  28|0x0000000082e00000, 0x0000000082e00000, 0x0000000082f00000|  0%| F|  |TAMS 0x0000000082e00000, 0x0000000082e00000| Untracked 
|  29|0x0000000082f00000, 0x0000000082f00000, 0x0000000083000000|  0%| F|  |TAMS 0x0000000082f00000, 0x0000000082f00000| Untracked 
|  30|0x0000000083000000, 0x0000000083000000, 0x0000000083100000|  0%| F|  |TAMS 0x0000000083000000, 0x0000000083000000| Untracked 
|  31|0x0000000083100000, 0x0000000083100000, 0x0000000083200000|  0%| F|  |TAMS 0x0000000083100000, 0x0000000083100000| Untracked 
|  32|0x0000000083200000, 0x0000000083200000, 0x0000000083300000|  0%| F|  |TAMS 0x0000000083200000, 0x0000000083200000| Untracked 
|  33|0x0000000083300000, 0x0000000083300000, 0x0000000083400000|  0%| F|  |TAMS 0x0000000083300000, 0x0000000083300000| Untracked 
|  34|0x0000000083400000, 0x0000000083400000, 0x0000000083500000|  0%| F|  |TAMS 0x0000000083400000, 0x0000000083400000| Untracked 
|  35|0x0000000083500000, 0x0000000083500000, 0x0000000083600000|  0%| F|  |TAMS 0x0000000083500000, 0x0000000083500000| Untracked 
|  36|0x0000000083600000, 0x0000000083600000, 0x0000000083700000|  0%| F|  |TAMS 0x0000000083600000, 0x0000000083600000| Untracked 
|  37|0x0000000083700000, 0x0000000083700000, 0x0000000083800000|  0%| F|  |TAMS 0x0000000083700000, 0x0000000083700000| Untracked 
|  38|0x0000000083800000, 0x0000000083800000, 0x0000000083900000|  0%| F|  |TAMS 0x0000000083800000, 0x0000000083800000| Untracked 
|  39|0x0000000083900000, 0x0000000083900000, 0x0000000083a00000|  0%| F|  |TAMS 0x0000000083900000, 0x0000000083900000| Untracked 
|  40|0x0000000083a00000, 0x0000000083a00000, 0x0000000083b00000|  0%| F|  |TAMS 0x0000000083a00000, 0x0000000083a00000| Untracked 
|  41|0x0000000083b00000, 0x0000000083b00000, 0x0000000083c00000|  0%| F|  |TAMS 0x0000000083b00000, 0x0000000083b00000| Untracked 
|  42|0x0000000083c00000, 0x0000000083c00000, 0x0000000083d00000|  0%| F|  |TAMS 0x0000000083c00000, 0x0000000083c00000| Untracked 
|  43|0x0000000083d00000, 0x0000000083d00000, 0x0000000083e00000|  0%| F|  |TAMS 0x0000000083d00000, 0x0000000083d00000| Untracked 
|  44|0x0000000083e00000, 0x0000000083e00000, 0x0000000083f00000|  0%| F|  |TAMS 0x0000000083e00000, 0x0000000083e00000| Untracked 
|  45|0x0000000083f00000, 0x0000000083f00000, 0x0000000084000000|  0%| F|  |TAMS 0x0000000083f00000, 0x0000000083f00000| Untracked 
|  46|0x0000000084000000, 0x0000000084000000, 0x0000000084100000|  0%| F|  |TAMS 0x0000000084000000, 0x0000000084000000| Untracked 
|  47|0x0000000084100000, 0x0000000084100000, 0x0000000084200000|  0%| F|  |TAMS 0x0000000084100000, 0x0000000084100000| Untracked 
|  48|0x0000000084200000, 0x0000000084200000, 0x0000000084300000|  0%| F|  |TAMS 0x0000000084200000, 0x0000000084200000| Untracked 
|  49|0x0000000084300000, 0x0000000084300000, 0x0000000084400000|  0%| F|  |TAMS 0x0000000084300000, 0x0000000084300000| Untracked 
|  50|0x0000000084400000, 0x0000000084400000, 0x0000000084500000|  0%| F|  |TAMS 0x0000000084400000, 0x0000000084400000| Untracked 
|  51|0x0000000084500000, 0x0000000084500000, 0x0000000084600000|  0%| F|  |TAMS 0x0000000084500000, 0x0000000084500000| Untracked 
|  52|0x0000000084600000, 0x0000000084600000, 0x0000000084700000|  0%| F|  |TAMS 0x0000000084600000, 0x0000000084600000| Untracked 
|  53|0x0000000084700000, 0x0000000084700000, 0x0000000084800000|  0%| F|  |TAMS 0x0000000084700000, 0x0000000084700000| Untracked 
|  54|0x0000000084800000, 0x0000000084800000, 0x0000000084900000|  0%| F|  |TAMS 0x0000000084800000, 0x0000000084800000| Untracked 
|  55|0x0000000084900000, 0x0000000084900000, 0x0000000084a00000|  0%| F|  |TAMS 0x0000000084900000, 0x0000000084900000| Untracked 
|  56|0x0000000084a00000, 0x0000000084a00000, 0x0000000084b00000|  0%| F|  |TAMS 0x0000000084a00000, 0x0000000084a00000| Untracked 
|  57|0x0000000084b00000, 0x0000000084b00000, 0x0000000084c00000|  0%| F|  |TAMS 0x0000000084b00000, 0x0000000084b00000| Untracked 
|  58|0x0000000084c00000, 0x0000000084c00000, 0x0000000084d00000|  0%| F|  |TAMS 0x0000000084c00000, 0x0000000084c00000| Untracked 
|  59|0x0000000084d00000, 0x0000000084d00000, 0x0000000084e00000|  0%| F|  |TAMS 0x0000000084d00000, 0x0000000084d00000| Untracked 
|  60|0x0000000084e00000, 0x0000000084e00000, 0x0000000084f00000|  0%| F|  |TAMS 0x0000000084e00000, 0x0000000084e00000| Untracked 
|  61|0x0000000084f00000, 0x0000000084f00000, 0x0000000085000000|  0%| F|  |TAMS 0x0000000084f00000, 0x0000000084f00000| Untracked 
|  62|0x0000000085000000, 0x0000000085000000, 0x0000000085100000|  0%| F|  |TAMS 0x0000000085000000, 0x0000000085000000| Untracked 
|  63|0x0000000085100000, 0x0000000085100000, 0x0000000085200000|  0%| F|  |TAMS 0x0000000085100000, 0x0000000085100000| Untracked 
|  64|0x0000000085200000, 0x0000000085200000, 0x0000000085300000|  0%| F|  |TAMS 0x0000000085200000, 0x0000000085200000| Untracked 
|  65|0x0000000085300000, 0x0000000085300000, 0x0000000085400000|  0%| F|  |TAMS 0x0000000085300000, 0x0000000085300000| Untracked 
|  66|0x0000000085400000, 0x0000000085400000, 0x0000000085500000|  0%| F|  |TAMS 0x0000000085400000, 0x0000000085400000| Untracked 
|  67|0x0000000085500000, 0x0000000085500000, 0x0000000085600000|  0%| F|  |TAMS 0x0000000085500000, 0x0000000085500000| Untracked 
|  68|0x0000000085600000, 0x0000000085600000, 0x0000000085700000|  0%| F|  |TAMS 0x0000000085600000, 0x0000000085600000| Untracked 
|  69|0x0000000085700000, 0x0000000085700000, 0x0000000085800000|  0%| F|  |TAMS 0x0000000085700000, 0x0000000085700000| Untracked 
|  70|0x0000000085800000, 0x0000000085800000, 0x0000000085900000|  0%| F|  |TAMS 0x0000000085800000, 0x0000000085800000| Untracked 
|  71|0x0000000085900000, 0x0000000085900000, 0x0000000085a00000|  0%| F|  |TAMS 0x0000000085900000, 0x0000000085900000| Untracked 
|  72|0x0000000085a00000, 0x0000000085a00000, 0x0000000085b00000|  0%| F|  |TAMS 0x0000000085a00000, 0x0000000085a00000| Untracked 
|  73|0x0000000085b00000, 0x0000000085b00000, 0x0000000085c00000|  0%| F|  |TAMS 0x0000000085b00000, 0x0000000085b00000| Untracked 
|  74|0x0000000085c00000, 0x0000000085c00000, 0x0000000085d00000|  0%| F|  |TAMS 0x0000000085c00000, 0x0000000085c00000| Untracked 
|  75|0x0000000085d00000, 0x0000000085d00000, 0x0000000085e00000|  0%| F|  |TAMS 0x0000000085d00000, 0x0000000085d00000| Untracked 
|  76|0x0000000085e00000, 0x0000000085e00000, 0x0000000085f00000|  0%| F|  |TAMS 0x0000000085e00000, 0x0000000085e00000| Untracked 
|  77|0x0000000085f00000, 0x0000000085f00000, 0x0000000086000000|  0%| F|  |TAMS 0x0000000085f00000, 0x0000000085f00000| Untracked 
|  78|0x0000000086000000, 0x0000000086000000, 0x0000000086100000|  0%| F|  |TAMS 0x0000000086000000, 0x0000000086000000| Untracked 
|  79|0x0000000086100000, 0x0000000086100000, 0x0000000086200000|  0%| F|  |TAMS 0x0000000086100000, 0x0000000086100000| Untracked 
|  80|0x0000000086200000, 0x0000000086200000, 0x0000000086300000|  0%| F|  |TAMS 0x0000000086200000, 0x0000000086200000| Untracked 
|  81|0x0000000086300000, 0x0000000086300000, 0x0000000086400000|  0%| F|  |TAMS 0x0000000086300000, 0x0000000086300000| Untracked 
|  82|0x0000000086400000, 0x0000000086400000, 0x0000000086500000|  0%| F|  |TAMS 0x0000000086400000, 0x0000000086400000| Untracked 
|  83|0x0000000086500000, 0x0000000086500000, 0x0000000086600000|  0%| F|  |TAMS 0x0000000086500000, 0x0000000086500000| Untracked 
|  84|0x0000000086600000, 0x0000000086600000, 0x0000000086700000|  0%| F|  |TAMS 0x0000000086600000, 0x0000000086600000| Untracked 
|  85|0x0000000086700000, 0x0000000086700000, 0x0000000086800000|  0%| F|  |TAMS 0x0000000086700000, 0x0000000086700000| Untracked 
|  86|0x0000000086800000, 0x0000000086800000, 0x0000000086900000|  0%| F|  |TAMS 0x0000000086800000, 0x0000000086800000| Untracked 
|  87|0x0000000086900000, 0x0000000086900000, 0x0000000086a00000|  0%| F|  |TAMS 0x0000000086900000, 0x0000000086900000| Untracked 
|  88|0x0000000086a00000, 0x0000000086a00000, 0x0000000086b00000|  0%| F|  |TAMS 0x0000000086a00000, 0x0000000086a00000| Untracked 
|  89|0x0000000086b00000, 0x0000000086b00000, 0x0000000086c00000|  0%| F|  |TAMS 0x0000000086b00000, 0x0000000086b00000| Untracked 
|  90|0x0000000086c00000, 0x0000000086c00000, 0x0000000086d00000|  0%| F|  |TAMS 0x0000000086c00000, 0x0000000086c00000| Untracked 
|  91|0x0000000086d00000, 0x0000000086d00000, 0x0000000086e00000|  0%| F|  |TAMS 0x0000000086d00000, 0x0000000086d00000| Untracked 
|  92|0x0000000086e00000, 0x0000000086e00000, 0x0000000086f00000|  0%| F|  |TAMS 0x0000000086e00000, 0x0000000086e00000| Untracked 
|  93|0x0000000086f00000, 0x0000000086f00000, 0x0000000087000000|  0%| F|  |TAMS 0x0000000086f00000, 0x0000000086f00000| Untracked 
|  94|0x0000000087000000, 0x0000000087000000, 0x0000000087100000|  0%| F|  |TAMS 0x0000000087000000, 0x0000000087000000| Untracked 
|  95|0x0000000087100000, 0x0000000087100000, 0x0000000087200000|  0%| F|  |TAMS 0x0000000087100000, 0x0000000087100000| Untracked 
|  96|0x0000000087200000, 0x0000000087200000, 0x0000000087300000|  0%| F|  |TAMS 0x0000000087200000, 0x0000000087200000| Untracked 
|  97|0x0000000087300000, 0x0000000087300000, 0x0000000087400000|  0%| F|  |TAMS 0x0000000087300000, 0x0000000087300000| Untracked 
|  98|0x0000000087400000, 0x0000000087400000, 0x0000000087500000|  0%| F|  |TAMS 0x0000000087400000, 0x0000000087400000| Untracked 
|  99|0x0000000087500000, 0x0000000087500000, 0x0000000087600000|  0%| F|  |TAMS 0x0000000087500000, 0x0000000087500000| Untracked 
| 100|0x0000000087600000, 0x0000000087600000, 0x0000000087700000|  0%| F|  |TAMS 0x0000000087600000, 0x0000000087600000| Untracked 
| 101|0x0000000087700000, 0x0000000087700000, 0x0000000087800000|  0%| F|  |TAMS 0x0000000087700000, 0x0000000087700000| Untracked 
| 102|0x0000000087800000, 0x0000000087800000, 0x0000000087900000|  0%| F|  |TAMS 0x0000000087800000, 0x0000000087800000| Untracked 
| 103|0x0000000087900000, 0x0000000087900000, 0x0000000087a00000|  0%| F|  |TAMS 0x0000000087900000, 0x0000000087900000| Untracked 
| 104|0x0000000087a00000, 0x0000000087a00000, 0x0000000087b00000|  0%| F|  |TAMS 0x0000000087a00000, 0x0000000087a00000| Untracked 
| 105|0x0000000087b00000, 0x0000000087b00000, 0x0000000087c00000|  0%| F|  |TAMS 0x0000000087b00000, 0x0000000087b00000| Untracked 
| 106|0x0000000087c00000, 0x0000000087c00000, 0x0000000087d00000|  0%| F|  |TAMS 0x0000000087c00000, 0x0000000087c00000| Untracked 
| 107|0x0000000087d00000, 0x0000000087d00000, 0x0000000087e00000|  0%| F|  |TAMS 0x0000000087d00000, 0x0000000087d00000| Untracked 
| 108|0x0000000087e00000, 0x0000000087e00000, 0x0000000087f00000|  0%| F|  |TAMS 0x0000000087e00000, 0x0000000087e00000| Untracked 
| 109|0x0000000087f00000, 0x0000000087f00000, 0x0000000088000000|  0%| F|  |TAMS 0x0000000087f00000, 0x0000000087f00000| Untracked 
| 110|0x0000000088000000, 0x0000000088000000, 0x0000000088100000|  0%| F|  |TAMS 0x0000000088000000, 0x0000000088000000| Untracked 
| 111|0x0000000088100000, 0x0000000088100000, 0x0000000088200000|  0%| F|  |TAMS 0x0000000088100000, 0x0000000088100000| Untracked 
| 112|0x0000000088200000, 0x0000000088200000, 0x0000000088300000|  0%| F|  |TAMS 0x0000000088200000, 0x0000000088200000| Untracked 
| 113|0x0000000088300000, 0x0000000088300000, 0x0000000088400000|  0%| F|  |TAMS 0x0000000088300000, 0x0000000088300000| Untracked 
| 114|0x0000000088400000, 0x0000000088400000, 0x0000000088500000|  0%| F|  |TAMS 0x0000000088400000, 0x0000000088400000| Untracked 
| 115|0x0000000088500000, 0x0000000088500000, 0x0000000088600000|  0%| F|  |TAMS 0x0000000088500000, 0x0000000088500000| Untracked 
| 116|0x0000000088600000, 0x0000000088600000, 0x0000000088700000|  0%| F|  |TAMS 0x0000000088600000, 0x0000000088600000| Untracked 
| 117|0x0000000088700000, 0x0000000088700000, 0x0000000088800000|  0%| F|  |TAMS 0x0000000088700000, 0x0000000088700000| Untracked 
| 118|0x0000000088800000, 0x0000000088800000, 0x0000000088900000|  0%| F|  |TAMS 0x0000000088800000, 0x0000000088800000| Untracked 
| 119|0x0000000088900000, 0x0000000088900000, 0x0000000088a00000|  0%| F|  |TAMS 0x0000000088900000, 0x0000000088900000| Untracked 
| 120|0x0000000088a00000, 0x0000000088a00000, 0x0000000088b00000|  0%| F|  |TAMS 0x0000000088a00000, 0x0000000088a00000| Untracked 
| 121|0x0000000088b00000, 0x0000000088b00000, 0x0000000088c00000|  0%| F|  |TAMS 0x0000000088b00000, 0x0000000088b00000| Untracked 
| 122|0x0000000088c00000, 0x0000000088c00000, 0x0000000088d00000|  0%| F|  |TAMS 0x0000000088c00000, 0x0000000088c00000| Untracked 
| 123|0x0000000088d00000, 0x0000000088d43140, 0x0000000088e00000| 26%| E|  |TAMS 0x0000000088d00000, 0x0000000088d00000| Complete 
| 124|0x0000000088e00000, 0x0000000088f00000, 0x0000000088f00000|100%| E|CS|TAMS 0x0000000088e00000, 0x0000000088e00000| Complete 
| 125|0x0000000088f00000, 0x0000000089000000, 0x0000000089000000|100%| E|CS|TAMS 0x0000000088f00000, 0x0000000088f00000| Complete 
| 126|0x0000000089000000, 0x0000000089100000, 0x0000000089100000|100%| E|CS|TAMS 0x0000000089000000, 0x0000000089000000| Complete 
| 127|0x0000000089100000, 0x0000000089200000, 0x0000000089200000|100%| E|CS|TAMS 0x0000000089100000, 0x0000000089100000| Complete 

Card table byte_map: [0x0000026de1410000,0x0000026de1810000] _byte_map_base: 0x0000026de1007000

Marking Bits (Prev, Next): (CMBitMap*) 0x0000026dca739490, (CMBitMap*) 0x0000026dca7394d0
 Prev Bits: [0x0000026de1c10000, 0x0000026de3bc8000)
 Next Bits: [0x0000026de3bd0000, 0x0000026de5b88000)

Polling page: 0x0000026dc9ea0000

Metaspace:

Usage:
  Non-class:    779.98 KB used.
      Class:     65.43 KB used.
       Both:    845.41 KB used.

Virtual space:
  Non-class space:       64.00 MB reserved,     832.00 KB (  1%) committed,  1 nodes.
      Class space:        1.00 GB reserved,     128.00 KB ( <1%) committed,  1 nodes.
             Both:        1.06 GB reserved,     960.00 KB ( <1%) committed. 

Chunk freelists:
   Non-Class:  3.98 MB
       Class:  3.74 MB
        Both:  7.72 MB

MaxMetaspaceSize: unlimited
CompressedClassSpaceSize: 1.00 GB
Initial GC threshold: 21.00 MB
Current GC threshold: 21.00 MB
CDS: on
MetaspaceReclaimPolicy: balanced
 - commit_granule_bytes: 65536.
 - commit_granule_words: 8192.
 - virtual_space_node_default_size: 8388608.
 - enlarge_chunks_in_place: 1.
 - new_chunks_are_fully_committed: 0.
 - uncommit_free_chunks: 1.
 - use_allocation_guard: 0.


Internal statistics:

num_allocs_failed_limit: 0.
num_arena_births: 20.
num_arena_deaths: 0.
num_vsnodes_births: 2.
num_vsnodes_deaths: 0.
num_space_committed: 15.
num_space_uncommitted: 0.
num_chunks_returned_to_freelist: 0.
num_chunks_taken_from_freelist: 20.
num_chunk_merges: 0.
num_chunk_splits: 14.
num_chunks_enlarged: 8.
num_inconsistent_stats: 0.

CodeHeap 'non-profiled nmethods': size=120000Kb used=87Kb max_used=87Kb free=119912Kb
 bounds [0x0000026dd9ae0000, 0x0000026dd9d50000, 0x0000026de1010000]
CodeHeap 'profiled nmethods': size=120000Kb used=468Kb max_used=468Kb free=119531Kb
 bounds [0x0000026dd25b0000, 0x0000026dd2820000, 0x0000026dd9ae0000]
CodeHeap 'non-nmethods': size=5760Kb used=1116Kb max_used=1128Kb free=4644Kb
 bounds [0x0000026dd2010000, 0x0000026dd2280000, 0x0000026dd25b0000]
 total_blobs=716 nmethods=335 adapters=294
 compilation: enabled
              stopped_count=0, restarted_count=0
 full_count=0

Compilation events (20 events):
Event: 0.291 Thread 0x0000026de8030ec0 nmethod 327 0x0000026dd2621810 code [0x0000026dd2621a00, 0x0000026dd2621f38]
Event: 0.291 Thread 0x0000026de8030ec0  328       3       java.util.HashMap$KeyIterator::next (8 bytes)
Event: 0.291 Thread 0x0000026de8030ec0 nmethod 328 0x0000026dd2622110 code [0x0000026dd26222c0, 0x0000026dd2622408]
Event: 0.291 Thread 0x0000026de8030ec0  329       3       java.lang.StringLatin1::lastIndexOf (40 bytes)
Event: 0.292 Thread 0x0000026de8030ec0 nmethod 329 0x0000026dd2622510 code [0x0000026dd26226e0, 0x0000026dd2622ad8]
Event: 0.292 Thread 0x0000026de8030ec0  330       3       java.net.URI::match (56 bytes)
Event: 0.292 Thread 0x0000026de8030ec0 nmethod 330 0x0000026dd2622c10 code [0x0000026dd2622dc0, 0x0000026dd26230d8]
Event: 0.293 Thread 0x0000026de8030ec0  332       3       java.lang.invoke.LambdaForm$BasicType::basicType (19 bytes)
Event: 0.293 Thread 0x0000026de8030ec0 nmethod 332 0x0000026dd2623190 code [0x0000026dd2623360, 0x0000026dd26235b8]
Event: 0.293 Thread 0x0000026dec5532e0 nmethod 319 0x0000026dd9af3b10 code [0x0000026dd9af3ca0, 0x0000026dd9af3f38]
Event: 0.293 Thread 0x0000026dec5532e0  323       4       jdk.internal.module.Checks::isJavaIdentifier (76 bytes)
Event: 0.294 Thread 0x0000026de8030ec0  334       3       java.util.ImmutableCollections$SetN$SetNIterator::next (90 bytes)
Event: 0.294 Thread 0x0000026de8030ec0 nmethod 334 0x0000026dd2623710 code [0x0000026dd26238c0, 0x0000026dd2623be8]
Event: 0.294 Thread 0x0000026de8030ec0  335       3       sun.invoke.util.VerifyAccess::isClassAccessible (230 bytes)
Event: 0.294 Thread 0x0000026de800fcf0 nmethod 320 0x0000026dd9af4190 code [0x0000026dd9af4320, 0x0000026dd9af4858]
Event: 0.294 Thread 0x0000026de800fcf0  324       4       java.lang.StringLatin1::lastIndexOf (125 bytes)
Event: 0.296 Thread 0x0000026de8030ec0 nmethod 335 0x0000026dd2623d90 code [0x0000026dd2624080, 0x0000026dd2624f18]
Event: 0.296 Thread 0x0000026de8030ec0  336       3       sun.invoke.util.VerifyAccess::isTypeVisible (118 bytes)
Event: 0.298 Thread 0x0000026de800fcf0 nmethod 324 0x0000026dd9af4e10 code [0x0000026dd9af4fa0, 0x0000026dd9af5138]
Event: 0.298 Thread 0x0000026de800fcf0  325       4       java.util.ImmutableCollections$SetN::probe (56 bytes)

GC Heap History (0 events):
No events

Deoptimization events (0 events):
No events

Classes loaded (20 events):
Event: 0.158 Loading class java/nio/file/FileTreeWalker$Event
Event: 0.158 Loading class java/nio/file/FileTreeWalker$Event done
Event: 0.159 Loading class java/nio/file/FileTreeWalker$EventType
Event: 0.159 Loading class java/nio/file/FileTreeWalker$EventType done
Event: 0.172 Loading class sun/nio/fs/WindowsPath$WindowsPathWithAttributes
Event: 0.172 Loading class sun/nio/fs/BasicFileAttributesHolder
Event: 0.172 Loading class sun/nio/fs/BasicFileAttributesHolder done
Event: 0.173 Loading class sun/nio/fs/WindowsPath$WindowsPathWithAttributes done
Event: 0.265 Loading class sun/security/util/ManifestEntryVerifier
Event: 0.266 Loading class sun/security/util/ManifestEntryVerifier done
Event: 0.266 Loading class java/io/BufferedReader
Event: 0.266 Loading class java/io/Reader
Event: 0.266 Loading class java/io/Reader done
Event: 0.266 Loading class java/io/BufferedReader done
Event: 0.267 Loading class java/io/InputStreamReader
Event: 0.267 Loading class java/io/InputStreamReader done
Event: 0.267 Loading class sun/nio/cs/StreamDecoder
Event: 0.267 Loading class sun/nio/cs/StreamDecoder done
Event: 0.267 Loading class sun/nio/cs/UTF_8$Decoder
Event: 0.267 Loading class sun/nio/cs/UTF_8$Decoder done

Classes unloaded (0 events):
No events

Classes redefined (0 events):
No events

Internal exceptions (3 events):
Event: 0.159 Thread 0x0000026dc857a630 Exception <a 'java/lang/NoSuchMethodError'{0x00000000890297a0}: 'void java.lang.invoke.DirectMethodHandle$Holder.invokeVirtual(java.lang.Object, java.lang.Object)'> (0x00000000890297a0) 
thrown [s\open\src\hotspot\share\interpreter\linkResolver.cpp, line 759]
Event: 0.270 Thread 0x0000026dc857a630 Exception <a 'java/lang/NoSuchMethodError'{0x0000000088f861a8}: 'void java.lang.invoke.DirectMethodHandle$Holder.invokeSpecial(java.lang.Object, java.lang.Object, java.lang.Object)'> (0x0000000088f861a8) 
thrown [s\open\src\hotspot\share\interpreter\linkResolver.cpp, line 759]
Event: 0.297 Thread 0x0000026dc857a630 Exception <a 'java/lang/NoSuchMethodError'{0x0000000088e7aa70}: 'void java.lang.invoke.DirectMethodHandle$Holder.invokeSpecial(java.lang.Object, java.lang.Object, java.lang.Object, java.lang.Object, java.lang.Object)'> (0x0000000088e7aa70) 
thrown [s\open\src\hotspot\share\interpreter\linkResolver.cpp, line 759]

VM Operations (2 events):
Event: 0.217 Executing VM operation: HandshakeAllThreads
Event: 0.217 Executing VM operation: HandshakeAllThreads done

Events (17 events):
Event: 0.016 Loaded shared library C:\Program Files\Java\jdk-18.0.2.1\bin\java.dll
Event: 0.037 Loaded shared library C:\Program Files\Java\jdk-18.0.2.1\bin\jsvml.dll
Event: 0.037 Thread 0x0000026dc857a630 Thread added: 0x0000026dc857a630
Event: 0.043 Thread 0x0000026de7ff7710 Thread added: 0x0000026de7ff7710
Event: 0.043 Thread 0x0000026de7ff8500 Thread added: 0x0000026de7ff8500
Event: 0.067 Thread 0x0000026de800c6f0 Thread added: 0x0000026de800c6f0
Event: 0.067 Thread 0x0000026de800dfb0 Thread added: 0x0000026de800dfb0
Event: 0.067 Thread 0x0000026de800e860 Thread added: 0x0000026de800e860
Event: 0.068 Thread 0x0000026de800f110 Thread added: 0x0000026de800f110
Event: 0.068 Thread 0x0000026de800fcf0 Thread added: 0x0000026de800fcf0
Event: 0.069 Thread 0x0000026de8030ec0 Thread added: 0x0000026de8030ec0
Event: 0.070 Thread 0x0000026de8096da0 Thread added: 0x0000026de8096da0
Event: 0.118 Thread 0x0000026dec459560 Thread added: 0x0000026dec459560
Event: 0.131 Loaded shared library C:\Program Files\Java\jdk-18.0.2.1\bin\net.dll
Event: 0.134 Loaded shared library C:\Program Files\Java\jdk-18.0.2.1\bin\nio.dll
Event: 0.215 Loaded shared library C:\Program Files\Java\jdk-18.0.2.1\bin\zip.dll
Event: 0.261 Thread 0x0000026dec5532e0 Thread added: 0x0000026dec5532e0


Dynamic libraries:
0x00007ff6d4830000 - 0x00007ff6d4840000 	C:\Program Files\Java\jdk-18.0.2.1\bin\javaw.exe
0x00007fff5d070000 - 0x00007fff5d268000 	C:\WINDOWS\SYSTEM32\ntdll.dll
0x00007fff5cae0000 - 0x00007fff5cb9d000 	C:\WINDOWS\System32\KERNEL32.DLL
0x00007fff5a7e0000 - 0x00007fff5aad6000 	C:\WINDOWS\System32\KERNELBASE.dll
0x00007fff5af20000 - 0x00007fff5b020000 	C:\WINDOWS\System32\ucrtbase.dll
0x00007fff14210000 - 0x00007fff14228000 	C:\Program Files\Java\jdk-18.0.2.1\bin\jli.dll
0x00007fff5c2a0000 - 0x00007fff5c353000 	C:\WINDOWS\System32\ADVAPI32.dll
0x00007fff5c360000 - 0x00007fff5c3fe000 	C:\WINDOWS\System32\msvcrt.dll
0x00007fff5c070000 - 0x00007fff5c10f000 	C:\WINDOWS\System32\sechost.dll
0x00007fff5c9b0000 - 0x00007fff5cad6000 	C:\WINDOWS\System32\RPCRT4.dll
0x00007fff5a740000 - 0x00007fff5a767000 	C:\WINDOWS\System32\bcrypt.dll
0x00007fff5bc80000 - 0x00007fff5be1e000 	C:\WINDOWS\System32\USER32.dll
0x00007fff5aef0000 - 0x00007fff5af12000 	C:\WINDOWS\System32\win32u.dll
0x00007fff174f0000 - 0x00007fff1750a000 	C:\Program Files\Java\jdk-18.0.2.1\bin\VCRUNTIME140.dll
0x00007fff5ccc0000 - 0x00007fff5ccec000 	C:\WINDOWS\System32\GDI32.dll
0x00007fff5ab70000 - 0x00007fff5ac8a000 	C:\WINDOWS\System32\gdi32full.dll
0x00007fff5b020000 - 0x00007fff5b0bd000 	C:\WINDOWS\System32\msvcp_win.dll
0x00007fff4f240000 - 0x00007fff4f4da000 	C:\WINDOWS\WinSxS\amd64_microsoft.windows.common-controls_6595b64144ccf1df_6.0.19041.3636_none_60b6a03d71f818d5\COMCTL32.dll
0x00007fff4acf0000 - 0x00007fff4acfa000 	C:\WINDOWS\SYSTEM32\VERSION.dll
0x00007fff5c040000 - 0x00007fff5c070000 	C:\WINDOWS\System32\IMM32.DLL
0x00007fff561e0000 - 0x00007fff561ec000 	C:\Program Files\Java\jdk-18.0.2.1\bin\vcruntime140_1.dll
0x00007fff13b30000 - 0x00007fff13bbd000 	C:\Program Files\Java\jdk-18.0.2.1\bin\msvcp140.dll
0x00007ffefddd0000 - 0x00007ffefe9e1000 	C:\Program Files\Java\jdk-18.0.2.1\bin\server\jvm.dll
0x00007fff5c110000 - 0x00007fff5c118000 	C:\WINDOWS\System32\PSAPI.DLL
0x00007fff55820000 - 0x00007fff55847000 	C:\WINDOWS\SYSTEM32\WINMM.dll
0x00007fff56090000 - 0x00007fff56099000 	C:\WINDOWS\SYSTEM32\WSOCK32.dll
0x00007fff5c230000 - 0x00007fff5c29b000 	C:\WINDOWS\System32\WS2_32.dll
0x00007fff585f0000 - 0x00007fff58602000 	C:\WINDOWS\SYSTEM32\kernel.appcore.dll
0x00007fff52c00000 - 0x00007fff52c0a000 	C:\Program Files\Java\jdk-18.0.2.1\bin\jimage.dll
0x00007fff497b0000 - 0x00007fff49994000 	C:\WINDOWS\SYSTEM32\DBGHELP.DLL
0x00007fff49770000 - 0x00007fff497a4000 	C:\WINDOWS\SYSTEM32\dbgcore.DLL
0x00007fff5aae0000 - 0x00007fff5ab62000 	C:\WINDOWS\System32\bcryptPrimitives.dll
0x00007fff13ff0000 - 0x00007fff14015000 	C:\Program Files\Java\jdk-18.0.2.1\bin\java.dll
0x00007fff13a50000 - 0x00007fff13b26000 	C:\Program Files\Java\jdk-18.0.2.1\bin\jsvml.dll
0x00007fff5b0c0000 - 0x00007fff5b805000 	C:\WINDOWS\System32\SHELL32.dll
0x00007fff587f0000 - 0x00007fff58f8b000 	C:\WINDOWS\SYSTEM32\windows.storage.dll
0x00007fff5c640000 - 0x00007fff5c994000 	C:\WINDOWS\System32\combase.dll
0x00007fff5a100000 - 0x00007fff5a12d000 	C:\WINDOWS\SYSTEM32\Wldp.dll
0x00007fff5c120000 - 0x00007fff5c1cd000 	C:\WINDOWS\System32\SHCORE.dll
0x00007fff5c1d0000 - 0x00007fff5c225000 	C:\WINDOWS\System32\shlwapi.dll
0x00007fff5a670000 - 0x00007fff5a695000 	C:\WINDOWS\SYSTEM32\profapi.dll
0x00007fff141f0000 - 0x00007fff14203000 	C:\Program Files\Java\jdk-18.0.2.1\bin\net.dll
0x00007fff4dbe0000 - 0x00007fff4dcea000 	C:\WINDOWS\SYSTEM32\WINHTTP.dll
0x00007fff59e60000 - 0x00007fff59eca000 	C:\WINDOWS\system32\mswsock.dll
0x00007fff13fd0000 - 0x00007fff13fe6000 	C:\Program Files\Java\jdk-18.0.2.1\bin\nio.dll
0x00007fff13fb0000 - 0x00007fff13fc8000 	C:\Program Files\Java\jdk-18.0.2.1\bin\zip.dll

dbghelp: loaded successfully - version: 4.0.5 - missing functions: none
symbol engine: initialized successfully - sym options: 0x614 - pdb path: .;C:\Program Files\Java\jdk-18.0.2.1\bin;C:\WINDOWS\SYSTEM32;C:\WINDOWS\WinSxS\amd64_microsoft.windows.common-controls_6595b64144ccf1df_6.0.19041.3636_none_60b6a03d71f818d5;C:\Program Files\Java\jdk-18.0.2.1\bin\server

VM Arguments:
jvm_args: -Dfile.encoding=UTF-8 --module-path=C:\Users\Amit\eclipse-workspace\TravelManagementSystem\bin;E:\Tushar Jain\Study Material\Ducat\JAVA\Software\mysql-connector-java-8.0.26.jar;E:\Tushar Jain\Study Material\Ducat\JAVA\Software\New folder\swingx-all-1.6.4.jar\swingx-all-1.6.4.jar -XX:+ShowCodeDetailsInExceptionMessages -Djdk.module.main=TravelManagementSysten 
java_command: TravelManagementSysten/Travel.Management.System.splash
java_class_path (initial): <not set>
Launcher Type: SUN_STANDARD

[Global flags]
     intx CICompilerCount                          = 3                                         {product} {ergonomic}
     uint ConcGCThreads                            = 1                                         {product} {ergonomic}
     uint G1ConcRefinementThreads                  = 4                                         {product} {ergonomic}
   size_t G1HeapRegionSize                         = 1048576                                   {product} {ergonomic}
    uintx GCDrainStackTargetSize                   = 64                                        {product} {ergonomic}
   size_t InitialHeapSize                          = 134217728                                 {product} {ergonomic}
   size_t MarkStackSize                            = 4194304                                   {product} {ergonomic}
   size_t MaxHeapSize                              = 2128609280                                {product} {ergonomic}
   size_t MaxNewSize                               = 1277165568                                {product} {ergonomic}
   size_t MinHeapDeltaBytes                        = 1048576                                   {product} {ergonomic}
   size_t MinHeapSize                              = 8388608                                   {product} {ergonomic}
    uintx NonNMethodCodeHeapSize                   = 5832780                                {pd product} {ergonomic}
    uintx NonProfiledCodeHeapSize                  = 122912730                              {pd product} {ergonomic}
    uintx ProfiledCodeHeapSize                     = 122912730                              {pd product} {ergonomic}
    uintx ReservedCodeCacheSize                    = 251658240                              {pd product} {ergonomic}
     bool SegmentedCodeCache                       = true                                      {product} {ergonomic}
     bool ShowCodeDetailsInExceptionMessages       = true                                   {manageable} {command line}
   size_t SoftMaxHeapSize                          = 2128609280                             {manageable} {ergonomic}
     bool UseCompressedClassPointers               = true                           {product lp64_product} {ergonomic}
     bool UseCompressedOops                        = true                           {product lp64_product} {ergonomic}
     bool UseG1GC                                  = true                                      {product} {ergonomic}
     bool UseLargePagesIndividualAllocation        = false                                  {pd product} {ergonomic}

Logging:
Log output configuration:
 #0: stdout all=warning uptime,level,tags foldmultilines=false
 #1: stderr all=off uptime,level,tags foldmultilines=false

Environment Variables:
PATH=C:\Program Files\Common Files\Oracle\Java\javapath;C:\WINDOWS\system32;C:\WINDOWS;C:\WINDOWS\System32\Wbem;C:\WINDOWS\System32\WindowsPowerShell\v1.0\;C:\WINDOWS\System32\OpenSSH\;C:\Program Files\Java\jdk-18.0.2.1\bin;C:\Users\Amit\AppData\Local\Microsoft\WindowsApps;C:\Program Files\JetBrains\IntelliJ IDEA Community Edition 2022.2.3\bin;;C:\Program Files\CodeBlocks\MinGW\bin;;C:\Users\Amit\AppData\Local\Programs\Microsoft VS Code\bin
USERNAME=Amit
OS=Windows_NT
PROCESSOR_IDENTIFIER=Intel64 Family 6 Model 61 Stepping 4, GenuineIntel



---------------  S Y S T E M  ---------------

OS:
 Windows 10 , 64 bit Build 19041 (10.0.19041.3636)
OS uptime: 3 days 5:10 hours

CPU: total 4 (initial active 4) (2 cores per cpu, 2 threads per core) family 6 model 61 stepping 4 microcode 0x2d, cx8, cmov, fxsr, ht, mmx, 3dnowpref, sse, sse2, sse3, ssse3, sse4.1, sse4.2, popcnt, lzcnt, tsc, tscinvbit, avx, avx2, aes, erms, clmul, bmi1, bmi2, adx, fma, vzeroupper, clflush

Memory: 4k page, system-wide physical 8112M (976M free)
TotalPageFile size 27301M (AvailPageFile size 4M)
current process WorkingSet (physical memory assigned to process): 37M, peak: 37M
current process commit charge ("private bytes"): 203M, peak: 203M

vm_info: Java HotSpot(TM) 64-Bit Server VM (18.0.2.1+1-1) for windows-amd64 JRE (18.0.2.1+1-1), built on Aug 16 2022 01:46:33 by "mach5one" with MS VC++ 16.8 / 16.9 (VS2019)

END.
