#
# There is insufficient memory for the Java Runtime Environment to continue.
# Native memory allocation (mmap) failed to map 65536 bytes for Failed to commit metaspace.
# Possible reasons:
#   The system is out of physical RAM or swap space
#   The process is running with CompressedOops enabled, and the Java Heap may be blocking the growth of the native heap
# Possible solutions:
#   Reduce memory load on the system
#   Increase physical memory or swap space
#   Check if swap backing store is full
#   Decrease Java heap size (-Xmx/-Xms)
#   Decrease number of Java threads
#   Decrease Java thread stack sizes (-Xss)
#   Set larger code cache with -XX:ReservedCodeCacheSize=
#   JVM is running with Unscaled Compressed Oops mode in which the Java heap is
#     placed in the first 4GB address space. The Java Heap base address is the
#     maximum limit for the native heap growth. Please use -XX:HeapBaseMinAddress
#     to set the Java Heap base and to place the Java Heap above 4GB virtual address.
# This output file may be truncated or incomplete.
#
#  Out of Memory Error (virtualSpaceNode.cpp:110), pid=21428, tid=20088
#
# JRE version: Java(TM) SE Runtime Environment (18.0.2.1+1) (build 18.0.2.1+1-1)
# Java VM: Java HotSpot(TM) 64-Bit Server VM (18.0.2.1+1-1, mixed mode, tiered, compressed oops, compressed class ptrs, g1 gc, windows-amd64)
# No core dump will be written. Minidumps are not enabled by default on client versions of Windows
#

---------------  S U M M A R Y ------------

Command Line: -Dfile.encoding=UTF-8 --module-path=C:\Users\Amit\eclipse-workspace\TravelManagementSystem\bin;E:\Tushar Jain\Study Material\Ducat\JAVA\Software\mysql-connector-java-8.0.26.jar;E:\Tushar Jain\Study Material\Ducat\JAVA\Software\New folder\swingx-all-1.6.4.jar\swingx-all-1.6.4.jar -XX:+ShowCodeDetailsInExceptionMessages -Djdk.module.main=TravelManagementSysten TravelManagementSysten/Travel.Management.System.Dashboard

Host: Intel(R) Core(TM) i3-5005U CPU @ 2.00GHz, 4 cores, 7G,  Windows 10 , 64 bit Build 19041 (10.0.19041.3636)
Time: Sun Feb  4 23:12:24 2024 India Standard Time elapsed time: 0.464607 seconds (0d 0h 0m 0s)

---------------  T H R E A D  ---------------

Current thread (0x0000016e1bf59b70):  JavaThread "main" [_thread_in_vm, id=20088, stack(0x0000003742a00000,0x0000003742b00000)]

Stack: [0x0000003742a00000,0x0000003742b00000]
Native frames: (J=compiled Java code, j=interpreted, Vv=VM code, C=native code)
V  [jvm.dll+0x6993aa]
V  [jvm.dll+0x7f46dd]
V  [jvm.dll+0x7f5fee]
V  [jvm.dll+0x7f66a3]
V  [jvm.dll+0x25cf1f]
V  [jvm.dll+0x7f03eb]
V  [jvm.dll+0x63f526]
V  [jvm.dll+0x63f58a]
V  [jvm.dll+0x641e0e]
V  [jvm.dll+0x641cce]
V  [jvm.dll+0x63feee]
V  [jvm.dll+0x25169f]
V  [jvm.dll+0x64a525]
V  [jvm.dll+0x202961]
V  [jvm.dll+0x202e95]
V  [jvm.dll+0x2038cf]
V  [jvm.dll+0x1f8d61]
V  [jvm.dll+0x55dc05]
V  [jvm.dll+0x209c17]
V  [jvm.dll+0x76dd8d]
V  [jvm.dll+0x76f0c6]
V  [jvm.dll+0x76f3f8]
V  [jvm.dll+0x255346]
V  [jvm.dll+0x25558f]
V  [jvm.dll+0x57c603]
V  [jvm.dll+0x57ea44]
V  [jvm.dll+0x3a496e]
V  [jvm.dll+0x3a4432]
C  0x0000016e250a8a7e

Java frames: (J=compiled Java code, j=interpreted, Vv=VM code)
j  java.io.WinNTFileSystem.hashCode(Ljava/io/File;)I+4 java.base@18.0.2.1
j  java.io.File.hashCode()I+4 java.base@18.0.2.1
j  java.util.zip.ZipFile$Source$Key.hashCode()I+41 java.base@18.0.2.1
J 35 c1 java.util.HashMap.hash(Ljava/lang/Object;)I java.base@18.0.2.1 (20 bytes) @ 0x0000016e25639f6c [0x0000016e25639e40+0x000000000000012c]
j  java.util.HashMap.put(Ljava/lang/Object;Ljava/lang/Object;)Ljava/lang/Object;+2 java.base@18.0.2.1
j  java.util.zip.ZipFile$Source.get(Ljava/io/File;ZLjava/util/zip/ZipCoder;)Ljava/util/zip/ZipFile$Source;+172 java.base@18.0.2.1
j  java.util.zip.ZipFile$CleanableResource.<init>(Ljava/util/zip/ZipFile;Ljava/util/zip/ZipCoder;Ljava/io/File;I)V+56 java.base@18.0.2.1
j  java.util.zip.ZipFile.<init>(Ljava/io/File;ILjava/nio/charset/Charset;)V+123 java.base@18.0.2.1
j  java.util.zip.ZipFile.<init>(Ljava/io/File;I)V+6 java.base@18.0.2.1
j  java.util.jar.JarFile.<init>(Ljava/io/File;ZILjava/lang/Runtime$Version;)V+3 java.base@18.0.2.1
j  jdk.internal.module.ModulePath.readJar(Ljava/nio/file/Path;)Ljava/lang/module/ModuleReference;+16 java.base@18.0.2.1
j  jdk.internal.module.ModulePath.readModule(Ljava/nio/file/Path;Ljava/nio/file/attribute/BasicFileAttributes;)Ljava/lang/module/ModuleReference;+60 java.base@18.0.2.1
j  jdk.internal.module.ModulePath.scan(Ljava/nio/file/Path;)Ljava/util/Map;+67 java.base@18.0.2.1
j  jdk.internal.module.ModulePath.scanNextEntry()V+23 java.base@18.0.2.1
j  jdk.internal.module.ModulePath.find(Ljava/lang/String;)Ljava/util/Optional;+36 java.base@18.0.2.1
j  java.lang.module.ModuleFinder$2.lambda$find$0(Ljava/lang/String;Ljava/lang/module/ModuleFinder;)Ljava/util/Optional;+2 java.base@18.0.2.1
j  java.lang.module.ModuleFinder$2$$Lambda$1+0x000000010003b418.apply(Ljava/lang/Object;)Ljava/lang/Object;+8 java.base@18.0.2.1
j  java.util.stream.ReferencePipeline$3$1.accept(Ljava/lang/Object;)V+12 java.base@18.0.2.1
j  java.util.AbstractList$RandomAccessSpliterator.tryAdvance(Ljava/util/function/Consumer;)Z+43 java.base@18.0.2.1
j  java.util.stream.ReferencePipeline.forEachWithCancel(Ljava/util/Spliterator;Ljava/util/stream/Sink;)Z+13 java.base@18.0.2.1
j  java.util.stream.AbstractPipeline.copyIntoWithCancel(Ljava/util/stream/Sink;Ljava/util/Spliterator;)Z+32 java.base@18.0.2.1
j  java.util.stream.AbstractPipeline.copyInto(Ljava/util/stream/Sink;Ljava/util/Spliterator;)V+49 java.base@18.0.2.1
j  java.util.stream.AbstractPipeline.wrapAndCopyInto(Ljava/util/stream/Sink;Ljava/util/Spliterator;)Ljava/util/stream/Sink;+13 java.base@18.0.2.1
j  java.util.stream.FindOps$FindOp.evaluateSequential(Ljava/util/stream/PipelineHelper;Ljava/util/Spliterator;)Ljava/lang/Object;+14 java.base@18.0.2.1
j  java.util.stream.AbstractPipeline.evaluate(Ljava/util/stream/TerminalOp;)Ljava/lang/Object;+88 java.base@18.0.2.1
j  java.util.stream.ReferencePipeline.findFirst()Ljava/util/Optional;+5 java.base@18.0.2.1
j  java.lang.module.ModuleFinder$2.find(Ljava/lang/String;)Ljava/util/Optional;+53 java.base@18.0.2.1
j  java.lang.module.Resolver.findWithBeforeFinder(Ljava/lang/String;)Ljava/lang/module/ModuleReference;+5 java.base@18.0.2.1
j  java.lang.module.Resolver.resolve(Ljava/util/Deque;)Ljava/util/Set;+155 java.base@18.0.2.1
j  java.lang.module.Resolver.resolve(Ljava/util/Collection;)Ljava/lang/module/Resolver;+135 java.base@18.0.2.1
j  java.lang.module.Configuration.resolveAndBind(Ljava/lang/module/ModuleFinder;Ljava/util/Collection;Ljava/io/PrintStream;)Ljava/lang/module/Configuration;+29 java.base@18.0.2.1
j  java.lang.module.ModuleDescriptor$1.resolveAndBind(Ljava/lang/module/ModuleFinder;Ljava/util/Collection;Ljava/io/PrintStream;)Ljava/lang/module/Configuration;+3 java.base@18.0.2.1
j  jdk.internal.module.Modules.newBootLayerConfiguration(Ljava/lang/module/ModuleFinder;Ljava/util/Collection;Ljava/io/PrintStream;)Ljava/lang/module/Configuration;+6 java.base@18.0.2.1
j  jdk.internal.module.ModuleBootstrap.boot2()Ljava/lang/ModuleLayer;+896 java.base@18.0.2.1
j  jdk.internal.module.ModuleBootstrap.boot()Ljava/lang/ModuleLayer;+64 java.base@18.0.2.1
j  java.lang.System.initPhase2(ZZ)I+0 java.base@18.0.2.1
v  ~StubRoutines::call_stub

---------------  P R O C E S S  ---------------

Threads class SMR info:
_java_thread_list=0x0000016e3fda22e0, length=11, elements={
0x0000016e1bf59b70, 0x0000016e3b87f550, 0x0000016e3b881f60, 0x0000016e3b8af790,
0x0000016e3b8b2c70, 0x0000016e3b8b3130, 0x0000016e3b8b4470, 0x0000016e3b8b4c60,
0x0000016e3fc18050, 0x0000016e3b8ccff0, 0x0000016e3fd0a400
}

Java Threads: ( => current thread )
=>0x0000016e1bf59b70 JavaThread "main" [_thread_in_vm, id=20088, stack(0x0000003742a00000,0x0000003742b00000)]
  0x0000016e3b87f550 JavaThread "Reference Handler" daemon [_thread_blocked, id=17532, stack(0x0000003743100000,0x0000003743200000)]
  0x0000016e3b881f60 JavaThread "Finalizer" daemon [_thread_blocked, id=20380, stack(0x0000003743200000,0x0000003743300000)]
  0x0000016e3b8af790 JavaThread "Signal Dispatcher" daemon [_thread_blocked, id=17464, stack(0x0000003743300000,0x0000003743400000)]
  0x0000016e3b8b2c70 JavaThread "Attach Listener" daemon [_thread_blocked, id=18892, stack(0x0000003743400000,0x0000003743500000)]
  0x0000016e3b8b3130 JavaThread "Service Thread" daemon [_thread_blocked, id=10296, stack(0x0000003743500000,0x0000003743600000)]
  0x0000016e3b8b4470 JavaThread "Monitor Deflation Thread" daemon [_thread_blocked, id=8516, stack(0x0000003743600000,0x0000003743700000)]
  0x0000016e3b8b4c60 JavaThread "C2 CompilerThread0" daemon [_thread_blocked, id=21180, stack(0x0000003743700000,0x0000003743800000)]
  0x0000016e3fc18050 JavaThread "C1 CompilerThread0" daemon [_thread_blocked, id=17460, stack(0x0000003743800000,0x0000003743900000)]
  0x0000016e3b8ccff0 JavaThread "Sweeper thread" daemon [_thread_blocked, id=20808, stack(0x0000003743900000,0x0000003743a00000)]
  0x0000016e3fd0a400 JavaThread "Common-Cleaner" daemon [_thread_blocked, id=20788, stack(0x0000003743a00000,0x0000003743b00000)]

Other Threads:
  0x0000016e1bfdaf20 VMThread "VM Thread" [stack: 0x0000003743000000,0x0000003743100000] [id=21372]
  0x0000016e1bfbaa60 WorkerThread "GC Thread#0" [stack: 0x0000003742b00000,0x0000003742c00000] [id=9452]
  0x0000016e1bfcde20 ConcurrentGCThread "G1 Main Marker" [stack: 0x0000003742c00000,0x0000003742d00000] [id=7032]
  0x0000016e1bfce720 WorkerThread "G1 Conc#0" [stack: 0x0000003742d00000,0x0000003742e00000] [id=8240]
  0x0000016e1c00e710 ConcurrentGCThread "G1 Refine#0" [stack: 0x0000003742e00000,0x0000003742f00000] [id=7436]
  0x0000016e1c010b50 ConcurrentGCThread "G1 Service" [stack: 0x0000003742f00000,0x0000003743000000] [id=11324]

Threads with active compile tasks:

VM state: not at safepoint (normal execution)

VM Mutex/Monitor currently owned by a thread:  ([mutex/lock_event])
[0x0000016e1bf53ed0] Metaspace_lock - owner thread: 0x0000016e1bf59b70

Heap address: 0x0000000081200000, size: 2030 MB, Compressed Oops mode: 32-bit

CDS archive(s) not mapped
Compressed class space mapped at: 0x0000000100000000-0x0000000140000000, reserved size: 1073741824
Narrow klass base: 0x0000000000000000, Narrow klass shift: 3, Narrow klass range: 0x140000000

GC Precious Log:
 CardTable entry size: 512
 Card Set container configuration: InlinePtr #cards 5 size 8 Array Of Cards #cards 12 size 40 Howl #buckets 4 coarsen threshold 1843 Howl Bitmap #cards 512 size 80 coarsen threshold 460 Card regions per heap region 1 cards per card region 2048
 CPUs: 4 total, 4 available
 Memory: 8112M
 Large Page Support: Disabled
 NUMA Support: Disabled
 Compressed Oops: Enabled (32-bit)
 Heap Region Size: 1M
 Heap Min Capacity: 8M
 Heap Initial Capacity: 128M
 Heap Max Capacity: 2030M
 Pre-touch: Disabled
 Parallel Workers: 4
 Concurrent Workers: 1
 Concurrent Refinement Workers: 4
 Periodic GC: Disabled

Heap:
 garbage-first heap   total 131072K, used 1024K [0x0000000081200000, 0x0000000100000000)
  region size 1024K, 2 young (2048K), 0 survivors (0K)
 Metaspace       used 6009K, committed 6080K, reserved 1114112K
  class space    used 500K, committed 512K, reserved 1048576K

Heap Regions: E=young(eden), S=young(survivor), O=old, HS=humongous(starts), HC=humongous(continues), CS=collection set, F=free, OA=open archive, CA=closed archive, TAMS=top-at-mark-start (previous, next)
|   0|0x0000000081200000, 0x0000000081200000, 0x0000000081300000|  0%| F|  |TAMS 0x0000000081200000, 0x0000000081200000| Untracked 
|   1|0x0000000081300000, 0x0000000081300000, 0x0000000081400000|  0%| F|  |TAMS 0x0000000081300000, 0x0000000081300000| Untracked 
|   2|0x0000000081400000, 0x0000000081400000, 0x0000000081500000|  0%| F|  |TAMS 0x0000000081400000, 0x0000000081400000| Untracked 
|   3|0x0000000081500000, 0x0000000081500000, 0x0000000081600000|  0%| F|  |TAMS 0x0000000081500000, 0x0000000081500000| Untracked 
|   4|0x0000000081600000, 0x0000000081600000, 0x0000000081700000|  0%| F|  |TAMS 0x0000000081600000, 0x0000000081600000| Untracked 
|   5|0x0000000081700000, 0x0000000081700000, 0x0000000081800000|  0%| F|  |TAMS 0x0000000081700000, 0x0000000081700000| Untracked 
|   6|0x0000000081800000, 0x0000000081800000, 0x0000000081900000|  0%| F|  |TAMS 0x0000000081800000, 0x0000000081800000| Untracked 
|   7|0x0000000081900000, 0x0000000081900000, 0x0000000081a00000|  0%| F|  |TAMS 0x0000000081900000, 0x0000000081900000| Untracked 
|   8|0x0000000081a00000, 0x0000000081a00000, 0x0000000081b00000|  0%| F|  |TAMS 0x0000000081a00000, 0x0000000081a00000| Untracked 
|   9|0x0000000081b00000, 0x0000000081b00000, 0x0000000081c00000|  0%| F|  |TAMS 0x0000000081b00000, 0x0000000081b00000| Untracked 
|  10|0x0000000081c00000, 0x0000000081c00000, 0x0000000081d00000|  0%| F|  |TAMS 0x0000000081c00000, 0x0000000081c00000| Untracked 
|  11|0x0000000081d00000, 0x0000000081d00000, 0x0000000081e00000|  0%| F|  |TAMS 0x0000000081d00000, 0x0000000081d00000| Untracked 
|  12|0x0000000081e00000, 0x0000000081e00000, 0x0000000081f00000|  0%| F|  |TAMS 0x0000000081e00000, 0x0000000081e00000| Untracked 
|  13|0x0000000081f00000, 0x0000000081f00000, 0x0000000082000000|  0%| F|  |TAMS 0x0000000081f00000, 0x0000000081f00000| Untracked 
|  14|0x0000000082000000, 0x0000000082000000, 0x0000000082100000|  0%| F|  |TAMS 0x0000000082000000, 0x0000000082000000| Untracked 
|  15|0x0000000082100000, 0x0000000082100000, 0x0000000082200000|  0%| F|  |TAMS 0x0000000082100000, 0x0000000082100000| Untracked 
|  16|0x0000000082200000, 0x0000000082200000, 0x0000000082300000|  0%| F|  |TAMS 0x0000000082200000, 0x0000000082200000| Untracked 
|  17|0x0000000082300000, 0x0000000082300000, 0x0000000082400000|  0%| F|  |TAMS 0x0000000082300000, 0x0000000082300000| Untracked 
|  18|0x0000000082400000, 0x0000000082400000, 0x0000000082500000|  0%| F|  |TAMS 0x0000000082400000, 0x0000000082400000| Untracked 
|  19|0x0000000082500000, 0x0000000082500000, 0x0000000082600000|  0%| F|  |TAMS 0x0000000082500000, 0x0000000082500000| Untracked 
|  20|0x0000000082600000, 0x0000000082600000, 0x0000000082700000|  0%| F|  |TAMS 0x0000000082600000, 0x0000000082600000| Untracked 
|  21|0x0000000082700000, 0x0000000082700000, 0x0000000082800000|  0%| F|  |TAMS 0x0000000082700000, 0x0000000082700000| Untracked 
|  22|0x0000000082800000, 0x0000000082800000, 0x0000000082900000|  0%| F|  |TAMS 0x0000000082800000, 0x0000000082800000| Untracked 
|  23|0x0000000082900000, 0x0000000082900000, 0x0000000082a00000|  0%| F|  |TAMS 0x0000000082900000, 0x0000000082900000| Untracked 
|  24|0x0000000082a00000, 0x0000000082a00000, 0x0000000082b00000|  0%| F|  |TAMS 0x0000000082a00000, 0x0000000082a00000| Untracked 
|  25|0x0000000082b00000, 0x0000000082b00000, 0x0000000082c00000|  0%| F|  |TAMS 0x0000000082b00000, 0x0000000082b00000| Untracked 
|  26|0x0000000082c00000, 0x0000000082c00000, 0x0000000082d00000|  0%| F|  |TAMS 0x0000000082c00000, 0x0000000082c00000| Untracked 
|  27|0x0000000082d00000, 0x0000000082d00000, 0x0000000082e00000|  0%| F|  |TAMS 0x0000000082d00000, 0x0000000082d00000| Untracked 
|  28|0x0000000082e00000, 0x0000000082e00000, 0x0000000082f00000|  0%| F|  |TAMS 0x0000000082e00000, 0x0000000082e00000| Untracked 
|  29|0x0000000082f00000, 0x0000000082f00000, 0x0000000083000000|  0%| F|  |TAMS 0x0000000082f00000, 0x0000000082f00000| Untracked 
|  30|0x0000000083000000, 0x0000000083000000, 0x0000000083100000|  0%| F|  |TAMS 0x0000000083000000, 0x0000000083000000| Untracked 
|  31|0x0000000083100000, 0x0000000083100000, 0x0000000083200000|  0%| F|  |TAMS 0x0000000083100000, 0x0000000083100000| Untracked 
|  32|0x0000000083200000, 0x0000000083200000, 0x0000000083300000|  0%| F|  |TAMS 0x0000000083200000, 0x0000000083200000| Untracked 
|  33|0x0000000083300000, 0x0000000083300000, 0x0000000083400000|  0%| F|  |TAMS 0x0000000083300000, 0x0000000083300000| Untracked 
|  34|0x0000000083400000, 0x0000000083400000, 0x0000000083500000|  0%| F|  |TAMS 0x0000000083400000, 0x0000000083400000| Untracked 
|  35|0x0000000083500000, 0x0000000083500000, 0x0000000083600000|  0%| F|  |TAMS 0x0000000083500000, 0x0000000083500000| Untracked 
|  36|0x0000000083600000, 0x0000000083600000, 0x0000000083700000|  0%| F|  |TAMS 0x0000000083600000, 0x0000000083600000| Untracked 
|  37|0x0000000083700000, 0x0000000083700000, 0x0000000083800000|  0%| F|  |TAMS 0x0000000083700000, 0x0000000083700000| Untracked 
|  38|0x0000000083800000, 0x0000000083800000, 0x0000000083900000|  0%| F|  |TAMS 0x0000000083800000, 0x0000000083800000| Untracked 
|  39|0x0000000083900000, 0x0000000083900000, 0x0000000083a00000|  0%| F|  |TAMS 0x0000000083900000, 0x0000000083900000| Untracked 
|  40|0x0000000083a00000, 0x0000000083a00000, 0x0000000083b00000|  0%| F|  |TAMS 0x0000000083a00000, 0x0000000083a00000| Untracked 
|  41|0x0000000083b00000, 0x0000000083b00000, 0x0000000083c00000|  0%| F|  |TAMS 0x0000000083b00000, 0x0000000083b00000| Untracked 
|  42|0x0000000083c00000, 0x0000000083c00000, 0x0000000083d00000|  0%| F|  |TAMS 0x0000000083c00000, 0x0000000083c00000| Untracked 
|  43|0x0000000083d00000, 0x0000000083d00000, 0x0000000083e00000|  0%| F|  |TAMS 0x0000000083d00000, 0x0000000083d00000| Untracked 
|  44|0x0000000083e00000, 0x0000000083e00000, 0x0000000083f00000|  0%| F|  |TAMS 0x0000000083e00000, 0x0000000083e00000| Untracked 
|  45|0x0000000083f00000, 0x0000000083f00000, 0x0000000084000000|  0%| F|  |TAMS 0x0000000083f00000, 0x0000000083f00000| Untracked 
|  46|0x0000000084000000, 0x0000000084000000, 0x0000000084100000|  0%| F|  |TAMS 0x0000000084000000, 0x0000000084000000| Untracked 
|  47|0x0000000084100000, 0x0000000084100000, 0x0000000084200000|  0%| F|  |TAMS 0x0000000084100000, 0x0000000084100000| Untracked 
|  48|0x0000000084200000, 0x0000000084200000, 0x0000000084300000|  0%| F|  |TAMS 0x0000000084200000, 0x0000000084200000| Untracked 
|  49|0x0000000084300000, 0x0000000084300000, 0x0000000084400000|  0%| F|  |TAMS 0x0000000084300000, 0x0000000084300000| Untracked 
|  50|0x0000000084400000, 0x0000000084400000, 0x0000000084500000|  0%| F|  |TAMS 0x0000000084400000, 0x0000000084400000| Untracked 
|  51|0x0000000084500000, 0x0000000084500000, 0x0000000084600000|  0%| F|  |TAMS 0x0000000084500000, 0x0000000084500000| Untracked 
|  52|0x0000000084600000, 0x0000000084600000, 0x0000000084700000|  0%| F|  |TAMS 0x0000000084600000, 0x0000000084600000| Untracked 
|  53|0x0000000084700000, 0x0000000084700000, 0x0000000084800000|  0%| F|  |TAMS 0x0000000084700000, 0x0000000084700000| Untracked 
|  54|0x0000000084800000, 0x0000000084800000, 0x0000000084900000|  0%| F|  |TAMS 0x0000000084800000, 0x0000000084800000| Untracked 
|  55|0x0000000084900000, 0x0000000084900000, 0x0000000084a00000|  0%| F|  |TAMS 0x0000000084900000, 0x0000000084900000| Untracked 
|  56|0x0000000084a00000, 0x0000000084a00000, 0x0000000084b00000|  0%| F|  |TAMS 0x0000000084a00000, 0x0000000084a00000| Untracked 
|  57|0x0000000084b00000, 0x0000000084b00000, 0x0000000084c00000|  0%| F|  |TAMS 0x0000000084b00000, 0x0000000084b00000| Untracked 
|  58|0x0000000084c00000, 0x0000000084c00000, 0x0000000084d00000|  0%| F|  |TAMS 0x0000000084c00000, 0x0000000084c00000| Untracked 
|  59|0x0000000084d00000, 0x0000000084d00000, 0x0000000084e00000|  0%| F|  |TAMS 0x0000000084d00000, 0x0000000084d00000| Untracked 
|  60|0x0000000084e00000, 0x0000000084e00000, 0x0000000084f00000|  0%| F|  |TAMS 0x0000000084e00000, 0x0000000084e00000| Untracked 
|  61|0x0000000084f00000, 0x0000000084f00000, 0x0000000085000000|  0%| F|  |TAMS 0x0000000084f00000, 0x0000000084f00000| Untracked 
|  62|0x0000000085000000, 0x0000000085000000, 0x0000000085100000|  0%| F|  |TAMS 0x0000000085000000, 0x0000000085000000| Untracked 
|  63|0x0000000085100000, 0x0000000085100000, 0x0000000085200000|  0%| F|  |TAMS 0x0000000085100000, 0x0000000085100000| Untracked 
|  64|0x0000000085200000, 0x0000000085200000, 0x0000000085300000|  0%| F|  |TAMS 0x0000000085200000, 0x0000000085200000| Untracked 
|  65|0x0000000085300000, 0x0000000085300000, 0x0000000085400000|  0%| F|  |TAMS 0x0000000085300000, 0x0000000085300000| Untracked 
|  66|0x0000000085400000, 0x0000000085400000, 0x0000000085500000|  0%| F|  |TAMS 0x0000000085400000, 0x0000000085400000| Untracked 
|  67|0x0000000085500000, 0x0000000085500000, 0x0000000085600000|  0%| F|  |TAMS 0x0000000085500000, 0x0000000085500000| Untracked 
|  68|0x0000000085600000, 0x0000000085600000, 0x0000000085700000|  0%| F|  |TAMS 0x0000000085600000, 0x0000000085600000| Untracked 
|  69|0x0000000085700000, 0x0000000085700000, 0x0000000085800000|  0%| F|  |TAMS 0x0000000085700000, 0x0000000085700000| Untracked 
|  70|0x0000000085800000, 0x0000000085800000, 0x0000000085900000|  0%| F|  |TAMS 0x0000000085800000, 0x0000000085800000| Untracked 
|  71|0x0000000085900000, 0x0000000085900000, 0x0000000085a00000|  0%| F|  |TAMS 0x0000000085900000, 0x0000000085900000| Untracked 
|  72|0x0000000085a00000, 0x0000000085a00000, 0x0000000085b00000|  0%| F|  |TAMS 0x0000000085a00000, 0x0000000085a00000| Untracked 
|  73|0x0000000085b00000, 0x0000000085b00000, 0x0000000085c00000|  0%| F|  |TAMS 0x0000000085b00000, 0x0000000085b00000| Untracked 
|  74|0x0000000085c00000, 0x0000000085c00000, 0x0000000085d00000|  0%| F|  |TAMS 0x0000000085c00000, 0x0000000085c00000| Untracked 
|  75|0x0000000085d00000, 0x0000000085d00000, 0x0000000085e00000|  0%| F|  |TAMS 0x0000000085d00000, 0x0000000085d00000| Untracked 
|  76|0x0000000085e00000, 0x0000000085e00000, 0x0000000085f00000|  0%| F|  |TAMS 0x0000000085e00000, 0x0000000085e00000| Untracked 
|  77|0x0000000085f00000, 0x0000000085f00000, 0x0000000086000000|  0%| F|  |TAMS 0x0000000085f00000, 0x0000000085f00000| Untracked 
|  78|0x0000000086000000, 0x0000000086000000, 0x0000000086100000|  0%| F|  |TAMS 0x0000000086000000, 0x0000000086000000| Untracked 
|  79|0x0000000086100000, 0x0000000086100000, 0x0000000086200000|  0%| F|  |TAMS 0x0000000086100000, 0x0000000086100000| Untracked 
|  80|0x0000000086200000, 0x0000000086200000, 0x0000000086300000|  0%| F|  |TAMS 0x0000000086200000, 0x0000000086200000| Untracked 
|  81|0x0000000086300000, 0x0000000086300000, 0x0000000086400000|  0%| F|  |TAMS 0x0000000086300000, 0x0000000086300000| Untracked 
|  82|0x0000000086400000, 0x0000000086400000, 0x0000000086500000|  0%| F|  |TAMS 0x0000000086400000, 0x0000000086400000| Untracked 
|  83|0x0000000086500000, 0x0000000086500000, 0x0000000086600000|  0%| F|  |TAMS 0x0000000086500000, 0x0000000086500000| Untracked 
|  84|0x0000000086600000, 0x0000000086600000, 0x0000000086700000|  0%| F|  |TAMS 0x0000000086600000, 0x0000000086600000| Untracked 
|  85|0x0000000086700000, 0x0000000086700000, 0x0000000086800000|  0%| F|  |TAMS 0x0000000086700000, 0x0000000086700000| Untracked 
|  86|0x0000000086800000, 0x0000000086800000, 0x0000000086900000|  0%| F|  |TAMS 0x0000000086800000, 0x0000000086800000| Untracked 
|  87|0x0000000086900000, 0x0000000086900000, 0x0000000086a00000|  0%| F|  |TAMS 0x0000000086900000, 0x0000000086900000| Untracked 
|  88|0x0000000086a00000, 0x0000000086a00000, 0x0000000086b00000|  0%| F|  |TAMS 0x0000000086a00000, 0x0000000086a00000| Untracked 
|  89|0x0000000086b00000, 0x0000000086b00000, 0x0000000086c00000|  0%| F|  |TAMS 0x0000000086b00000, 0x0000000086b00000| Untracked 
|  90|0x0000000086c00000, 0x0000000086c00000, 0x0000000086d00000|  0%| F|  |TAMS 0x0000000086c00000, 0x0000000086c00000| Untracked 
|  91|0x0000000086d00000, 0x0000000086d00000, 0x0000000086e00000|  0%| F|  |TAMS 0x0000000086d00000, 0x0000000086d00000| Untracked 
|  92|0x0000000086e00000, 0x0000000086e00000, 0x0000000086f00000|  0%| F|  |TAMS 0x0000000086e00000, 0x0000000086e00000| Untracked 
|  93|0x0000000086f00000, 0x0000000086f00000, 0x0000000087000000|  0%| F|  |TAMS 0x0000000086f00000, 0x0000000086f00000| Untracked 
|  94|0x0000000087000000, 0x0000000087000000, 0x0000000087100000|  0%| F|  |TAMS 0x0000000087000000, 0x0000000087000000| Untracked 
|  95|0x0000000087100000, 0x0000000087100000, 0x0000000087200000|  0%| F|  |TAMS 0x0000000087100000, 0x0000000087100000| Untracked 
|  96|0x0000000087200000, 0x0000000087200000, 0x0000000087300000|  0%| F|  |TAMS 0x0000000087200000, 0x0000000087200000| Untracked 
|  97|0x0000000087300000, 0x0000000087300000, 0x0000000087400000|  0%| F|  |TAMS 0x0000000087300000, 0x0000000087300000| Untracked 
|  98|0x0000000087400000, 0x0000000087400000, 0x0000000087500000|  0%| F|  |TAMS 0x0000000087400000, 0x0000000087400000| Untracked 
|  99|0x0000000087500000, 0x0000000087500000, 0x0000000087600000|  0%| F|  |TAMS 0x0000000087500000, 0x0000000087500000| Untracked 
| 100|0x0000000087600000, 0x0000000087600000, 0x0000000087700000|  0%| F|  |TAMS 0x0000000087600000, 0x0000000087600000| Untracked 
| 101|0x0000000087700000, 0x0000000087700000, 0x0000000087800000|  0%| F|  |TAMS 0x0000000087700000, 0x0000000087700000| Untracked 
| 102|0x0000000087800000, 0x0000000087800000, 0x0000000087900000|  0%| F|  |TAMS 0x0000000087800000, 0x0000000087800000| Untracked 
| 103|0x0000000087900000, 0x0000000087900000, 0x0000000087a00000|  0%| F|  |TAMS 0x0000000087900000, 0x0000000087900000| Untracked 
| 104|0x0000000087a00000, 0x0000000087a00000, 0x0000000087b00000|  0%| F|  |TAMS 0x0000000087a00000, 0x0000000087a00000| Untracked 
| 105|0x0000000087b00000, 0x0000000087b00000, 0x0000000087c00000|  0%| F|  |TAMS 0x0000000087b00000, 0x0000000087b00000| Untracked 
| 106|0x0000000087c00000, 0x0000000087c00000, 0x0000000087d00000|  0%| F|  |TAMS 0x0000000087c00000, 0x0000000087c00000| Untracked 
| 107|0x0000000087d00000, 0x0000000087d00000, 0x0000000087e00000|  0%| F|  |TAMS 0x0000000087d00000, 0x0000000087d00000| Untracked 
| 108|0x0000000087e00000, 0x0000000087e00000, 0x0000000087f00000|  0%| F|  |TAMS 0x0000000087e00000, 0x0000000087e00000| Untracked 
| 109|0x0000000087f00000, 0x0000000087f00000, 0x0000000088000000|  0%| F|  |TAMS 0x0000000087f00000, 0x0000000087f00000| Untracked 
| 110|0x0000000088000000, 0x0000000088000000, 0x0000000088100000|  0%| F|  |TAMS 0x0000000088000000, 0x0000000088000000| Untracked 
| 111|0x0000000088100000, 0x0000000088100000, 0x0000000088200000|  0%| F|  |TAMS 0x0000000088100000, 0x0000000088100000| Untracked 
| 112|0x0000000088200000, 0x0000000088200000, 0x0000000088300000|  0%| F|  |TAMS 0x0000000088200000, 0x0000000088200000| Untracked 
| 113|0x0000000088300000, 0x0000000088300000, 0x0000000088400000|  0%| F|  |TAMS 0x0000000088300000, 0x0000000088300000| Untracked 
| 114|0x0000000088400000, 0x0000000088400000, 0x0000000088500000|  0%| F|  |TAMS 0x0000000088400000, 0x0000000088400000| Untracked 
| 115|0x0000000088500000, 0x0000000088500000, 0x0000000088600000|  0%| F|  |TAMS 0x0000000088500000, 0x0000000088500000| Untracked 
| 116|0x0000000088600000, 0x0000000088600000, 0x0000000088700000|  0%| F|  |TAMS 0x0000000088600000, 0x0000000088600000| Untracked 
| 117|0x0000000088700000, 0x0000000088700000, 0x0000000088800000|  0%| F|  |TAMS 0x0000000088700000, 0x0000000088700000| Untracked 
| 118|0x0000000088800000, 0x0000000088800000, 0x0000000088900000|  0%| F|  |TAMS 0x0000000088800000, 0x0000000088800000| Untracked 
| 119|0x0000000088900000, 0x0000000088900000, 0x0000000088a00000|  0%| F|  |TAMS 0x0000000088900000, 0x0000000088900000| Untracked 
| 120|0x0000000088a00000, 0x0000000088a00000, 0x0000000088b00000|  0%| F|  |TAMS 0x0000000088a00000, 0x0000000088a00000| Untracked 
| 121|0x0000000088b00000, 0x0000000088b00000, 0x0000000088c00000|  0%| F|  |TAMS 0x0000000088b00000, 0x0000000088b00000| Untracked 
| 122|0x0000000088c00000, 0x0000000088c00000, 0x0000000088d00000|  0%| F|  |TAMS 0x0000000088c00000, 0x0000000088c00000| Untracked 
| 123|0x0000000088d00000, 0x0000000088d00000, 0x0000000088e00000|  0%| F|  |TAMS 0x0000000088d00000, 0x0000000088d00000| Untracked 
| 124|0x0000000088e00000, 0x0000000088e00000, 0x0000000088f00000|  0%| F|  |TAMS 0x0000000088e00000, 0x0000000088e00000| Untracked 
| 125|0x0000000088f00000, 0x0000000088f00000, 0x0000000089000000|  0%| F|  |TAMS 0x0000000088f00000, 0x0000000088f00000| Untracked 
| 126|0x0000000089000000, 0x00000000890c8330, 0x0000000089100000| 78%| E|  |TAMS 0x0000000089000000, 0x0000000089000000| Complete 
| 127|0x0000000089100000, 0x0000000089200000, 0x0000000089200000|100%| E|CS|TAMS 0x0000000089100000, 0x0000000089100000| Complete 

Card table byte_map: [0x0000016e34ac0000,0x0000016e34ec0000] _byte_map_base: 0x0000016e346b7000

Marking Bits (Prev, Next): (CMBitMap*) 0x0000016e1bfbcf90, (CMBitMap*) 0x0000016e1bfbcfd0
 Prev Bits: [0x0000016e352c0000, 0x0000016e37278000)
 Next Bits: [0x0000016e37280000, 0x0000016e39238000)

Polling page: 0x0000016e1c020000

Metaspace:

Usage:
  Non-class:      5.38 MB used.
      Class:    500.45 KB used.
       Both:      5.87 MB used.

Virtual space:
  Non-class space:       64.00 MB reserved,       5.44 MB (  8%) committed,  1 nodes.
      Class space:        1.00 GB reserved,     512.00 KB ( <1%) committed,  1 nodes.
             Both:        1.06 GB reserved,       5.94 MB ( <1%) committed. 

Chunk freelists:
   Non-Class:  2.49 MB
       Class:  3.50 MB
        Both:  6.00 MB

MaxMetaspaceSize: unlimited
CompressedClassSpaceSize: 1.00 GB
Initial GC threshold: 21.00 MB
Current GC threshold: 21.00 MB
CDS: off
MetaspaceReclaimPolicy: balanced
 - commit_granule_bytes: 65536.
 - commit_granule_words: 8192.
 - virtual_space_node_default_size: 8388608.
 - enlarge_chunks_in_place: 1.
 - new_chunks_are_fully_committed: 0.
 - uncommit_free_chunks: 1.
 - use_allocation_guard: 0.


Internal statistics:

num_allocs_failed_limit: 0.
num_arena_births: 10.
num_arena_deaths: 0.
num_vsnodes_births: 2.
num_vsnodes_deaths: 0.
num_space_committed: 95.
num_space_uncommitted: 0.
num_chunks_returned_to_freelist: 0.
num_chunks_taken_from_freelist: 18.
num_chunk_merges: 0.
num_chunk_splits: 8.
num_chunks_enlarged: 4.
num_inconsistent_stats: 0.

CodeHeap 'non-profiled nmethods': size=120000Kb used=40Kb max_used=40Kb free=119959Kb
 bounds [0x0000016e2cb60000, 0x0000016e2cdd0000, 0x0000016e34090000]
CodeHeap 'profiled nmethods': size=120000Kb used=237Kb max_used=237Kb free=119762Kb
 bounds [0x0000016e25630000, 0x0000016e258a0000, 0x0000016e2cb60000]
CodeHeap 'non-nmethods': size=5760Kb used=1106Kb max_used=1120Kb free=4653Kb
 bounds [0x0000016e25090000, 0x0000016e25300000, 0x0000016e25630000]
 total_blobs=545 nmethods=173 adapters=285
 compilation: enabled
              stopped_count=0, restarted_count=0
 full_count=0

Compilation events (20 events):
Event: 0.455 Thread 0x0000016e3fc18050  158       3       java.util.zip.ZipUtils::SH (21 bytes)
Event: 0.455 Thread 0x0000016e3fc18050 nmethod 158 0x0000016e25664e10 code [0x0000016e25664fa0, 0x0000016e256650f8]
Event: 0.455 Thread 0x0000016e3fc18050  159       3       java.util.zip.ZipCoder$UTF8ZipCoder::checkedHash (91 bytes)
Event: 0.456 Thread 0x0000016e3fc18050 nmethod 159 0x0000016e25665210 code [0x0000016e25665400, 0x0000016e25665818]
Event: 0.456 Thread 0x0000016e3b8b4c60  161       4       java.util.zip.ZipUtils::SH (21 bytes)
Event: 0.456 Thread 0x0000016e3fc18050  160       1       java.util.zip.ZipCoder$UTF8ZipCoder::isUTF8 (2 bytes)
Event: 0.456 Thread 0x0000016e3fc18050 nmethod 160 0x0000016e2cb69610 code [0x0000016e2cb697a0, 0x0000016e2cb69878]
Event: 0.456 Thread 0x0000016e3fc18050  162       3       java.util.zip.ZipUtils::LG (22 bytes)
Event: 0.456 Thread 0x0000016e3fc18050 nmethod 162 0x0000016e25665a10 code [0x0000016e25665bc0, 0x0000016e25665e38]
Event: 0.456 Thread 0x0000016e3fc18050  163   !   3       java.util.zip.ZipFile$Source::checkAndAddEntry (209 bytes)
Event: 0.457 Thread 0x0000016e3b8b4c60 nmethod 161 0x0000016e2cb69910 code [0x0000016e2cb69a80, 0x0000016e2cb69b38]
Event: 0.457 Thread 0x0000016e3b8b4c60  173       4       java.util.zip.ZipCoder$UTF8ZipCoder::checkedHash (91 bytes)
Event: 0.458 Thread 0x0000016e3fc18050 nmethod 163 0x0000016e25665f90 code [0x0000016e25666300, 0x0000016e256676a8]
Event: 0.458 Thread 0x0000016e3fc18050  169       3       java.util.zip.ZipFile$Source::isMetaName (141 bytes)
Event: 0.459 Thread 0x0000016e3fc18050 nmethod 169 0x0000016e25668210 code [0x0000016e256683c0, 0x0000016e256688d8]
Event: 0.459 Thread 0x0000016e3fc18050  170       3       java.util.zip.ZipFile$Source::nextEntryPos (22 bytes)
Event: 0.459 Thread 0x0000016e3fc18050 nmethod 170 0x0000016e25668a90 code [0x0000016e25668c40, 0x0000016e25668f78]
Event: 0.459 Thread 0x0000016e3fc18050  171       3       java.util.zip.ZipUtils::CENCOM (9 bytes)
Event: 0.460 Thread 0x0000016e3fc18050 nmethod 171 0x0000016e25669110 code [0x0000016e256692a0, 0x0000016e25669458]
Event: 0.460 Thread 0x0000016e3fc18050  164       3       java.util.zip.ZipUtils::CENSIG (8 bytes)

GC Heap History (0 events):
No events

Deoptimization events (0 events):
No events

Classes loaded (20 events):
Event: 0.453 Loading class java/util/zip/ZipFile$Source done
Event: 0.453 Loading class java/util/zip/ZipFile$Source$Key
Event: 0.453 Loading class java/util/zip/ZipFile$Source$Key done
Event: 0.453 Loading class java/io/RandomAccessFile
Event: 0.453 Loading class java/io/DataOutput
Event: 0.453 Loading class java/io/DataOutput done
Event: 0.453 Loading class java/io/RandomAccessFile done
Event: 0.453 Loading class java/io/RandomAccessFile$2
Event: 0.453 Loading class jdk/internal/access/JavaIORandomAccessFileAccess
Event: 0.453 Loading class jdk/internal/access/JavaIORandomAccessFileAccess done
Event: 0.453 Loading class java/io/RandomAccessFile$2 done
Event: 0.454 Loading class java/util/zip/ZipFile$Source$End
Event: 0.454 Loading class java/util/zip/ZipFile$Source$End done
Event: 0.454 Loading class java/util/zip/ZipUtils
Event: 0.454 Loading class java/util/zip/ZipUtils done
Event: 0.458 Loading class java/util/concurrent/TimeUnit
Event: 0.459 Loading class java/util/concurrent/TimeUnit done
Event: 0.459 Loading class java/nio/file/attribute/FileTime
Event: 0.459 Loading class java/nio/file/attribute/FileTime done
Event: 0.459 Loading class java/util/Locale

Classes unloaded (0 events):
No events

Classes redefined (0 events):
No events

Internal exceptions (1 events):
Event: 0.412 Thread 0x0000016e1bf59b70 Exception <a 'java/lang/NoSuchMethodError'{0x0000000089030dc0}: 'void java.lang.invoke.DirectMethodHandle$Holder.invokeVirtual(java.lang.Object, java.lang.Object)'> (0x0000000089030dc0) 
thrown [s\open\src\hotspot\share\interpreter\linkResolver.cpp, line 759]

VM Operations (0 events):
No events

Events (15 events):
Event: 0.015 Loaded shared library C:\Program Files\Java\jdk-18.0.2.1\bin\java.dll
Event: 0.105 Loaded shared library C:\Program Files\Java\jdk-18.0.2.1\bin\jsvml.dll
Event: 0.105 Thread 0x0000016e1bf59b70 Thread added: 0x0000016e1bf59b70
Event: 0.116 Thread 0x0000016e3b87f550 Thread added: 0x0000016e3b87f550
Event: 0.117 Thread 0x0000016e3b881f60 Thread added: 0x0000016e3b881f60
Event: 0.167 Thread 0x0000016e3b8af790 Thread added: 0x0000016e3b8af790
Event: 0.167 Thread 0x0000016e3b8b2c70 Thread added: 0x0000016e3b8b2c70
Event: 0.168 Thread 0x0000016e3b8b3130 Thread added: 0x0000016e3b8b3130
Event: 0.169 Thread 0x0000016e3b8b4470 Thread added: 0x0000016e3b8b4470
Event: 0.169 Thread 0x0000016e3b8b4c60 Thread added: 0x0000016e3b8b4c60
Event: 0.170 Thread 0x0000016e3fc18050 Thread added: 0x0000016e3fc18050
Event: 0.172 Thread 0x0000016e3b8ccff0 Thread added: 0x0000016e3b8ccff0
Event: 0.363 Thread 0x0000016e3fd0a400 Thread added: 0x0000016e3fd0a400
Event: 0.384 Loaded shared library C:\Program Files\Java\jdk-18.0.2.1\bin\net.dll
Event: 0.388 Loaded shared library C:\Program Files\Java\jdk-18.0.2.1\bin\nio.dll


Dynamic libraries:
0x00007ff6d4830000 - 0x00007ff6d4840000 	C:\Program Files\Java\jdk-18.0.2.1\bin\javaw.exe
0x00007fff5d070000 - 0x00007fff5d268000 	C:\WINDOWS\SYSTEM32\ntdll.dll
0x00007fff5cae0000 - 0x00007fff5cb9d000 	C:\WINDOWS\System32\KERNEL32.DLL
0x00007fff5a7e0000 - 0x00007fff5aad6000 	C:\WINDOWS\System32\KERNELBASE.dll
0x00007fff5af20000 - 0x00007fff5b020000 	C:\WINDOWS\System32\ucrtbase.dll
0x00007fff14210000 - 0x00007fff14228000 	C:\Program Files\Java\jdk-18.0.2.1\bin\jli.dll
0x00007fff174f0000 - 0x00007fff1750a000 	C:\Program Files\Java\jdk-18.0.2.1\bin\VCRUNTIME140.dll
0x00007fff5c2a0000 - 0x00007fff5c353000 	C:\WINDOWS\System32\ADVAPI32.dll
0x00007fff5c360000 - 0x00007fff5c3fe000 	C:\WINDOWS\System32\msvcrt.dll
0x00007fff5c070000 - 0x00007fff5c10f000 	C:\WINDOWS\System32\sechost.dll
0x00007fff5c9b0000 - 0x00007fff5cad6000 	C:\WINDOWS\System32\RPCRT4.dll
0x00007fff5a740000 - 0x00007fff5a767000 	C:\WINDOWS\System32\bcrypt.dll
0x00007fff5bc80000 - 0x00007fff5be1e000 	C:\WINDOWS\System32\USER32.dll
0x00007fff5aef0000 - 0x00007fff5af12000 	C:\WINDOWS\System32\win32u.dll
0x00007fff5ccc0000 - 0x00007fff5ccec000 	C:\WINDOWS\System32\GDI32.dll
0x00007fff5ab70000 - 0x00007fff5ac8a000 	C:\WINDOWS\System32\gdi32full.dll
0x00007fff5b020000 - 0x00007fff5b0bd000 	C:\WINDOWS\System32\msvcp_win.dll
0x00007fff4f240000 - 0x00007fff4f4da000 	C:\WINDOWS\WinSxS\amd64_microsoft.windows.common-controls_6595b64144ccf1df_6.0.19041.3636_none_60b6a03d71f818d5\COMCTL32.dll
0x00007fff4acf0000 - 0x00007fff4acfa000 	C:\WINDOWS\SYSTEM32\VERSION.dll
0x00007fff5c040000 - 0x00007fff5c070000 	C:\WINDOWS\System32\IMM32.DLL
0x00007fff561e0000 - 0x00007fff561ec000 	C:\Program Files\Java\jdk-18.0.2.1\bin\vcruntime140_1.dll
0x00007fff13b30000 - 0x00007fff13bbd000 	C:\Program Files\Java\jdk-18.0.2.1\bin\msvcp140.dll
0x00007ffefddd0000 - 0x00007ffefe9e1000 	C:\Program Files\Java\jdk-18.0.2.1\bin\server\jvm.dll
0x00007fff5c110000 - 0x00007fff5c118000 	C:\WINDOWS\System32\PSAPI.DLL
0x00007fff56090000 - 0x00007fff56099000 	C:\WINDOWS\SYSTEM32\WSOCK32.dll
0x00007fff55820000 - 0x00007fff55847000 	C:\WINDOWS\SYSTEM32\WINMM.dll
0x00007fff5c230000 - 0x00007fff5c29b000 	C:\WINDOWS\System32\WS2_32.dll
0x00007fff585f0000 - 0x00007fff58602000 	C:\WINDOWS\SYSTEM32\kernel.appcore.dll
0x00007fff52c00000 - 0x00007fff52c0a000 	C:\Program Files\Java\jdk-18.0.2.1\bin\jimage.dll
0x00007fff497b0000 - 0x00007fff49994000 	C:\WINDOWS\SYSTEM32\DBGHELP.DLL
0x00007fff49770000 - 0x00007fff497a4000 	C:\WINDOWS\SYSTEM32\dbgcore.DLL
0x00007fff5aae0000 - 0x00007fff5ab62000 	C:\WINDOWS\System32\bcryptPrimitives.dll
0x00007fff13ff0000 - 0x00007fff14015000 	C:\Program Files\Java\jdk-18.0.2.1\bin\java.dll
0x00007fff13a50000 - 0x00007fff13b26000 	C:\Program Files\Java\jdk-18.0.2.1\bin\jsvml.dll
0x00007fff5b0c0000 - 0x00007fff5b805000 	C:\WINDOWS\System32\SHELL32.dll
0x00007fff587f0000 - 0x00007fff58f8b000 	C:\WINDOWS\SYSTEM32\windows.storage.dll
0x00007fff5c640000 - 0x00007fff5c994000 	C:\WINDOWS\System32\combase.dll
0x00007fff5a100000 - 0x00007fff5a12d000 	C:\WINDOWS\SYSTEM32\Wldp.dll
0x00007fff5c120000 - 0x00007fff5c1cd000 	C:\WINDOWS\System32\SHCORE.dll
0x00007fff5c1d0000 - 0x00007fff5c225000 	C:\WINDOWS\System32\shlwapi.dll
0x00007fff5a670000 - 0x00007fff5a695000 	C:\WINDOWS\SYSTEM32\profapi.dll
0x00007fff141f0000 - 0x00007fff14203000 	C:\Program Files\Java\jdk-18.0.2.1\bin\net.dll
0x00007fff4dbe0000 - 0x00007fff4dcea000 	C:\WINDOWS\SYSTEM32\WINHTTP.dll
0x00007fff59e60000 - 0x00007fff59eca000 	C:\WINDOWS\system32\mswsock.dll
0x00007fff13fd0000 - 0x00007fff13fe6000 	C:\Program Files\Java\jdk-18.0.2.1\bin\nio.dll

dbghelp: loaded successfully - version: 4.0.5 - missing functions: none
symbol engine: initialized successfully - sym options: 0x614 - pdb path: .;C:\Program Files\Java\jdk-18.0.2.1\bin;C:\WINDOWS\SYSTEM32;C:\WINDOWS\WinSxS\amd64_microsoft.windows.common-controls_6595b64144ccf1df_6.0.19041.3636_none_60b6a03d71f818d5;C:\Program Files\Java\jdk-18.0.2.1\bin\server

VM Arguments:
jvm_args: -Dfile.encoding=UTF-8 --module-path=C:\Users\Amit\eclipse-workspace\TravelManagementSystem\bin;E:\Tushar Jain\Study Material\Ducat\JAVA\Software\mysql-connector-java-8.0.26.jar;E:\Tushar Jain\Study Material\Ducat\JAVA\Software\New folder\swingx-all-1.6.4.jar\swingx-all-1.6.4.jar -XX:+ShowCodeDetailsInExceptionMessages -Djdk.module.main=TravelManagementSysten 
java_command: TravelManagementSysten/Travel.Management.System.Dashboard
java_class_path (initial): <not set>
Launcher Type: SUN_STANDARD

[Global flags]
     intx CICompilerCount                          = 3                                         {product} {ergonomic}
     uint ConcGCThreads                            = 1                                         {product} {ergonomic}
     uint G1ConcRefinementThreads                  = 4                                         {product} {ergonomic}
   size_t G1HeapRegionSize                         = 1048576                                   {product} {ergonomic}
    uintx GCDrainStackTargetSize                   = 64                                        {product} {ergonomic}
   size_t InitialHeapSize                          = 134217728                                 {product} {ergonomic}
   size_t MarkStackSize                            = 4194304                                   {product} {ergonomic}
   size_t MaxHeapSize                              = 2128609280                                {product} {ergonomic}
   size_t MaxNewSize                               = 1277165568                                {product} {ergonomic}
   size_t MinHeapDeltaBytes                        = 1048576                                   {product} {ergonomic}
   size_t MinHeapSize                              = 8388608                                   {product} {ergonomic}
    uintx NonNMethodCodeHeapSize                   = 5832780                                {pd product} {ergonomic}
    uintx NonProfiledCodeHeapSize                  = 122912730                              {pd product} {ergonomic}
    uintx ProfiledCodeHeapSize                     = 122912730                              {pd product} {ergonomic}
    uintx ReservedCodeCacheSize                    = 251658240                              {pd product} {ergonomic}
     bool SegmentedCodeCache                       = true                                      {product} {ergonomic}
     bool ShowCodeDetailsInExceptionMessages       = true                                   {manageable} {command line}
   size_t SoftMaxHeapSize                          = 2128609280                             {manageable} {ergonomic}
     bool UseCompressedClassPointers               = true                           {product lp64_product} {ergonomic}
     bool UseCompressedOops                        = true                           {product lp64_product} {ergonomic}
     bool UseG1GC                                  = true                                      {product} {ergonomic}
     bool UseLargePagesIndividualAllocation        = false                                  {pd product} {ergonomic}

Logging:
Log output configuration:
 #0: stdout all=warning uptime,level,tags foldmultilines=false
 #1: stderr all=off uptime,level,tags foldmultilines=false

Environment Variables:
PATH=C:\Program Files\Common Files\Oracle\Java\javapath;C:\WINDOWS\system32;C:\WINDOWS;C:\WINDOWS\System32\Wbem;C:\WINDOWS\System32\WindowsPowerShell\v1.0\;C:\WINDOWS\System32\OpenSSH\;C:\Program Files\Java\jdk-18.0.2.1\bin;C:\Users\Amit\AppData\Local\Microsoft\WindowsApps;C:\Program Files\JetBrains\IntelliJ IDEA Community Edition 2022.2.3\bin;;C:\Program Files\CodeBlocks\MinGW\bin;;C:\Users\Amit\AppData\Local\Programs\Microsoft VS Code\bin
USERNAME=Amit
OS=Windows_NT
PROCESSOR_IDENTIFIER=Intel64 Family 6 Model 61 Stepping 4, GenuineIntel



---------------  S Y S T E M  ---------------

OS:
 Windows 10 , 64 bit Build 19041 (10.0.19041.3636)
OS uptime: 3 days 5:10 hours

CPU: total 4 (initial active 4) (2 cores per cpu, 2 threads per core) family 6 model 61 stepping 4 microcode 0x2d, cx8, cmov, fxsr, ht, mmx, 3dnowpref, sse, sse2, sse3, ssse3, sse4.1, sse4.2, popcnt, lzcnt, tsc, tscinvbit, avx, avx2, aes, erms, clmul, bmi1, bmi2, adx, fma, vzeroupper, clflush

Memory: 4k page, system-wide physical 8112M (973M free)
TotalPageFile size 27301M (AvailPageFile size 4M)
current process WorkingSet (physical memory assigned to process): 30M, peak: 30M
current process commit charge ("private bytes"): 196M, peak: 197M

vm_info: Java HotSpot(TM) 64-Bit Server VM (18.0.2.1+1-1) for windows-amd64 JRE (18.0.2.1+1-1), built on Aug 16 2022 01:46:33 by "mach5one" with MS VC++ 16.8 / 16.9 (VS2019)

END.
