#
# There is insufficient memory for the Java Runtime Environment to continue.
# Native memory allocation (malloc) failed to allocate 32744 bytes for Chunk::new
# Possible reasons:
#   The system is out of physical RAM or swap space
#   The process is running with CompressedOops enabled, and the Java Heap may be blocking the growth of the native heap
# Possible solutions:
#   Reduce memory load on the system
#   Increase physical memory or swap space
#   Check if swap backing store is full
#   Decrease Java heap size (-Xmx/-Xms)
#   Decrease number of Java threads
#   Decrease Java thread stack sizes (-Xss)
#   Set larger code cache with -XX:ReservedCodeCacheSize=
#   JVM is running with Unscaled Compressed Oops mode in which the Java heap is
#     placed in the first 4GB address space. The Java Heap base address is the
#     maximum limit for the native heap growth. Please use -XX:HeapBaseMinAddress
#     to set the Java Heap base and to place the Java Heap above 4GB virtual address.
# This output file may be truncated or incomplete.
#
#  Out of Memory Error (arena.cpp:184), pid=20792, tid=20736
#
# JRE version: Java(TM) SE Runtime Environment (18.0.2.1+1) (build 18.0.2.1+1-1)
# Java VM: Java HotSpot(TM) 64-Bit Server VM (18.0.2.1+1-1, mixed mode, sharing, tiered, compressed oops, compressed class ptrs, g1 gc, windows-amd64)
# No core dump will be written. Minidumps are not enabled by default on client versions of Windows
#

---------------  S U M M A R Y ------------

Command Line: -Dfile.encoding=UTF-8 --module-path=C:\Users\Amit\eclipse-workspace\TravelManagementSystem\bin;E:\Tushar Jain\Study Material\Ducat\JAVA\Software\mysql-connector-java-8.0.26.jar;E:\Tushar Jain\Study Material\Ducat\JAVA\Software\New folder\swingx-all-1.6.4.jar\swingx-all-1.6.4.jar -XX:+ShowCodeDetailsInExceptionMessages -Djdk.module.main=TravelManagementSysten TravelManagementSysten/Travel.Management.System.splash

Host: Intel(R) Core(TM) i3-5005U CPU @ 2.00GHz, 4 cores, 7G,  Windows 10 , 64 bit Build 19041 (10.0.19041.3636)
Time: Sun Feb  4 23:03:14 2024 India Standard Time elapsed time: 2.675546 seconds (0d 0h 0m 2s)

---------------  T H R E A D  ---------------

Current thread (0x000001cb5a10dc00):  JavaThread "C1 CompilerThread0" daemon [_thread_in_native, id=20736, stack(0x000000b9af000000,0x000000b9af100000)]


Current CompileTask:
C1:   2675 1303   !   3       java.awt.DefaultKeyboardFocusManager::dispatchEvent (1621 bytes)

Stack: [0x000000b9af000000,0x000000b9af100000]
Native frames: (J=compiled Java code, j=interpreted, Vv=VM code, C=native code)
V  [jvm.dll+0x6993aa]
V  [jvm.dll+0x7f46dd]
V  [jvm.dll+0x7f5fee]
V  [jvm.dll+0x7f66a3]
V  [jvm.dll+0x25cf1f]
V  [jvm.dll+0xb8c2f]
V  [jvm.dll+0xb8fa5]
V  [jvm.dll+0x18b373]
V  [jvm.dll+0x18b43e]
V  [jvm.dll+0x18dc69]
V  [jvm.dll+0x18f901]
V  [jvm.dll+0x148ff3]
V  [jvm.dll+0x1488cf]
V  [jvm.dll+0x148b26]
V  [jvm.dll+0x147f9a]
V  [jvm.dll+0x149c81]
V  [jvm.dll+0x23ee0a]
V  [jvm.dll+0x23d0f5]
V  [jvm.dll+0x7a6dd1]
V  [jvm.dll+0x7a120a]
V  [jvm.dll+0x698255]
C  [ucrtbase.dll+0x21bb2]
C  [KERNEL32.DLL+0x17344]
C  [ntdll.dll+0x526b1]


---------------  P R O C E S S  ---------------

Threads class SMR info:
_java_thread_list=0x000001cb5e8f1fc0, length=18, elements={
0x000001cb5a0da0d0, 0x000001cb5a0dcca0, 0x000001cb5a0f2b10, 0x000001cb5a0f4d00,
0x000001cb5a0f52b0, 0x000001cb5a0f5c70, 0x000001cb5a103ec0, 0x000001cb5a10dc00,
0x000001cb5a1284f0, 0x000001cb5e483fe0, 0x000001cb5e810060, 0x000001cb5e7dcc50,
0x000001cb5e7d9760, 0x000001cb5e7daaa0, 0x000001cb5e7da100, 0x000001cb5e7da5d0,
0x000001cb5e7dc780, 0x000001cb5e7dd120
}

Java Threads: ( => current thread )
  0x000001cb5a0da0d0 JavaThread "Reference Handler" daemon [_thread_blocked, id=9768, stack(0x000000b9ae900000,0x000000b9aea00000)]
  0x000001cb5a0dcca0 JavaThread "Finalizer" daemon [_thread_blocked, id=19956, stack(0x000000b9aea00000,0x000000b9aeb00000)]
  0x000001cb5a0f2b10 JavaThread "Signal Dispatcher" daemon [_thread_blocked, id=19680, stack(0x000000b9aeb00000,0x000000b9aec00000)]
  0x000001cb5a0f4d00 JavaThread "Attach Listener" daemon [_thread_blocked, id=20292, stack(0x000000b9aec00000,0x000000b9aed00000)]
  0x000001cb5a0f52b0 JavaThread "Service Thread" daemon [_thread_blocked, id=20960, stack(0x000000b9aed00000,0x000000b9aee00000)]
  0x000001cb5a0f5c70 JavaThread "Monitor Deflation Thread" daemon [_thread_blocked, id=20096, stack(0x000000b9aee00000,0x000000b9aef00000)]
  0x000001cb5a103ec0 JavaThread "C2 CompilerThread0" daemon [_thread_blocked, id=19920, stack(0x000000b9aef00000,0x000000b9af000000)]
=>0x000001cb5a10dc00 JavaThread "C1 CompilerThread0" daemon [_thread_in_native, id=20736, stack(0x000000b9af000000,0x000000b9af100000)]
  0x000001cb5a1284f0 JavaThread "Sweeper thread" daemon [_thread_blocked, id=20732, stack(0x000000b9af100000,0x000000b9af200000)]
  0x000001cb5e483fe0 JavaThread "Common-Cleaner" daemon [_thread_blocked, id=11564, stack(0x000000b9af200000,0x000000b9af300000)]
  0x000001cb5e810060 JavaThread "Notification Thread" daemon [_thread_blocked, id=20984, stack(0x000000b9af400000,0x000000b9af500000)]
  0x000001cb5e7dcc50 JavaThread "Java2D Disposer" daemon [_thread_blocked, id=15604, stack(0x000000b9af600000,0x000000b9af700000)]
  0x000001cb5e7d9760 JavaThread "AWT-Shutdown" [_thread_blocked, id=19960, stack(0x000000b9af700000,0x000000b9af800000)]
  0x000001cb5e7daaa0 JavaThread "AWT-Windows" daemon [_thread_in_native, id=20536, stack(0x000000b9af300000,0x000000b9af400000)]
  0x000001cb5e7da100 JavaThread "Image Fetcher 0" daemon [_thread_blocked, id=20532, stack(0x000000b9af800000,0x000000b9af900000)]
  0x000001cb5e7da5d0 JavaThread "Thread-0" [_thread_blocked, id=19588, stack(0x000000b9afc00000,0x000000b9afd00000)]
  0x000001cb5e7dc780 JavaThread "AWT-EventQueue-0" [_thread_blocked, id=21024, stack(0x000000b9afd00000,0x000000b9afe00000)]
  0x000001cb5e7dd120 JavaThread "DestroyJavaVM" [_thread_blocked, id=19092, stack(0x000000b9ae200000,0x000000b9ae300000)]

Other Threads:
  0x000001cb5a0d50c0 VMThread "VM Thread" [stack: 0x000000b9ae800000,0x000000b9ae900000] [id=20284]
  0x000001cb5e830cf0 WatcherThread "VM Periodic Task Thread" [stack: 0x000000b9af500000,0x000000b9af600000] [id=21020]
  0x000001cb3c81a340 WorkerThread "GC Thread#0" [stack: 0x000000b9ae300000,0x000000b9ae400000] [id=19072]
  0x000001cb5e96e140 WorkerThread "GC Thread#1" [stack: 0x000000b9af900000,0x000000b9afa00000] [id=20528]
  0x000001cb5e96e3e0 WorkerThread "GC Thread#2" [stack: 0x000000b9afa00000,0x000000b9afb00000] [id=20688]
  0x000001cb5e96e680 WorkerThread "GC Thread#3" [stack: 0x000000b9afb00000,0x000000b9afc00000] [id=20728]
  0x000001cb3c82b7d0 ConcurrentGCThread "G1 Main Marker" [stack: 0x000000b9ae400000,0x000000b9ae500000] [id=19076]
  0x000001cb3c82c1c0 WorkerThread "G1 Conc#0" [stack: 0x000000b9ae500000,0x000000b9ae600000] [id=19048]
  0x000001cb3c86d360 ConcurrentGCThread "G1 Refine#0" [stack: 0x000000b9ae600000,0x000000b9ae700000] [id=19044]
  0x000001cb3c86f890 ConcurrentGCThread "G1 Service" [stack: 0x000000b9ae700000,0x000000b9ae800000] [id=20976]

Threads with active compile tasks:
C1 CompilerThread0     2902 1303   !   3       java.awt.DefaultKeyboardFocusManager::dispatchEvent (1621 bytes)

VM state: not at safepoint (normal execution)

VM Mutex/Monitor currently owned by a thread: None

Heap address: 0x0000000081200000, size: 2030 MB, Compressed Oops mode: 32-bit

CDS archive(s) mapped at: [0x0000000800000000-0x0000000800ba0000-0x0000000800ba0000), size 12189696, SharedBaseAddress: 0x0000000800000000, ArchiveRelocationMode: 0.
Compressed class space mapped at: 0x0000000800c00000-0x0000000840c00000, reserved size: 1073741824
Narrow klass base: 0x0000000800000000, Narrow klass shift: 0, Narrow klass range: 0x100000000

GC Precious Log:
 CardTable entry size: 512
 Card Set container configuration: InlinePtr #cards 5 size 8 Array Of Cards #cards 12 size 40 Howl #buckets 4 coarsen threshold 1843 Howl Bitmap #cards 512 size 80 coarsen threshold 460 Card regions per heap region 1 cards per card region 2048
 CPUs: 4 total, 4 available
 Memory: 8112M
 Large Page Support: Disabled
 NUMA Support: Disabled
 Compressed Oops: Enabled (32-bit)
 Heap Region Size: 1M
 Heap Min Capacity: 8M
 Heap Initial Capacity: 128M
 Heap Max Capacity: 2030M
 Pre-touch: Disabled
 Parallel Workers: 4
 Concurrent Workers: 1
 Concurrent Refinement Workers: 4
 Periodic GC: Disabled

Heap:
 garbage-first heap   total 131072K, used 23818K [0x0000000081200000, 0x0000000100000000)
  region size 1024K, 2 young (2048K), 1 survivors (1024K)
 Metaspace       used 7170K, committed 7360K, reserved 1114112K
  class space    used 727K, committed 832K, reserved 1048576K

Heap Regions: E=young(eden), S=young(survivor), O=old, HS=humongous(starts), HC=humongous(continues), CS=collection set, F=free, OA=open archive, CA=closed archive, TAMS=top-at-mark-start (previous, next)
|   0|0x0000000081200000, 0x0000000081300000, 0x0000000081300000|100%|HS|  |TAMS 0x0000000081300000, 0x0000000081300000| Complete 
|   1|0x0000000081300000, 0x0000000081400000, 0x0000000081400000|100%|HC|  |TAMS 0x0000000081400000, 0x0000000081400000| Complete 
|   2|0x0000000081400000, 0x0000000081500000, 0x0000000081500000|100%|HC|  |TAMS 0x0000000081500000, 0x0000000081500000| Complete 
|   3|0x0000000081500000, 0x0000000081600000, 0x0000000081600000|100%|HS|  |TAMS 0x0000000081600000, 0x0000000081600000| Complete 
|   4|0x0000000081600000, 0x0000000081700000, 0x0000000081700000|100%|HC|  |TAMS 0x0000000081700000, 0x0000000081700000| Complete 
|   5|0x0000000081700000, 0x0000000081800000, 0x0000000081800000|100%|HC|  |TAMS 0x0000000081800000, 0x0000000081800000| Complete 
|   6|0x0000000081800000, 0x0000000081900000, 0x0000000081900000|100%| O|  |TAMS 0x0000000081887400, 0x0000000081900000| Untracked 
|   7|0x0000000081900000, 0x0000000081a00000, 0x0000000081a00000|100%|HS|  |TAMS 0x0000000081900000, 0x0000000081900000| Complete 
|   8|0x0000000081a00000, 0x0000000081b00000, 0x0000000081b00000|100%|HC|  |TAMS 0x0000000081a00000, 0x0000000081a00000| Complete 
|   9|0x0000000081b00000, 0x0000000081c00000, 0x0000000081c00000|100%|HS|  |TAMS 0x0000000081b00000, 0x0000000081b00000| Complete 
|  10|0x0000000081c00000, 0x0000000081d00000, 0x0000000081d00000|100%|HC|  |TAMS 0x0000000081c00000, 0x0000000081c00000| Complete 
|  11|0x0000000081d00000, 0x0000000081e00000, 0x0000000081e00000|100%|HS|  |TAMS 0x0000000081d00000, 0x0000000081d00000| Complete 
|  12|0x0000000081e00000, 0x0000000081f00000, 0x0000000081f00000|100%|HC|  |TAMS 0x0000000081e00000, 0x0000000081e00000| Complete 
|  13|0x0000000081f00000, 0x0000000082000000, 0x0000000082000000|100%|HS|  |TAMS 0x0000000081f00000, 0x0000000081f00000| Complete 
|  14|0x0000000082000000, 0x0000000082100000, 0x0000000082100000|100%|HC|  |TAMS 0x0000000082000000, 0x0000000082000000| Complete 
|  15|0x0000000082100000, 0x0000000082200000, 0x0000000082200000|100%|HS|  |TAMS 0x0000000082100000, 0x0000000082100000| Complete 
|  16|0x0000000082200000, 0x0000000082300000, 0x0000000082300000|100%|HC|  |TAMS 0x0000000082200000, 0x0000000082200000| Complete 
|  17|0x0000000082300000, 0x0000000082300000, 0x0000000082400000|  0%| F|  |TAMS 0x0000000082300000, 0x0000000082300000| Untracked 
|  18|0x0000000082400000, 0x0000000082400000, 0x0000000082500000|  0%| F|  |TAMS 0x0000000082400000, 0x0000000082400000| Untracked 
|  19|0x0000000082500000, 0x0000000082500000, 0x0000000082600000|  0%| F|  |TAMS 0x0000000082500000, 0x0000000082500000| Untracked 
|  20|0x0000000082600000, 0x0000000082600000, 0x0000000082700000|  0%| F|  |TAMS 0x0000000082600000, 0x0000000082600000| Untracked 
|  21|0x0000000082700000, 0x0000000082700000, 0x0000000082800000|  0%| F|  |TAMS 0x0000000082700000, 0x0000000082700000| Untracked 
|  22|0x0000000082800000, 0x0000000082800000, 0x0000000082900000|  0%| F|  |TAMS 0x0000000082800000, 0x0000000082800000| Untracked 
|  23|0x0000000082900000, 0x0000000082900000, 0x0000000082a00000|  0%| F|  |TAMS 0x0000000082900000, 0x0000000082900000| Untracked 
|  24|0x0000000082a00000, 0x0000000082a00000, 0x0000000082b00000|  0%| F|  |TAMS 0x0000000082a00000, 0x0000000082a00000| Untracked 
|  25|0x0000000082b00000, 0x0000000082b00000, 0x0000000082c00000|  0%| F|  |TAMS 0x0000000082b00000, 0x0000000082b00000| Untracked 
|  26|0x0000000082c00000, 0x0000000082c00000, 0x0000000082d00000|  0%| F|  |TAMS 0x0000000082c00000, 0x0000000082c00000| Untracked 
|  27|0x0000000082d00000, 0x0000000082d00000, 0x0000000082e00000|  0%| F|  |TAMS 0x0000000082d00000, 0x0000000082d00000| Untracked 
|  28|0x0000000082e00000, 0x0000000082e00000, 0x0000000082f00000|  0%| F|  |TAMS 0x0000000082e00000, 0x0000000082e00000| Untracked 
|  29|0x0000000082f00000, 0x0000000082f00000, 0x0000000083000000|  0%| F|  |TAMS 0x0000000082f00000, 0x0000000082f00000| Untracked 
|  30|0x0000000083000000, 0x0000000083000000, 0x0000000083100000|  0%| F|  |TAMS 0x0000000083000000, 0x0000000083000000| Untracked 
|  31|0x0000000083100000, 0x0000000083100000, 0x0000000083200000|  0%| F|  |TAMS 0x0000000083100000, 0x0000000083100000| Untracked 
|  32|0x0000000083200000, 0x0000000083200000, 0x0000000083300000|  0%| F|  |TAMS 0x0000000083200000, 0x0000000083200000| Untracked 
|  33|0x0000000083300000, 0x0000000083300000, 0x0000000083400000|  0%| F|  |TAMS 0x0000000083300000, 0x0000000083300000| Untracked 
|  34|0x0000000083400000, 0x0000000083400000, 0x0000000083500000|  0%| F|  |TAMS 0x0000000083400000, 0x0000000083400000| Untracked 
|  35|0x0000000083500000, 0x0000000083500000, 0x0000000083600000|  0%| F|  |TAMS 0x0000000083500000, 0x0000000083500000| Untracked 
|  36|0x0000000083600000, 0x0000000083600000, 0x0000000083700000|  0%| F|  |TAMS 0x0000000083600000, 0x0000000083600000| Untracked 
|  37|0x0000000083700000, 0x0000000083700000, 0x0000000083800000|  0%| F|  |TAMS 0x0000000083700000, 0x0000000083700000| Untracked 
|  38|0x0000000083800000, 0x0000000083800000, 0x0000000083900000|  0%| F|  |TAMS 0x0000000083800000, 0x0000000083800000| Untracked 
|  39|0x0000000083900000, 0x0000000083900000, 0x0000000083a00000|  0%| F|  |TAMS 0x0000000083900000, 0x0000000083900000| Untracked 
|  40|0x0000000083a00000, 0x0000000083a00000, 0x0000000083b00000|  0%| F|  |TAMS 0x0000000083a00000, 0x0000000083a00000| Untracked 
|  41|0x0000000083b00000, 0x0000000083b00000, 0x0000000083c00000|  0%| F|  |TAMS 0x0000000083b00000, 0x0000000083b00000| Untracked 
|  42|0x0000000083c00000, 0x0000000083c00000, 0x0000000083d00000|  0%| F|  |TAMS 0x0000000083c00000, 0x0000000083c00000| Untracked 
|  43|0x0000000083d00000, 0x0000000083d00000, 0x0000000083e00000|  0%| F|  |TAMS 0x0000000083d00000, 0x0000000083d00000| Untracked 
|  44|0x0000000083e00000, 0x0000000083e00000, 0x0000000083f00000|  0%| F|  |TAMS 0x0000000083e00000, 0x0000000083e00000| Untracked 
|  45|0x0000000083f00000, 0x0000000083f00000, 0x0000000084000000|  0%| F|  |TAMS 0x0000000083f00000, 0x0000000083f00000| Untracked 
|  46|0x0000000084000000, 0x0000000084000000, 0x0000000084100000|  0%| F|  |TAMS 0x0000000084000000, 0x0000000084000000| Untracked 
|  47|0x0000000084100000, 0x0000000084100000, 0x0000000084200000|  0%| F|  |TAMS 0x0000000084100000, 0x0000000084100000| Untracked 
|  48|0x0000000084200000, 0x0000000084200000, 0x0000000084300000|  0%| F|  |TAMS 0x0000000084200000, 0x0000000084200000| Untracked 
|  49|0x0000000084300000, 0x0000000084300000, 0x0000000084400000|  0%| F|  |TAMS 0x0000000084300000, 0x0000000084300000| Untracked 
|  50|0x0000000084400000, 0x0000000084400000, 0x0000000084500000|  0%| F|  |TAMS 0x0000000084400000, 0x0000000084400000| Untracked 
|  51|0x0000000084500000, 0x0000000084500000, 0x0000000084600000|  0%| F|  |TAMS 0x0000000084500000, 0x0000000084500000| Untracked 
|  52|0x0000000084600000, 0x0000000084600000, 0x0000000084700000|  0%| F|  |TAMS 0x0000000084600000, 0x0000000084600000| Untracked 
|  53|0x0000000084700000, 0x0000000084700000, 0x0000000084800000|  0%| F|  |TAMS 0x0000000084700000, 0x0000000084700000| Untracked 
|  54|0x0000000084800000, 0x0000000084900000, 0x0000000084900000|100%|HS|  |TAMS 0x0000000084900000, 0x0000000084900000| Complete 
|  55|0x0000000084900000, 0x0000000084a00000, 0x0000000084a00000|100%|HC|  |TAMS 0x0000000084a00000, 0x0000000084a00000| Complete 
|  56|0x0000000084a00000, 0x0000000084b00000, 0x0000000084b00000|100%| O|  |TAMS 0x0000000084a00000, 0x0000000084b00000| Untracked 
|  57|0x0000000084b00000, 0x0000000084b8be00, 0x0000000084c00000| 54%| O|  |TAMS 0x0000000084b00000, 0x0000000084b8be00| Untracked 
|  58|0x0000000084c00000, 0x0000000084d00000, 0x0000000084d00000|100%|HS|  |TAMS 0x0000000084c00000, 0x0000000084d00000| Complete 
|  59|0x0000000084d00000, 0x0000000084e00000, 0x0000000084e00000|100%|HC|  |TAMS 0x0000000084d00000, 0x0000000084e00000| Complete 
|  60|0x0000000084e00000, 0x0000000084e00000, 0x0000000084f00000|  0%| F|  |TAMS 0x0000000084e00000, 0x0000000084e00000| Untracked 
|  61|0x0000000084f00000, 0x0000000084f00000, 0x0000000085000000|  0%| F|  |TAMS 0x0000000084f00000, 0x0000000084f00000| Untracked 
|  62|0x0000000085000000, 0x0000000085000000, 0x0000000085100000|  0%| F|  |TAMS 0x0000000085000000, 0x0000000085000000| Untracked 
|  63|0x0000000085100000, 0x0000000085100000, 0x0000000085200000|  0%| F|  |TAMS 0x0000000085100000, 0x0000000085100000| Untracked 
|  64|0x0000000085200000, 0x0000000085200000, 0x0000000085300000|  0%| F|  |TAMS 0x0000000085200000, 0x0000000085200000| Untracked 
|  65|0x0000000085300000, 0x0000000085300000, 0x0000000085400000|  0%| F|  |TAMS 0x0000000085300000, 0x0000000085300000| Untracked 
|  66|0x0000000085400000, 0x0000000085400000, 0x0000000085500000|  0%| F|  |TAMS 0x0000000085400000, 0x0000000085400000| Untracked 
|  67|0x0000000085500000, 0x0000000085500000, 0x0000000085600000|  0%| F|  |TAMS 0x0000000085500000, 0x0000000085500000| Untracked 
|  68|0x0000000085600000, 0x0000000085600000, 0x0000000085700000|  0%| F|  |TAMS 0x0000000085600000, 0x0000000085600000| Untracked 
|  69|0x0000000085700000, 0x0000000085700000, 0x0000000085800000|  0%| F|  |TAMS 0x0000000085700000, 0x0000000085700000| Untracked 
|  70|0x0000000085800000, 0x0000000085800000, 0x0000000085900000|  0%| F|  |TAMS 0x0000000085800000, 0x0000000085800000| Untracked 
|  71|0x0000000085900000, 0x0000000085900000, 0x0000000085a00000|  0%| F|  |TAMS 0x0000000085900000, 0x0000000085900000| Untracked 
|  72|0x0000000085a00000, 0x0000000085a00000, 0x0000000085b00000|  0%| F|  |TAMS 0x0000000085a00000, 0x0000000085a00000| Untracked 
|  73|0x0000000085b00000, 0x0000000085b00000, 0x0000000085c00000|  0%| F|  |TAMS 0x0000000085b00000, 0x0000000085b00000| Untracked 
|  74|0x0000000085c00000, 0x0000000085c00000, 0x0000000085d00000|  0%| F|  |TAMS 0x0000000085c00000, 0x0000000085c00000| Untracked 
|  75|0x0000000085d00000, 0x0000000085d00000, 0x0000000085e00000|  0%| F|  |TAMS 0x0000000085d00000, 0x0000000085d00000| Untracked 
|  76|0x0000000085e00000, 0x0000000085e00000, 0x0000000085f00000|  0%| F|  |TAMS 0x0000000085e00000, 0x0000000085e00000| Untracked 
|  77|0x0000000085f00000, 0x0000000085f00000, 0x0000000086000000|  0%| F|  |TAMS 0x0000000085f00000, 0x0000000085f00000| Untracked 
|  78|0x0000000086000000, 0x0000000086000000, 0x0000000086100000|  0%| F|  |TAMS 0x0000000086000000, 0x0000000086000000| Untracked 
|  79|0x0000000086100000, 0x0000000086100000, 0x0000000086200000|  0%| F|  |TAMS 0x0000000086100000, 0x0000000086100000| Untracked 
|  80|0x0000000086200000, 0x0000000086200000, 0x0000000086300000|  0%| F|  |TAMS 0x0000000086200000, 0x0000000086200000| Untracked 
|  81|0x0000000086300000, 0x0000000086300000, 0x0000000086400000|  0%| F|  |TAMS 0x0000000086300000, 0x0000000086300000| Untracked 
|  82|0x0000000086400000, 0x0000000086400000, 0x0000000086500000|  0%| F|  |TAMS 0x0000000086400000, 0x0000000086400000| Untracked 
|  83|0x0000000086500000, 0x0000000086500000, 0x0000000086600000|  0%| F|  |TAMS 0x0000000086500000, 0x0000000086500000| Untracked 
|  84|0x0000000086600000, 0x0000000086600000, 0x0000000086700000|  0%| F|  |TAMS 0x0000000086600000, 0x0000000086600000| Untracked 
|  85|0x0000000086700000, 0x0000000086700000, 0x0000000086800000|  0%| F|  |TAMS 0x0000000086700000, 0x0000000086700000| Untracked 
|  86|0x0000000086800000, 0x0000000086800000, 0x0000000086900000|  0%| F|  |TAMS 0x0000000086800000, 0x0000000086800000| Untracked 
|  87|0x0000000086900000, 0x0000000086900000, 0x0000000086a00000|  0%| F|  |TAMS 0x0000000086900000, 0x0000000086900000| Untracked 
|  88|0x0000000086a00000, 0x0000000086a00000, 0x0000000086b00000|  0%| F|  |TAMS 0x0000000086a00000, 0x0000000086a00000| Untracked 
|  89|0x0000000086b00000, 0x0000000086b00000, 0x0000000086c00000|  0%| F|  |TAMS 0x0000000086b00000, 0x0000000086b00000| Untracked 
|  90|0x0000000086c00000, 0x0000000086c00000, 0x0000000086d00000|  0%| F|  |TAMS 0x0000000086c00000, 0x0000000086c00000| Untracked 
|  91|0x0000000086d00000, 0x0000000086d00000, 0x0000000086e00000|  0%| F|  |TAMS 0x0000000086d00000, 0x0000000086d00000| Untracked 
|  92|0x0000000086e00000, 0x0000000086e00000, 0x0000000086f00000|  0%| F|  |TAMS 0x0000000086e00000, 0x0000000086e00000| Untracked 
|  93|0x0000000086f00000, 0x0000000086f00000, 0x0000000087000000|  0%| F|  |TAMS 0x0000000086f00000, 0x0000000086f00000| Untracked 
|  94|0x0000000087000000, 0x0000000087000000, 0x0000000087100000|  0%| F|  |TAMS 0x0000000087000000, 0x0000000087000000| Untracked 
|  95|0x0000000087100000, 0x0000000087100000, 0x0000000087200000|  0%| F|  |TAMS 0x0000000087100000, 0x0000000087100000| Untracked 
|  96|0x0000000087200000, 0x0000000087200000, 0x0000000087300000|  0%| F|  |TAMS 0x0000000087200000, 0x0000000087200000| Untracked 
|  97|0x0000000087300000, 0x0000000087300000, 0x0000000087400000|  0%| F|  |TAMS 0x0000000087300000, 0x0000000087300000| Untracked 
|  98|0x0000000087400000, 0x0000000087400000, 0x0000000087500000|  0%| F|  |TAMS 0x0000000087400000, 0x0000000087400000| Untracked 
|  99|0x0000000087500000, 0x0000000087500000, 0x0000000087600000|  0%| F|  |TAMS 0x0000000087500000, 0x0000000087500000| Untracked 
| 100|0x0000000087600000, 0x0000000087600000, 0x0000000087700000|  0%| F|  |TAMS 0x0000000087600000, 0x0000000087600000| Untracked 
| 101|0x0000000087700000, 0x0000000087700000, 0x0000000087800000|  0%| F|  |TAMS 0x0000000087700000, 0x0000000087700000| Untracked 
| 102|0x0000000087800000, 0x0000000087800000, 0x0000000087900000|  0%| F|  |TAMS 0x0000000087800000, 0x0000000087800000| Untracked 
| 103|0x0000000087900000, 0x0000000087900000, 0x0000000087a00000|  0%| F|  |TAMS 0x0000000087900000, 0x0000000087900000| Untracked 
| 104|0x0000000087a00000, 0x0000000087a00000, 0x0000000087b00000|  0%| F|  |TAMS 0x0000000087a00000, 0x0000000087a00000| Untracked 
| 105|0x0000000087b00000, 0x0000000087b00000, 0x0000000087c00000|  0%| F|  |TAMS 0x0000000087b00000, 0x0000000087b00000| Untracked 
| 106|0x0000000087c00000, 0x0000000087c00000, 0x0000000087d00000|  0%| F|  |TAMS 0x0000000087c00000, 0x0000000087c00000| Untracked 
| 107|0x0000000087d00000, 0x0000000087d00000, 0x0000000087e00000|  0%| F|  |TAMS 0x0000000087d00000, 0x0000000087d00000| Untracked 
| 108|0x0000000087e00000, 0x0000000087e00000, 0x0000000087f00000|  0%| F|  |TAMS 0x0000000087e00000, 0x0000000087e00000| Untracked 
| 109|0x0000000087f00000, 0x0000000087f00000, 0x0000000088000000|  0%| F|  |TAMS 0x0000000087f00000, 0x0000000087f00000| Untracked 
| 110|0x0000000088000000, 0x0000000088000000, 0x0000000088100000|  0%| F|  |TAMS 0x0000000088000000, 0x0000000088000000| Untracked 
| 111|0x0000000088100000, 0x0000000088100000, 0x0000000088200000|  0%| F|  |TAMS 0x0000000088100000, 0x0000000088100000| Untracked 
| 112|0x0000000088200000, 0x0000000088200000, 0x0000000088300000|  0%| F|  |TAMS 0x0000000088200000, 0x0000000088200000| Untracked 
| 113|0x0000000088300000, 0x0000000088300000, 0x0000000088400000|  0%| F|  |TAMS 0x0000000088300000, 0x0000000088300000| Untracked 
| 114|0x0000000088400000, 0x0000000088400000, 0x0000000088500000|  0%| F|  |TAMS 0x0000000088400000, 0x0000000088400000| Untracked 
| 115|0x0000000088500000, 0x0000000088500000, 0x0000000088600000|  0%| F|  |TAMS 0x0000000088500000, 0x0000000088500000| Untracked 
| 116|0x0000000088600000, 0x0000000088600000, 0x0000000088700000|  0%| F|  |TAMS 0x0000000088600000, 0x0000000088600000| Untracked 
| 117|0x0000000088700000, 0x0000000088700000, 0x0000000088800000|  0%| F|  |TAMS 0x0000000088700000, 0x0000000088700000| Untracked 
| 118|0x0000000088800000, 0x0000000088800000, 0x0000000088900000|  0%| F|  |TAMS 0x0000000088800000, 0x0000000088800000| Untracked 
| 119|0x0000000088900000, 0x0000000088900000, 0x0000000088a00000|  0%| F|  |TAMS 0x0000000088900000, 0x0000000088900000| Untracked 
| 120|0x0000000088a00000, 0x0000000088a00000, 0x0000000088b00000|  0%| F|  |TAMS 0x0000000088a00000, 0x0000000088a00000| Untracked 
| 121|0x0000000088b00000, 0x0000000088b00000, 0x0000000088c00000|  0%| F|  |TAMS 0x0000000088b00000, 0x0000000088b00000| Untracked 
| 122|0x0000000088c00000, 0x0000000088c00000, 0x0000000088d00000|  0%| F|  |TAMS 0x0000000088c00000, 0x0000000088c00000| Untracked 
| 123|0x0000000088d00000, 0x0000000088d00000, 0x0000000088e00000|  0%| F|  |TAMS 0x0000000088d00000, 0x0000000088d00000| Untracked 
| 124|0x0000000088e00000, 0x0000000088e00000, 0x0000000088f00000|  0%| F|  |TAMS 0x0000000088e00000, 0x0000000088e00000| Untracked 
| 125|0x0000000088f00000, 0x0000000088f00000, 0x0000000089000000|  0%| F|  |TAMS 0x0000000088f00000, 0x0000000088f00000| Untracked 
| 126|0x0000000089000000, 0x00000000890b6bd0, 0x0000000089100000| 71%| S|CS|TAMS 0x0000000089000000, 0x0000000089000000| Complete 
| 127|0x0000000089100000, 0x0000000089200000, 0x0000000089200000|100%| E|  |TAMS 0x0000000089100000, 0x0000000089100000| Complete 

Card table byte_map: [0x000001cb534f0000,0x000001cb538f0000] _byte_map_base: 0x000001cb530e7000

Marking Bits (Prev, Next): (CMBitMap*) 0x000001cb3c81a980, (CMBitMap*) 0x000001cb3c81a940
 Prev Bits: [0x000001cb55cb0000, 0x000001cb57c68000)
 Next Bits: [0x000001cb53cf0000, 0x000001cb55ca8000)

Polling page: 0x000001cb3a950000

Metaspace:

Usage:
  Non-class:      6.29 MB used.
      Class:    727.54 KB used.
       Both:      7.00 MB used.

Virtual space:
  Non-class space:       64.00 MB reserved,       6.38 MB ( 10%) committed,  1 nodes.
      Class space:        1.00 GB reserved,     832.00 KB ( <1%) committed,  1 nodes.
             Both:        1.06 GB reserved,       7.19 MB ( <1%) committed. 

Chunk freelists:
   Non-Class:  1.00 MB
       Class:  3.24 MB
        Both:  4.24 MB

MaxMetaspaceSize: unlimited
CompressedClassSpaceSize: 1.00 GB
Initial GC threshold: 21.00 MB
Current GC threshold: 21.00 MB
CDS: on
MetaspaceReclaimPolicy: balanced
 - commit_granule_bytes: 65536.
 - commit_granule_words: 8192.
 - virtual_space_node_default_size: 8388608.
 - enlarge_chunks_in_place: 1.
 - new_chunks_are_fully_committed: 0.
 - uncommit_free_chunks: 1.
 - use_allocation_guard: 0.


Internal statistics:

num_allocs_failed_limit: 0.
num_arena_births: 134.
num_arena_deaths: 0.
num_vsnodes_births: 2.
num_vsnodes_deaths: 0.
num_space_committed: 115.
num_space_uncommitted: 0.
num_chunks_returned_to_freelist: 0.
num_chunks_taken_from_freelist: 185.
num_chunk_merges: 0.
num_chunk_splits: 103.
num_chunks_enlarged: 28.
num_inconsistent_stats: 0.

CodeHeap 'non-profiled nmethods': size=120000Kb used=363Kb max_used=363Kb free=119636Kb
 bounds [0x000001cb4bbc0000, 0x000001cb4be30000, 0x000001cb530f0000]
CodeHeap 'profiled nmethods': size=120000Kb used=2197Kb max_used=2197Kb free=117802Kb
 bounds [0x000001cb44690000, 0x000001cb44900000, 0x000001cb4bbc0000]
CodeHeap 'non-nmethods': size=5760Kb used=1269Kb max_used=1283Kb free=4491Kb
 bounds [0x000001cb440f0000, 0x000001cb44360000, 0x000001cb44690000]
 total_blobs=1884 nmethods=1301 adapters=496
 compilation: enabled
              stopped_count=0, restarted_count=0
 full_count=0

Compilation events (20 events):
Event: 2.624 Thread 0x000001cb5a10dc00 nmethod 1293 0x000001cb448a9590 code [0x000001cb448a9780, 0x000001cb448a9eb8]
Event: 2.629 Thread 0x000001cb5a10dc00 1294       3       java.awt.EventQueue$5::<init> (15 bytes)
Event: 2.629 Thread 0x000001cb5a10dc00 nmethod 1294 0x000001cb448aa090 code [0x000001cb448aa240, 0x000001cb448aa458]
Event: 2.629 Thread 0x000001cb5a10dc00 1295       3       java.awt.EventQueue$5::run (5 bytes)
Event: 2.630 Thread 0x000001cb5a10dc00 nmethod 1295 0x000001cb448aa510 code [0x000001cb448aa760, 0x000001cb448aaea8]
Event: 2.630 Thread 0x000001cb5a10dc00 1296       3       java.awt.EventQueue$5::run (19 bytes)
Event: 2.630 Thread 0x000001cb5a10dc00 nmethod 1296 0x000001cb448ab190 code [0x000001cb448ab3c0, 0x000001cb448abaa8]
Event: 2.636 Thread 0x000001cb5a10dc00 1297       3       sun.awt.windows.WComponentPeer::postEvent (17 bytes)
Event: 2.637 Thread 0x000001cb5a10dc00 nmethod 1297 0x000001cb448abd90 code [0x000001cb448abf80, 0x000001cb448ac5d8]
Event: 2.637 Thread 0x000001cb5a10dc00 1298       3       sun.awt.windows.WWindowPeer::preprocessPostEvent (72 bytes)
Event: 2.638 Thread 0x000001cb5a10dc00 nmethod 1298 0x000001cb448ac810 code [0x000001cb448aca20, 0x000001cb448ad5a8]
Event: 2.638 Thread 0x000001cb5a10dc00 1300       3       sun.awt.SunToolkit::isTouchKeyboardAutoShowEnabled (4 bytes)
Event: 2.638 Thread 0x000001cb5a10dc00 nmethod 1300 0x000001cb448ad810 code [0x000001cb448ad9a0, 0x000001cb448ada98]
Event: 2.638 Thread 0x000001cb5a10dc00 1299       1       java.awt.Window::isRecursivelyVisible (5 bytes)
Event: 2.638 Thread 0x000001cb5a10dc00 nmethod 1299 0x000001cb4bc1ab90 code [0x000001cb4bc1ad20, 0x000001cb4bc1adf8]
Event: 2.641 Thread 0x000001cb5a10dc00 1301   !   3       java.awt.KeyboardFocusManager::retargetFocusEvent (244 bytes)
Event: 2.644 Thread 0x000001cb5a10dc00 nmethod 1301 0x000001cb448adb10 code [0x000001cb448ae040, 0x000001cb448b1398]
Event: 2.644 Thread 0x000001cb5a10dc00 1302   !   3       java.awt.KeyboardFocusManager::processCurrentLightweightRequests (345 bytes)
Event: 2.646 Thread 0x000001cb5a10dc00 nmethod 1302 0x000001cb448b2290 code [0x000001cb448b26e0, 0x000001cb448b4938]
Event: 2.646 Thread 0x000001cb5a10dc00 1303   !   3       java.awt.DefaultKeyboardFocusManager::dispatchEvent (1621 bytes)

GC Heap History (2 events):
Event: 0.895 GC heap before
{Heap before GC invocations=0 (full 0):
 garbage-first heap   total 131072K, used 19456K [0x0000000081200000, 0x0000000100000000)
  region size 1024K, 13 young (13312K), 0 survivors (0K)
 Metaspace       used 4990K, committed 5184K, reserved 1114112K
  class space    used 510K, committed 640K, reserved 1048576K
}
Event: 0.902 GC heap after
{Heap after GC invocations=1 (full 0):
 garbage-first heap   total 131072K, used 8733K [0x0000000081200000, 0x0000000100000000)
  region size 1024K, 2 young (2048K), 2 survivors (2048K)
 Metaspace       used 4990K, committed 5184K, reserved 1114112K
  class space    used 510K, committed 640K, reserved 1048576K
}

Deoptimization events (20 events):
Event: 0.969 Thread 0x000001cb3c7bc870 DEOPT PACKING pc=0x000001cb4bbf9210 sp=0x000000b9ae2fdaa0
Event: 0.969 Thread 0x000001cb3c7bc870 DEOPT UNPACKING pc=0x000001cb441423a3 sp=0x000000b9ae2fda20 mode 2
Event: 1.028 Thread 0x000001cb5e7da100 DEOPT PACKING pc=0x000001cb4480655e sp=0x000000b9af8ff1b0
Event: 1.028 Thread 0x000001cb5e7da100 DEOPT UNPACKING pc=0x000001cb44142b43 sp=0x000000b9af8fe650 mode 0
Event: 1.278 Thread 0x000001cb5e7dc780 Uncommon trap: trap_request=0xffffffde fr.pc=0x000001cb4bc00d3c relative=0x000000000000027c
Event: 1.278 Thread 0x000001cb5e7dc780 Uncommon trap: reason=class_check action=maybe_recompile pc=0x000001cb4bc00d3c method=java.util.HashMap.getNode(Ljava/lang/Object;)Ljava/util/HashMap$Node; @ 63 c2
Event: 1.278 Thread 0x000001cb5e7dc780 DEOPT PACKING pc=0x000001cb4bc00d3c sp=0x000000b9afdfd5f0
Event: 1.278 Thread 0x000001cb5e7dc780 DEOPT UNPACKING pc=0x000001cb441423a3 sp=0x000000b9afdfd558 mode 2
Event: 1.294 Thread 0x000001cb5e7dc780 Uncommon trap: trap_request=0xffffffde fr.pc=0x000001cb4bc00d3c relative=0x000000000000027c
Event: 1.294 Thread 0x000001cb5e7dc780 Uncommon trap: reason=class_check action=maybe_recompile pc=0x000001cb4bc00d3c method=java.util.HashMap.getNode(Ljava/lang/Object;)Ljava/util/HashMap$Node; @ 63 c2
Event: 1.294 Thread 0x000001cb5e7dc780 DEOPT PACKING pc=0x000001cb4bc00d3c sp=0x000000b9afdfd5f0
Event: 1.294 Thread 0x000001cb5e7dc780 DEOPT UNPACKING pc=0x000001cb441423a3 sp=0x000000b9afdfd558 mode 2
Event: 1.327 Thread 0x000001cb5e7dc780 Uncommon trap: trap_request=0xffffffde fr.pc=0x000001cb4bc00d3c relative=0x000000000000027c
Event: 1.327 Thread 0x000001cb5e7dc780 Uncommon trap: reason=class_check action=maybe_recompile pc=0x000001cb4bc00d3c method=java.util.HashMap.getNode(Ljava/lang/Object;)Ljava/util/HashMap$Node; @ 63 c2
Event: 1.327 Thread 0x000001cb5e7dc780 DEOPT PACKING pc=0x000001cb4bc00d3c sp=0x000000b9afdfd5f0
Event: 1.327 Thread 0x000001cb5e7dc780 DEOPT UNPACKING pc=0x000001cb441423a3 sp=0x000000b9afdfd558 mode 2
Event: 1.359 Thread 0x000001cb5e7dc780 Uncommon trap: trap_request=0xffffffde fr.pc=0x000001cb4bc00d3c relative=0x000000000000027c
Event: 1.359 Thread 0x000001cb5e7dc780 Uncommon trap: reason=class_check action=maybe_recompile pc=0x000001cb4bc00d3c method=java.util.HashMap.getNode(Ljava/lang/Object;)Ljava/util/HashMap$Node; @ 63 c2
Event: 1.359 Thread 0x000001cb5e7dc780 DEOPT PACKING pc=0x000001cb4bc00d3c sp=0x000000b9afdfd5f0
Event: 1.359 Thread 0x000001cb5e7dc780 DEOPT UNPACKING pc=0x000001cb441423a3 sp=0x000000b9afdfd558 mode 2

Classes loaded (20 events):
Event: 1.254 Loading class sun/font/TrueTypeGlyphMapper
Event: 1.255 Loading class sun/font/TrueTypeGlyphMapper done
Event: 1.255 Loading class sun/font/CMap
Event: 1.255 Loading class sun/font/CMap done
Event: 1.255 Loading class sun/font/CMap$NullCMapClass
Event: 1.255 Loading class sun/font/CMap$NullCMapClass done
Event: 1.255 Loading class sun/font/CMap$CMapFormat4
Event: 1.255 Loading class sun/font/CMap$CMapFormat4 done
Event: 1.255 Loading class java/nio/ByteBufferAsCharBufferB
Event: 1.256 Loading class java/nio/ByteBufferAsCharBufferB done
Event: 1.265 Loading class sun/font/FontDesignMetrics$KeyReference
Event: 1.265 Loading class sun/font/FontDesignMetrics$KeyReference done
Event: 1.399 Loading class java/awt/event/MouseEvent$1
Event: 1.399 Loading class sun/awt/AWTAccessor$MouseEventAccessor
Event: 1.399 Loading class sun/awt/AWTAccessor$MouseEventAccessor done
Event: 1.399 Loading class java/awt/event/MouseEvent$1 done
Event: 1.405 Loading class java/awt/Cursor$CursorDisposer
Event: 1.405 Loading class java/awt/Cursor$CursorDisposer done
Event: 1.405 Loading class java/awt/event/MouseWheelEvent
Event: 1.405 Loading class java/awt/event/MouseWheelEvent done

Classes unloaded (0 events):
No events

Classes redefined (0 events):
No events

Internal exceptions (20 events):
Event: 0.383 Thread 0x000001cb3c7bc870 Exception <a 'java/lang/NoSuchMethodError'{0x0000000088e8e440}: 'java.lang.Object java.lang.invoke.DirectMethodHandle$Holder.invokeInterface(java.lang.Object, java.lang.Object)'> (0x0000000088e8e440) 
thrown [s\open\src\hotspot\share\interpreter\linkResolver.cpp, line 759]
Event: 0.384 Thread 0x000001cb3c7bc870 Exception <a 'java/lang/IncompatibleClassChangeError'{0x0000000088e91988}: Found class java.lang.Object, but interface was expected> (0x0000000088e91988) 
thrown [s\open\src\hotspot\share\interpreter\linkResolver.cpp, line 826]
Event: 0.385 Thread 0x000001cb3c7bc870 Exception <a 'java/lang/NoSuchMethodError'{0x0000000088e94878}: 'void java.lang.invoke.DirectMethodHandle$Holder.invokeStatic(java.lang.Object, java.lang.Object, java.lang.Object, java.lang.Object)'> (0x0000000088e94878) 
thrown [s\open\src\hotspot\share\interpreter\linkResolver.cpp, line 759]
Event: 0.454 Thread 0x000001cb3c7bc870 Exception <a 'sun/nio/fs/WindowsException'{0x0000000088d37520}> (0x0000000088d37520) 
thrown [s\open\src\hotspot\share\prims\jni.cpp, line 516]
Event: 0.459 Thread 0x000001cb3c7bc870 Exception <a 'java/lang/ClassNotFoundException'{0x0000000088d3d3e0}: sun/awt/resources/spi/awtProvider> (0x0000000088d3d3e0) 
thrown [s\open\src\hotspot\share\classfile\systemDictionary.cpp, line 255]
Event: 0.495 Thread 0x000001cb3c7bc870 Exception <a 'java/io/FileNotFoundException'{0x0000000088dabaa8}> (0x0000000088dabaa8) 
thrown [s\open\src\hotspot\share\prims\jni.cpp, line 516]
Event: 0.509 Thread 0x000001cb3c7bc870 Exception <a 'java/io/FileNotFoundException'{0x0000000088dd8a38}> (0x0000000088dd8a38) 
thrown [s\open\src\hotspot\share\prims\jni.cpp, line 516]
Event: 0.569 Thread 0x000001cb3c7bc870 Exception <a 'java/lang/NoSuchMethodError'{0x0000000088c1c8b8}: 'java.lang.Object java.lang.invoke.DirectMethodHandle$Holder.invokeStaticInit(java.lang.Object)'> (0x0000000088c1c8b8) 
thrown [s\open\src\hotspot\share\interpreter\linkResolver.cpp, line 759]
Event: 0.627 Thread 0x000001cb3c7bc870 Exception <a 'java/lang/NoSuchMethodError'{0x0000000088ccef50}: 'java.lang.Object java.lang.invoke.DirectMethodHandle$Holder.newInvokeSpecial(java.lang.Object, java.lang.Object, java.lang.Object, java.lang.Object, java.lang.Object)'> (0x0000000088ccef50) 
thrown [s\open\src\hotspot\share\interpreter\linkResolver.cpp, line 759]
Event: 0.636 Thread 0x000001cb3c7bc870 Exception <a 'java/lang/NoSuchMethodError'{0x0000000088b00f10}: 'java.lang.Object java.lang.invoke.DirectMethodHandle$Holder.invokeStatic(java.lang.Object, int, java.lang.Object)'> (0x0000000088b00f10) 
thrown [s\open\src\hotspot\share\interpreter\linkResolver.cpp, line 759]
Event: 0.675 Thread 0x000001cb3c7bc870 Exception <a 'java/lang/ClassNotFoundException'{0x0000000088bbd170}: com/sun/swing/internal/plaf/metal/resources/spi/metalProvider> (0x0000000088bbd170) 
thrown [s\open\src\hotspot\share\classfile\systemDictionary.cpp, line 255]
Event: 0.676 Thread 0x000001cb3c7bc870 Exception <a 'java/lang/ClassNotFoundException'{0x0000000088bc11a8}: com/sun/swing/internal/plaf/basic/resources/spi/basicProvider> (0x0000000088bc11a8) 
thrown [s\open\src\hotspot\share\classfile\systemDictionary.cpp, line 255]
Event: 0.688 Thread 0x000001cb3c7bc870 Implicit null exception at 0x000001cb4bbd8d2f to 0x000001cb4bbd8efd
Event: 0.694 Thread 0x000001cb3c7bc870 Exception <a 'java/lang/NoSuchMethodError'{0x0000000088be1928}: 'int java.lang.invoke.Invokers$Holder.invokeExact_MT(java.lang.Object, java.lang.Object)'> (0x0000000088be1928) 
thrown [s\open\src\hotspot\share\interpreter\linkResolver.cpp, line 759]
Event: 0.789 Thread 0x000001cb5e7da100 Exception <a 'java/lang/NoSuchMethodError'{0x000000008897aea8}: 'java.lang.Object java.lang.invoke.DirectMethodHandle$Holder.newInvokeSpecial(java.lang.Object, java.lang.Object, java.lang.Object, int, int, int, int, int)'> (0x000000008897aea8) 
thrown [s\open\src\hotspot\share\interpreter\linkResolver.cpp, line 759]
Event: 0.917 Thread 0x000001cb3c7bc870 Implicit null exception at 0x000001cb4bbf40de to 0x000001cb4bbf4a68
Event: 0.951 Thread 0x000001cb3c7bc870 Exception <a 'java/lang/NoSuchMethodError'{0x00000000890ca368}: 'void java.lang.invoke.DirectMethodHandle$Holder.invokeStaticInit(java.lang.Object)'> (0x00000000890ca368) 
thrown [s\open\src\hotspot\share\interpreter\linkResolver.cpp, line 759]
Event: 1.044 Thread 0x000001cb3c7bc870 Exception <a 'sun/nio/fs/WindowsException'{0x0000000088f734a8}> (0x0000000088f734a8) 
thrown [s\open\src\hotspot\share\prims\jni.cpp, line 516]
Event: 1.269 Thread 0x000001cb5e7dc780 Exception <a 'sun/java2d/InvalidPipeException'{0x0000000088ea3db0}: bounds changed> (0x0000000088ea3db0) 
thrown [s\open\src\hotspot\share\prims\jni.cpp, line 535]
Event: 1.274 Thread 0x000001cb5e7dc780 Exception <a 'sun/java2d/InvalidPipeException'{0x0000000088ea43e0}: bounds changed> (0x0000000088ea43e0) 
thrown [s\open\src\hotspot\share\prims\jni.cpp, line 535]

VM Operations (14 events):
Event: 0.266 Executing VM operation: HandshakeAllThreads
Event: 0.266 Executing VM operation: HandshakeAllThreads done
Event: 0.377 Executing VM operation: HandshakeAllThreads
Event: 0.377 Executing VM operation: HandshakeAllThreads done
Event: 0.767 Executing VM operation: HandshakeAllThreads
Event: 0.768 Executing VM operation: HandshakeAllThreads done
Event: 0.895 Executing VM operation: G1CollectForAllocation
Event: 0.902 Executing VM operation: G1CollectForAllocation done
Event: 0.937 Executing VM operation: HandshakeAllThreads
Event: 0.937 Executing VM operation: HandshakeAllThreads done
Event: 1.088 Executing VM operation: HandshakeAllThreads
Event: 1.088 Executing VM operation: HandshakeAllThreads done
Event: 2.095 Executing VM operation: Cleanup
Event: 2.097 Executing VM operation: Cleanup done

Events (20 events):
Event: 0.073 Thread 0x000001cb5a10dc00 Thread added: 0x000001cb5a10dc00
Event: 0.073 Thread 0x000001cb5a1284f0 Thread added: 0x000001cb5a1284f0
Event: 0.139 Thread 0x000001cb5e483fe0 Thread added: 0x000001cb5e483fe0
Event: 0.155 Loaded shared library C:\Program Files\Java\jdk-18.0.2.1\bin\net.dll
Event: 0.159 Loaded shared library C:\Program Files\Java\jdk-18.0.2.1\bin\nio.dll
Event: 0.264 Loaded shared library C:\Program Files\Java\jdk-18.0.2.1\bin\zip.dll
Event: 0.308 Thread 0x000001cb5e533f00 Thread added: 0x000001cb5e533f00
Event: 0.416 Thread 0x000001cb5e810060 Thread added: 0x000001cb5e810060
Event: 0.446 Loaded shared library C:\Program Files\Java\jdk-18.0.2.1\bin\jimage.dll
Event: 0.473 Loaded shared library C:\Program Files\Java\jdk-18.0.2.1\bin\awt.dll
Event: 0.570 Thread 0x000001cb5e7dcc50 Thread added: 0x000001cb5e7dcc50
Event: 0.572 Thread 0x000001cb5e7d9760 Thread added: 0x000001cb5e7d9760
Event: 0.573 Thread 0x000001cb5e533f00 Thread exited: 0x000001cb5e533f00
Event: 0.573 Thread 0x000001cb5e7daaa0 Thread added: 0x000001cb5e7daaa0
Event: 0.703 Thread 0x000001cb5e7da100 Thread added: 0x000001cb5e7da100
Event: 0.787 Loaded shared library C:\Program Files\Java\jdk-18.0.2.1\bin\javajpeg.dll
Event: 0.917 Thread 0x000001cb5e7da5d0 Thread added: 0x000001cb5e7da5d0
Event: 0.931 Thread 0x000001cb5e7dc780 Thread added: 0x000001cb5e7dc780
Event: 0.955 Loaded shared library C:\Program Files\Java\jdk-18.0.2.1\bin\freetype.dll
Event: 0.957 Loaded shared library C:\Program Files\Java\jdk-18.0.2.1\bin\fontmanager.dll


Dynamic libraries:
0x00007ff6d4830000 - 0x00007ff6d4840000 	C:\Program Files\Java\jdk-18.0.2.1\bin\javaw.exe
0x00007fff5d070000 - 0x00007fff5d268000 	C:\WINDOWS\SYSTEM32\ntdll.dll
0x00007fff5cae0000 - 0x00007fff5cb9d000 	C:\WINDOWS\System32\KERNEL32.DLL
0x00007fff5a7e0000 - 0x00007fff5aad6000 	C:\WINDOWS\System32\KERNELBASE.dll
0x00007fff5af20000 - 0x00007fff5b020000 	C:\WINDOWS\System32\ucrtbase.dll
0x00007fff14210000 - 0x00007fff14228000 	C:\Program Files\Java\jdk-18.0.2.1\bin\jli.dll
0x00007fff5c2a0000 - 0x00007fff5c353000 	C:\WINDOWS\System32\ADVAPI32.dll
0x00007fff5c360000 - 0x00007fff5c3fe000 	C:\WINDOWS\System32\msvcrt.dll
0x00007fff5c070000 - 0x00007fff5c10f000 	C:\WINDOWS\System32\sechost.dll
0x00007fff5c9b0000 - 0x00007fff5cad6000 	C:\WINDOWS\System32\RPCRT4.dll
0x00007fff5a740000 - 0x00007fff5a767000 	C:\WINDOWS\System32\bcrypt.dll
0x00007fff5bc80000 - 0x00007fff5be1e000 	C:\WINDOWS\System32\USER32.dll
0x00007fff5aef0000 - 0x00007fff5af12000 	C:\WINDOWS\System32\win32u.dll
0x00007fff174f0000 - 0x00007fff1750a000 	C:\Program Files\Java\jdk-18.0.2.1\bin\VCRUNTIME140.dll
0x00007fff5ccc0000 - 0x00007fff5ccec000 	C:\WINDOWS\System32\GDI32.dll
0x00007fff5ab70000 - 0x00007fff5ac8a000 	C:\WINDOWS\System32\gdi32full.dll
0x00007fff5b020000 - 0x00007fff5b0bd000 	C:\WINDOWS\System32\msvcp_win.dll
0x00007fff4f240000 - 0x00007fff4f4da000 	C:\WINDOWS\WinSxS\amd64_microsoft.windows.common-controls_6595b64144ccf1df_6.0.19041.3636_none_60b6a03d71f818d5\COMCTL32.dll
0x00007fff4acf0000 - 0x00007fff4acfa000 	C:\WINDOWS\SYSTEM32\VERSION.dll
0x00007fff5c040000 - 0x00007fff5c070000 	C:\WINDOWS\System32\IMM32.DLL
0x00007fff561e0000 - 0x00007fff561ec000 	C:\Program Files\Java\jdk-18.0.2.1\bin\vcruntime140_1.dll
0x00007fff13b30000 - 0x00007fff13bbd000 	C:\Program Files\Java\jdk-18.0.2.1\bin\msvcp140.dll
0x00007ffefddd0000 - 0x00007ffefe9e1000 	C:\Program Files\Java\jdk-18.0.2.1\bin\server\jvm.dll
0x00007fff5c110000 - 0x00007fff5c118000 	C:\WINDOWS\System32\PSAPI.DLL
0x00007fff55820000 - 0x00007fff55847000 	C:\WINDOWS\SYSTEM32\WINMM.dll
0x00007fff56090000 - 0x00007fff56099000 	C:\WINDOWS\SYSTEM32\WSOCK32.dll
0x00007fff5c230000 - 0x00007fff5c29b000 	C:\WINDOWS\System32\WS2_32.dll
0x00007fff585f0000 - 0x00007fff58602000 	C:\WINDOWS\SYSTEM32\kernel.appcore.dll
0x00007fff52c00000 - 0x00007fff52c0a000 	C:\Program Files\Java\jdk-18.0.2.1\bin\jimage.dll
0x00007fff497b0000 - 0x00007fff49994000 	C:\WINDOWS\SYSTEM32\DBGHELP.DLL
0x00007fff49770000 - 0x00007fff497a4000 	C:\WINDOWS\SYSTEM32\dbgcore.DLL
0x00007fff5aae0000 - 0x00007fff5ab62000 	C:\WINDOWS\System32\bcryptPrimitives.dll
0x00007fff13ff0000 - 0x00007fff14015000 	C:\Program Files\Java\jdk-18.0.2.1\bin\java.dll
0x00007fff13a50000 - 0x00007fff13b26000 	C:\Program Files\Java\jdk-18.0.2.1\bin\jsvml.dll
0x00007fff5b0c0000 - 0x00007fff5b805000 	C:\WINDOWS\System32\SHELL32.dll
0x00007fff587f0000 - 0x00007fff58f8b000 	C:\WINDOWS\SYSTEM32\windows.storage.dll
0x00007fff5c640000 - 0x00007fff5c994000 	C:\WINDOWS\System32\combase.dll
0x00007fff5a100000 - 0x00007fff5a12d000 	C:\WINDOWS\SYSTEM32\Wldp.dll
0x00007fff5c120000 - 0x00007fff5c1cd000 	C:\WINDOWS\System32\SHCORE.dll
0x00007fff5c1d0000 - 0x00007fff5c225000 	C:\WINDOWS\System32\shlwapi.dll
0x00007fff5a670000 - 0x00007fff5a695000 	C:\WINDOWS\SYSTEM32\profapi.dll
0x00007fff141f0000 - 0x00007fff14203000 	C:\Program Files\Java\jdk-18.0.2.1\bin\net.dll
0x00007fff4dbe0000 - 0x00007fff4dcea000 	C:\WINDOWS\SYSTEM32\WINHTTP.dll
0x00007fff59e60000 - 0x00007fff59eca000 	C:\WINDOWS\system32\mswsock.dll
0x00007fff13fd0000 - 0x00007fff13fe6000 	C:\Program Files\Java\jdk-18.0.2.1\bin\nio.dll
0x00007fff13fb0000 - 0x00007fff13fc8000 	C:\Program Files\Java\jdk-18.0.2.1\bin\zip.dll
0x00007fff12350000 - 0x00007fff124df000 	C:\Program Files\Java\jdk-18.0.2.1\bin\awt.dll
0x00007fff5bee0000 - 0x00007fff5bfad000 	C:\WINDOWS\System32\OLEAUT32.dll
0x00007fff58020000 - 0x00007fff580b0000 	C:\WINDOWS\SYSTEM32\apphelp.dll
0x00007fff58300000 - 0x00007fff5832f000 	C:\WINDOWS\system32\DWMAPI.DLL
0x00007fff58220000 - 0x00007fff582be000 	C:\WINDOWS\system32\uxtheme.dll
0x00007fff402a0000 - 0x00007fff403c5000 	C:\WINDOWS\system32\opengl32.dll
0x00007fff42190000 - 0x00007fff421bc000 	C:\WINDOWS\SYSTEM32\GLU32.dll
0x00007fff5cba0000 - 0x00007fff5ccb4000 	C:\WINDOWS\System32\MSCTF.dll
0x00007fff5cd50000 - 0x00007fff5ce7b000 	C:\WINDOWS\System32\ole32.dll
0x00007fff4f870000 - 0x00007fff4f89d000 	C:\Program Files\Java\jdk-18.0.2.1\bin\javajpeg.dll
0x00007fff4d3c0000 - 0x00007fff4d446000 	C:\Program Files\Java\jdk-18.0.2.1\bin\freetype.dll
0x00007fff122a0000 - 0x00007fff12348000 	C:\Program Files\Java\jdk-18.0.2.1\bin\fontmanager.dll
0x00007fff50cc0000 - 0x00007fff50db9000 	C:\WINDOWS\SYSTEM32\textinputframework.dll
0x00007fff57660000 - 0x00007fff579bb000 	C:\WINDOWS\System32\CoreUIComponents.dll
0x00007fff57d40000 - 0x00007fff57e32000 	C:\WINDOWS\System32\CoreMessaging.dll
0x00007fff598b0000 - 0x00007fff598e3000 	C:\WINDOWS\SYSTEM32\ntmarta.dll
0x00007fff568f0000 - 0x00007fff56a45000 	C:\WINDOWS\SYSTEM32\wintypes.dll
0x00007fff444e0000 - 0x00007fff4458c000 	C:\WINDOWS\SYSTEM32\TextShaping.dll

dbghelp: loaded successfully - version: 4.0.5 - missing functions: none
symbol engine: initialized successfully - sym options: 0x614 - pdb path: .;C:\Program Files\Java\jdk-18.0.2.1\bin;C:\WINDOWS\SYSTEM32;C:\WINDOWS\WinSxS\amd64_microsoft.windows.common-controls_6595b64144ccf1df_6.0.19041.3636_none_60b6a03d71f818d5;C:\Program Files\Java\jdk-18.0.2.1\bin\server

VM Arguments:
jvm_args: -Dfile.encoding=UTF-8 --module-path=C:\Users\Amit\eclipse-workspace\TravelManagementSystem\bin;E:\Tushar Jain\Study Material\Ducat\JAVA\Software\mysql-connector-java-8.0.26.jar;E:\Tushar Jain\Study Material\Ducat\JAVA\Software\New folder\swingx-all-1.6.4.jar\swingx-all-1.6.4.jar -XX:+ShowCodeDetailsInExceptionMessages -Djdk.module.main=TravelManagementSysten 
java_command: TravelManagementSysten/Travel.Management.System.splash
java_class_path (initial): <not set>
Launcher Type: SUN_STANDARD

[Global flags]
     intx CICompilerCount                          = 3                                         {product} {ergonomic}
     uint ConcGCThreads                            = 1                                         {product} {ergonomic}
     uint G1ConcRefinementThreads                  = 4                                         {product} {ergonomic}
   size_t G1HeapRegionSize                         = 1048576                                   {product} {ergonomic}
    uintx GCDrainStackTargetSize                   = 64                                        {product} {ergonomic}
   size_t InitialHeapSize                          = 134217728                                 {product} {ergonomic}
   size_t MarkStackSize                            = 4194304                                   {product} {ergonomic}
   size_t MaxHeapSize                              = 2128609280                                {product} {ergonomic}
   size_t MaxNewSize                               = 1277165568                                {product} {ergonomic}
   size_t MinHeapDeltaBytes                        = 1048576                                   {product} {ergonomic}
   size_t MinHeapSize                              = 8388608                                   {product} {ergonomic}
    uintx NonNMethodCodeHeapSize                   = 5832780                                {pd product} {ergonomic}
    uintx NonProfiledCodeHeapSize                  = 122912730                              {pd product} {ergonomic}
    uintx ProfiledCodeHeapSize                     = 122912730                              {pd product} {ergonomic}
    uintx ReservedCodeCacheSize                    = 251658240                              {pd product} {ergonomic}
     bool SegmentedCodeCache                       = true                                      {product} {ergonomic}
     bool ShowCodeDetailsInExceptionMessages       = true                                   {manageable} {command line}
   size_t SoftMaxHeapSize                          = 2128609280                             {manageable} {ergonomic}
     bool UseCompressedClassPointers               = true                           {product lp64_product} {ergonomic}
     bool UseCompressedOops                        = true                           {product lp64_product} {ergonomic}
     bool UseG1GC                                  = true                                      {product} {ergonomic}
     bool UseLargePagesIndividualAllocation        = false                                  {pd product} {ergonomic}

Logging:
Log output configuration:
 #0: stdout all=warning uptime,level,tags foldmultilines=false
 #1: stderr all=off uptime,level,tags foldmultilines=false

Environment Variables:
PATH=C:\Program Files\Common Files\Oracle\Java\javapath;C:\WINDOWS\system32;C:\WINDOWS;C:\WINDOWS\System32\Wbem;C:\WINDOWS\System32\WindowsPowerShell\v1.0\;C:\WINDOWS\System32\OpenSSH\;C:\Program Files\Java\jdk-18.0.2.1\bin;C:\Users\Amit\AppData\Local\Microsoft\WindowsApps;C:\Program Files\JetBrains\IntelliJ IDEA Community Edition 2022.2.3\bin;;C:\Program Files\CodeBlocks\MinGW\bin;;C:\Users\Amit\AppData\Local\Programs\Microsoft VS Code\bin
USERNAME=Amit
OS=Windows_NT
PROCESSOR_IDENTIFIER=Intel64 Family 6 Model 61 Stepping 4, GenuineIntel



---------------  S Y S T E M  ---------------

OS:
 Windows 10 , 64 bit Build 19041 (10.0.19041.3636)
OS uptime: 3 days 5:01 hours

CPU: total 4 (initial active 4) (2 cores per cpu, 2 threads per core) family 6 model 61 stepping 4 microcode 0x2d, cx8, cmov, fxsr, ht, mmx, 3dnowpref, sse, sse2, sse3, ssse3, sse4.1, sse4.2, popcnt, lzcnt, tsc, tscinvbit, avx, avx2, aes, erms, clmul, bmi1, bmi2, adx, fma, vzeroupper, clflush

Memory: 4k page, system-wide physical 8112M (393M free)
TotalPageFile size 27301M (AvailPageFile size 2M)
current process WorkingSet (physical memory assigned to process): 121M, peak: 121M
current process commit charge ("private bytes"): 216M, peak: 216M

vm_info: Java HotSpot(TM) 64-Bit Server VM (18.0.2.1+1-1) for windows-amd64 JRE (18.0.2.1+1-1), built on Aug 16 2022 01:46:33 by "mach5one" with MS VC++ 16.8 / 16.9 (VS2019)

END.
